2026-01-17T19:49:12.471281Z  INFO tailwindcss_oxide::scanner: Provided sources:
2026-01-17T19:49:12.471390Z  INFO tailwindcss_oxide::scanner: Source: PublicSourceEntry { base: "/Users/zachmcnair/repos/think/think-marketplace", pattern: "**/*", negated: false }
2026-01-17T19:49:12.471519Z  INFO tailwindcss_oxide::scanner: Optimized sources:
2026-01-17T19:49:12.471526Z  INFO tailwindcss_oxide::scanner: Source: Auto { base: "/Users/zachmcnair/repos/think/think-marketplace" }
2026-01-17T19:49:12.472804Z  INFO scan_sources: tailwindcss_oxide::scanner: enter
2026-01-17T19:49:12.473333Z  INFO scan_sources: tailwindcss_oxide::scanner: Discovering "/Users/zachmcnair/repos/think/think-marketplace/postcss.config.mjs"
2026-01-17T19:49:12.473462Z  INFO scan_sources: tailwindcss_oxide::scanner: Discovering "/Users/zachmcnair/repos/think/think-marketplace/README.md"
2026-01-17T19:49:12.473495Z  INFO scan_sources: tailwindcss_oxide::scanner: Discovering "/Users/zachmcnair/repos/think/think-marketplace/public"
2026-01-17T19:49:12.473543Z  INFO scan_sources: tailwindcss_oxide::scanner: Discovering "/Users/zachmcnair/repos/think/think-marketplace/public/thinkos-grey.svg"
2026-01-17T19:49:12.473559Z  INFO scan_sources: tailwindcss_oxide::scanner: Discovering "/Users/zachmcnair/repos/think/think-marketplace/public/file.svg"
2026-01-17T19:49:12.473575Z  INFO scan_sources: tailwindcss_oxide::scanner: Discovering "/Users/zachmcnair/repos/think/think-marketplace/public/think-directory-homepage-copy.html"
2026-01-17T19:49:12.473589Z  INFO scan_sources: tailwindcss_oxide::scanner: Discovering "/Users/zachmcnair/repos/think/think-marketplace/public/think-brainfist-light-mode.svg"
2026-01-17T19:49:12.473602Z  INFO scan_sources: tailwindcss_oxide::scanner: Discovering "/Users/zachmcnair/repos/think/think-marketplace/public/think-brainfist-darkmode-mode.svg"
2026-01-17T19:49:12.473617Z  INFO scan_sources: tailwindcss_oxide::scanner: Discovering "/Users/zachmcnair/repos/think/think-marketplace/public/think-marketplace-wordmark-light-mode.svg"
2026-01-17T19:49:12.473632Z  INFO scan_sources: tailwindcss_oxide::scanner: Discovering "/Users/zachmcnair/repos/think/think-marketplace/public/vercel.svg"
2026-01-17T19:49:12.473646Z  INFO scan_sources: tailwindcss_oxide::scanner: Discovering "/Users/zachmcnair/repos/think/think-marketplace/public/next.svg"
2026-01-17T19:49:12.473659Z  INFO scan_sources: tailwindcss_oxide::scanner: Discovering "/Users/zachmcnair/repos/think/think-marketplace/public/globe.svg"
2026-01-17T19:49:12.473672Z  INFO scan_sources: tailwindcss_oxide::scanner: Discovering "/Users/zachmcnair/repos/think/think-marketplace/public/window.svg"
2026-01-17T19:49:12.473684Z  INFO scan_sources: tailwindcss_oxide::scanner: Discovering "/Users/zachmcnair/repos/think/think-marketplace/public/think-marketplace-wordmark-dark-mode.svg"
2026-01-17T19:49:12.473698Z  INFO scan_sources: tailwindcss_oxide::scanner: Discovering "/Users/zachmcnair/repos/think/think-marketplace/public/think-marketplace-wordmark-dark-mode-white.svg"
2026-01-17T19:49:12.473732Z  INFO scan_sources: tailwindcss_oxide::scanner: Discovering "/Users/zachmcnair/repos/think/think-marketplace/package.json"
2026-01-17T19:49:12.473746Z  INFO scan_sources: tailwindcss_oxide::scanner: Discovering "/Users/zachmcnair/repos/think/think-marketplace/components.json"
2026-01-17T19:49:12.473758Z  INFO scan_sources: tailwindcss_oxide::scanner: Discovering "/Users/zachmcnair/repos/think/think-marketplace/tsconfig.json"
2026-01-17T19:49:12.473799Z  INFO scan_sources: tailwindcss_oxide::scanner: Discovering "/Users/zachmcnair/repos/think/think-marketplace/eslint.config.mjs"
2026-01-17T19:49:12.473813Z  INFO scan_sources: tailwindcss_oxide::scanner: Discovering "/Users/zachmcnair/repos/think/think-marketplace/next.config.ts"
2026-01-17T19:49:12.473842Z  INFO scan_sources: tailwindcss_oxide::scanner: Discovering "/Users/zachmcnair/repos/think/think-marketplace/src"
2026-01-17T19:49:12.473885Z  INFO scan_sources: tailwindcss_oxide::scanner: Discovering "/Users/zachmcnair/repos/think/think-marketplace/src/types"
2026-01-17T19:49:12.473931Z  INFO scan_sources: tailwindcss_oxide::scanner: Discovering "/Users/zachmcnair/repos/think/think-marketplace/src/types/index.ts"
2026-01-17T19:49:12.473961Z  INFO scan_sources: tailwindcss_oxide::scanner: Discovering "/Users/zachmcnair/repos/think/think-marketplace/src/app"
2026-01-17T19:49:12.474003Z  INFO scan_sources: tailwindcss_oxide::scanner: Discovering "/Users/zachmcnair/repos/think/think-marketplace/src/app/submit"
2026-01-17T19:49:12.474033Z  INFO scan_sources: tailwindcss_oxide::scanner: Discovering "/Users/zachmcnair/repos/think/think-marketplace/src/app/submit/page.tsx"
2026-01-17T19:49:12.474046Z  INFO scan_sources: tailwindcss_oxide::scanner: Discovering "/Users/zachmcnair/repos/think/think-marketplace/src/app/icon.svg"
2026-01-17T19:49:12.474073Z  INFO scan_sources: tailwindcss_oxide::scanner: Discovering "/Users/zachmcnair/repos/think/think-marketplace/src/app/about"
2026-01-17T19:49:12.474097Z  INFO scan_sources: tailwindcss_oxide::scanner: Discovering "/Users/zachmcnair/repos/think/think-marketplace/src/app/about/page.tsx"
2026-01-17T19:49:12.474110Z  INFO scan_sources: tailwindcss_oxide::scanner: Discovering "/Users/zachmcnair/repos/think/think-marketplace/src/app/layout.tsx"
2026-01-17T19:49:12.474138Z  INFO scan_sources: tailwindcss_oxide::scanner: Discovering "/Users/zachmcnair/repos/think/think-marketplace/src/app/browse"
2026-01-17T19:49:12.474163Z  INFO scan_sources: tailwindcss_oxide::scanner: Discovering "/Users/zachmcnair/repos/think/think-marketplace/src/app/browse/page.tsx"
2026-01-17T19:49:12.474190Z  INFO scan_sources: tailwindcss_oxide::scanner: Discovering "/Users/zachmcnair/repos/think/think-marketplace/src/app/listing"
2026-01-17T19:49:12.474231Z  INFO scan_sources: tailwindcss_oxide::scanner: Discovering "/Users/zachmcnair/repos/think/think-marketplace/src/app/listing/[slug]"
2026-01-17T19:49:12.474255Z  INFO scan_sources: tailwindcss_oxide::scanner: Discovering "/Users/zachmcnair/repos/think/think-marketplace/src/app/listing/[slug]/page.tsx"
2026-01-17T19:49:12.474284Z  INFO scan_sources: tailwindcss_oxide::scanner: Discovering "/Users/zachmcnair/repos/think/think-marketplace/src/app/builder"
2026-01-17T19:49:12.474322Z  INFO scan_sources: tailwindcss_oxide::scanner: Discovering "/Users/zachmcnair/repos/think/think-marketplace/src/app/builder/[slug]"
2026-01-17T19:49:12.474344Z  INFO scan_sources: tailwindcss_oxide::scanner: Discovering "/Users/zachmcnair/repos/think/think-marketplace/src/app/builder/[slug]/page.tsx"
2026-01-17T19:49:12.474357Z  INFO scan_sources: tailwindcss_oxide::scanner: Discovering "/Users/zachmcnair/repos/think/think-marketplace/src/app/page.tsx"
2026-01-17T19:49:12.474370Z  INFO scan_sources: tailwindcss_oxide::scanner: Discovering "/Users/zachmcnair/repos/think/think-marketplace/src/app/globals.css"
2026-01-17T19:49:12.474383Z  INFO scan_sources: tailwindcss_oxide::scanner: Discovering "/Users/zachmcnair/repos/think/think-marketplace/src/app/not-found.tsx"
2026-01-17T19:49:12.474410Z  INFO scan_sources: tailwindcss_oxide::scanner: Discovering "/Users/zachmcnair/repos/think/think-marketplace/src/components"
2026-01-17T19:49:12.474437Z  INFO scan_sources: tailwindcss_oxide::scanner: Discovering "/Users/zachmcnair/repos/think/think-marketplace/src/components/theme-provider.tsx"
2026-01-17T19:49:12.474463Z  INFO scan_sources: tailwindcss_oxide::scanner: Discovering "/Users/zachmcnair/repos/think/think-marketplace/src/components/ui"
2026-01-17T19:49:12.474494Z  INFO scan_sources: tailwindcss_oxide::scanner: Discovering "/Users/zachmcnair/repos/think/think-marketplace/src/components/ui/tabs.tsx"
2026-01-17T19:49:12.474505Z  INFO scan_sources: tailwindcss_oxide::scanner: Discovering "/Users/zachmcnair/repos/think/think-marketplace/src/components/ui/card.tsx"
2026-01-17T19:49:12.474516Z  INFO scan_sources: tailwindcss_oxide::scanner: Discovering "/Users/zachmcnair/repos/think/think-marketplace/src/components/ui/sheet.tsx"
2026-01-17T19:49:12.474527Z  INFO scan_sources: tailwindcss_oxide::scanner: Discovering "/Users/zachmcnair/repos/think/think-marketplace/src/components/ui/label.tsx"
2026-01-17T19:49:12.474544Z  INFO scan_sources: tailwindcss_oxide::scanner: Discovering "/Users/zachmcnair/repos/think/think-marketplace/src/components/ui/command.tsx"
2026-01-17T19:49:12.474555Z  INFO scan_sources: tailwindcss_oxide::scanner: Discovering "/Users/zachmcnair/repos/think/think-marketplace/src/components/ui/avatar.tsx"
2026-01-17T19:49:12.474566Z  INFO scan_sources: tailwindcss_oxide::scanner: Discovering "/Users/zachmcnair/repos/think/think-marketplace/src/components/ui/dialog.tsx"
2026-01-17T19:49:12.474576Z  INFO scan_sources: tailwindcss_oxide::scanner: Discovering "/Users/zachmcnair/repos/think/think-marketplace/src/components/ui/badge.tsx"
2026-01-17T19:49:12.474587Z  INFO scan_sources: tailwindcss_oxide::scanner: Discovering "/Users/zachmcnair/repos/think/think-marketplace/src/components/ui/separator.tsx"
2026-01-17T19:49:12.474598Z  INFO scan_sources: tailwindcss_oxide::scanner: Discovering "/Users/zachmcnair/repos/think/think-marketplace/src/components/ui/button.tsx"
2026-01-17T19:49:12.474609Z  INFO scan_sources: tailwindcss_oxide::scanner: Discovering "/Users/zachmcnair/repos/think/think-marketplace/src/components/ui/dropdown-menu.tsx"
2026-01-17T19:49:12.474620Z  INFO scan_sources: tailwindcss_oxide::scanner: Discovering "/Users/zachmcnair/repos/think/think-marketplace/src/components/ui/select.tsx"
2026-01-17T19:49:12.474630Z  INFO scan_sources: tailwindcss_oxide::scanner: Discovering "/Users/zachmcnair/repos/think/think-marketplace/src/components/ui/textarea.tsx"
2026-01-17T19:49:12.474640Z  INFO scan_sources: tailwindcss_oxide::scanner: Discovering "/Users/zachmcnair/repos/think/think-marketplace/src/components/ui/input.tsx"
2026-01-17T19:49:12.474651Z  INFO scan_sources: tailwindcss_oxide::scanner: Discovering "/Users/zachmcnair/repos/think/think-marketplace/src/components/ui/skeleton.tsx"
2026-01-17T19:49:12.474662Z  INFO scan_sources: tailwindcss_oxide::scanner: Discovering "/Users/zachmcnair/repos/think/think-marketplace/src/components/ui/carousel.tsx"
2026-01-17T19:49:12.474689Z  INFO scan_sources: tailwindcss_oxide::scanner: Discovering "/Users/zachmcnair/repos/think/think-marketplace/src/components/layout"
2026-01-17T19:49:12.474714Z  INFO scan_sources: tailwindcss_oxide::scanner: Discovering "/Users/zachmcnair/repos/think/think-marketplace/src/components/layout/index.tsx"
2026-01-17T19:49:12.474725Z  INFO scan_sources: tailwindcss_oxide::scanner: Discovering "/Users/zachmcnair/repos/think/think-marketplace/src/components/layout/footer.tsx"
2026-01-17T19:49:12.474736Z  INFO scan_sources: tailwindcss_oxide::scanner: Discovering "/Users/zachmcnair/repos/think/think-marketplace/src/components/layout/header.tsx"
2026-01-17T19:49:12.474748Z  INFO scan_sources: tailwindcss_oxide::scanner: Discovering "/Users/zachmcnair/repos/think/think-marketplace/src/components/listing-card.tsx"
2026-01-17T19:49:12.474759Z  INFO scan_sources: tailwindcss_oxide::scanner: Discovering "/Users/zachmcnair/repos/think/think-marketplace/src/components/theme-toggle.tsx"
2026-01-17T19:49:12.474770Z  INFO scan_sources: tailwindcss_oxide::scanner: Discovering "/Users/zachmcnair/repos/think/think-marketplace/src/components/featured-carousel.tsx"
2026-01-17T19:49:12.474797Z  INFO scan_sources: tailwindcss_oxide::scanner: Discovering "/Users/zachmcnair/repos/think/think-marketplace/src/lib"
2026-01-17T19:49:12.474822Z  INFO scan_sources: tailwindcss_oxide::scanner: Discovering "/Users/zachmcnair/repos/think/think-marketplace/src/lib/utils.ts"
2026-01-17T19:49:12.474853Z  INFO scan_sources: tailwindcss_oxide::scanner: Discovering "/Users/zachmcnair/repos/think/think-marketplace/src/lib/supabase"
2026-01-17T19:49:12.474883Z  INFO scan_sources: tailwindcss_oxide::scanner: Discovering "/Users/zachmcnair/repos/think/think-marketplace/src/lib/supabase/schema.sql"
2026-01-17T19:49:12.474895Z  INFO scan_sources: tailwindcss_oxide::scanner: Discovering "/Users/zachmcnair/repos/think/think-marketplace/src/lib/supabase/client.ts"
2026-01-17T19:49:12.474913Z  INFO scan_sources: tailwindcss_oxide::scanner: Discovering "/Users/zachmcnair/repos/think/think-marketplace/src/lib/supabase/server.ts"
2026-01-17T19:49:12.474947Z  INFO scan_sources: tailwindcss_oxide::scanner: Discovering "/Users/zachmcnair/repos/think/think-marketplace/src/lib/data"
2026-01-17T19:49:12.474970Z  INFO scan_sources: tailwindcss_oxide::scanner: Discovering "/Users/zachmcnair/repos/think/think-marketplace/src/lib/data/seed.ts"
2026-01-17T19:49:12.475013Z  INFO scan_sources: tailwindcss_oxide::scanner: exit
2026-01-17T19:49:12.475019Z  INFO extract_candidates: tailwindcss_oxide::scanner: enter
2026-01-17T19:49:12.475025Z  INFO extract_candidates:read_all_files: tailwindcss_oxide::scanner: enter
2026-01-17T19:49:12.475028Z  INFO extract_candidates:read_all_files: tailwindcss_oxide::scanner: Reading 57 file(s)
2026-01-17T19:49:12.476778Z  INFO tailwindcss_oxide::scanner: Reading "/Users/zachmcnair/repos/think/think-marketplace/README.md"
2026-01-17T19:49:12.476841Z  INFO tailwindcss_oxide::scanner: Reading "/Users/zachmcnair/repos/think/think-marketplace/public/think-brainfist-light-mode.svg"
2026-01-17T19:49:12.476861Z  INFO tailwindcss_oxide::scanner: Reading "/Users/zachmcnair/repos/think/think-marketplace/public/thinkos-grey.svg"
2026-01-17T19:49:12.476891Z  INFO tailwindcss_oxide::scanner: Reading "/Users/zachmcnair/repos/think/think-marketplace/public/think-brainfist-darkmode-mode.svg"
2026-01-17T19:49:12.476901Z  INFO tailwindcss_oxide::scanner: Reading "/Users/zachmcnair/repos/think/think-marketplace/public/think-directory-homepage-copy.html"
2026-01-17T19:49:12.476918Z  INFO tailwindcss_oxide::scanner: Reading "/Users/zachmcnair/repos/think/think-marketplace/eslint.config.mjs"
2026-01-17T19:49:12.477262Z  INFO tailwindcss_oxide::scanner: Reading "/Users/zachmcnair/repos/think/think-marketplace/next.config.ts"
2026-01-17T19:49:12.477356Z  INFO tailwindcss_oxide::scanner: Reading "/Users/zachmcnair/repos/think/think-marketplace/src/app/about/page.tsx"
2026-01-17T19:49:12.477465Z  INFO tailwindcss_oxide::scanner: Reading "/Users/zachmcnair/repos/think/think-marketplace/postcss.config.mjs"
2026-01-17T19:49:12.477525Z  INFO tailwindcss_oxide::scanner: Reading "/Users/zachmcnair/repos/think/think-marketplace/src/app/builder/[slug]/page.tsx"
2026-01-17T19:49:12.477561Z  INFO tailwindcss_oxide::scanner: Reading "/Users/zachmcnair/repos/think/think-marketplace/src/app/page.tsx"
2026-01-17T19:49:12.477614Z  INFO tailwindcss_oxide::scanner: Reading "/Users/zachmcnair/repos/think/think-marketplace/src/app/submit/page.tsx"
2026-01-17T19:49:12.477642Z  INFO tailwindcss_oxide::scanner: Reading "/Users/zachmcnair/repos/think/think-marketplace/components.json"
2026-01-17T19:49:12.477669Z  INFO tailwindcss_oxide::scanner: Reading "/Users/zachmcnair/repos/think/think-marketplace/tsconfig.json"
2026-01-17T19:49:12.477798Z  INFO tailwindcss_oxide::scanner: Reading "/Users/zachmcnair/repos/think/think-marketplace/src/app/listing/[slug]/page.tsx"
2026-01-17T19:49:12.477845Z  INFO tailwindcss_oxide::scanner: Reading "/Users/zachmcnair/repos/think/think-marketplace/src/components/listing-card.tsx"
2026-01-17T19:49:12.477919Z  INFO tailwindcss_oxide::scanner: Reading "/Users/zachmcnair/repos/think/think-marketplace/src/components/theme-toggle.tsx"
2026-01-17T19:49:12.477726Z  INFO tailwindcss_oxide::scanner: Reading "/Users/zachmcnair/repos/think/think-marketplace/src/app/not-found.tsx"
2026-01-17T19:49:12.478064Z  INFO tailwindcss_oxide::scanner: Reading "/Users/zachmcnair/repos/think/think-marketplace/src/components/theme-provider.tsx"
2026-01-17T19:49:12.478081Z  INFO tailwindcss_oxide::scanner: Reading "/Users/zachmcnair/repos/think/think-marketplace/src/components/featured-carousel.tsx"
2026-01-17T19:49:12.478105Z  INFO tailwindcss_oxide::scanner: Reading "/Users/zachmcnair/repos/think/think-marketplace/src/components/ui/tabs.tsx"
2026-01-17T19:49:12.478140Z  INFO tailwindcss_oxide::scanner: Reading "/Users/zachmcnair/repos/think/think-marketplace/src/components/ui/card.tsx"
2026-01-17T19:49:12.478169Z  INFO tailwindcss_oxide::scanner: Reading "/Users/zachmcnair/repos/think/think-marketplace/src/components/ui/sheet.tsx"
2026-01-17T19:49:12.478214Z  INFO tailwindcss_oxide::scanner: Reading "/Users/zachmcnair/repos/think/think-marketplace/src/components/ui/label.tsx"
2026-01-17T19:49:12.478259Z  INFO tailwindcss_oxide::scanner: Reading "/Users/zachmcnair/repos/think/think-marketplace/src/components/ui/command.tsx"
2026-01-17T19:49:12.477745Z  INFO tailwindcss_oxide::scanner: Reading "/Users/zachmcnair/repos/think/think-marketplace/public/think-marketplace-wordmark-light-mode.svg"
2026-01-17T19:49:12.477751Z  INFO tailwindcss_oxide::scanner: Reading "/Users/zachmcnair/repos/think/think-marketplace/package.json"
2026-01-17T19:49:12.478318Z  INFO tailwindcss_oxide::scanner: Reading "/Users/zachmcnair/repos/think/think-marketplace/src/lib/utils.ts"
2026-01-17T19:49:12.478342Z  INFO tailwindcss_oxide::scanner: Reading "/Users/zachmcnair/repos/think/think-marketplace/public/globe.svg"
2026-01-17T19:49:12.476934Z  INFO tailwindcss_oxide::scanner: Reading "/Users/zachmcnair/repos/think/think-marketplace/src/app/browse/page.tsx"
2026-01-17T19:49:12.478392Z  INFO tailwindcss_oxide::scanner: Reading "/Users/zachmcnair/repos/think/think-marketplace/public/window.svg"
2026-01-17T19:49:12.478435Z  INFO tailwindcss_oxide::scanner: Reading "/Users/zachmcnair/repos/think/think-marketplace/src/lib/supabase/schema.sql"
2026-01-17T19:49:12.477803Z  INFO tailwindcss_oxide::scanner: Reading "/Users/zachmcnair/repos/think/think-marketplace/src/components/ui/textarea.tsx"
2026-01-17T19:49:12.478480Z  INFO tailwindcss_oxide::scanner: Reading "/Users/zachmcnair/repos/think/think-marketplace/src/components/ui/carousel.tsx"
2026-01-17T19:49:12.478501Z  INFO tailwindcss_oxide::scanner: Reading "/Users/zachmcnair/repos/think/think-marketplace/src/components/ui/input.tsx"
2026-01-17T19:49:12.476935Z  INFO tailwindcss_oxide::scanner: Reading "/Users/zachmcnair/repos/think/think-marketplace/src/types/index.ts"
2026-01-17T19:49:12.476949Z  INFO tailwindcss_oxide::scanner: Reading "/Users/zachmcnair/repos/think/think-marketplace/src/app/icon.svg"
2026-01-17T19:49:12.477950Z  INFO tailwindcss_oxide::scanner: Reading "/Users/zachmcnair/repos/think/think-marketplace/src/app/layout.tsx"
2026-01-17T19:49:12.478296Z  INFO tailwindcss_oxide::scanner: Reading "/Users/zachmcnair/repos/think/think-marketplace/src/components/ui/avatar.tsx"
2026-01-17T19:49:12.478667Z  INFO tailwindcss_oxide::scanner: Reading "/Users/zachmcnair/repos/think/think-marketplace/public/think-marketplace-wordmark-dark-mode-white.svg"
2026-01-17T19:49:12.476778Z  INFO tailwindcss_oxide::scanner: Reading "/Users/zachmcnair/repos/think/think-marketplace/public/file.svg"
2026-01-17T19:49:12.478733Z  INFO tailwindcss_oxide::scanner: Reading "/Users/zachmcnair/repos/think/think-marketplace/src/components/ui/dialog.tsx"
2026-01-17T19:49:12.478765Z  INFO tailwindcss_oxide::scanner: Reading "/Users/zachmcnair/repos/think/think-marketplace/src/components/ui/separator.tsx"
2026-01-17T19:49:12.478776Z  INFO tailwindcss_oxide::scanner: Reading "/Users/zachmcnair/repos/think/think-marketplace/src/components/ui/badge.tsx"
2026-01-17T19:49:12.478803Z  INFO tailwindcss_oxide::scanner: Reading "/Users/zachmcnair/repos/think/think-marketplace/src/components/ui/button.tsx"
2026-01-17T19:49:12.478809Z  INFO tailwindcss_oxide::scanner: Reading "/Users/zachmcnair/repos/think/think-marketplace/public/next.svg"
2026-01-17T19:49:12.478561Z  INFO tailwindcss_oxide::scanner: Reading "/Users/zachmcnair/repos/think/think-marketplace/src/components/layout/index.tsx"
2026-01-17T19:49:12.478840Z  INFO tailwindcss_oxide::scanner: Reading "/Users/zachmcnair/repos/think/think-marketplace/src/components/ui/dropdown-menu.tsx"
2026-01-17T19:49:12.478856Z  INFO tailwindcss_oxide::scanner: Reading "/Users/zachmcnair/repos/think/think-marketplace/src/components/ui/select.tsx"
2026-01-17T19:49:12.478923Z  INFO tailwindcss_oxide::scanner: Reading "/Users/zachmcnair/repos/think/think-marketplace/src/lib/data/seed.ts"
2026-01-17T19:49:12.478346Z  INFO tailwindcss_oxide::scanner: Reading "/Users/zachmcnair/repos/think/think-marketplace/public/vercel.svg"
2026-01-17T19:49:12.478551Z  INFO tailwindcss_oxide::scanner: Reading "/Users/zachmcnair/repos/think/think-marketplace/src/components/ui/skeleton.tsx"
2026-01-17T19:49:12.478450Z  INFO tailwindcss_oxide::scanner: Reading "/Users/zachmcnair/repos/think/think-marketplace/public/think-marketplace-wordmark-dark-mode.svg"
2026-01-17T19:49:12.478555Z  INFO tailwindcss_oxide::scanner: Reading "/Users/zachmcnair/repos/think/think-marketplace/src/lib/supabase/client.ts"
2026-01-17T19:49:12.478558Z  INFO tailwindcss_oxide::scanner: Reading "/Users/zachmcnair/repos/think/think-marketplace/src/lib/supabase/server.ts"
2026-01-17T19:49:12.478829Z  INFO tailwindcss_oxide::scanner: Reading "/Users/zachmcnair/repos/think/think-marketplace/src/components/layout/header.tsx"
2026-01-17T19:49:12.478668Z  INFO tailwindcss_oxide::scanner: Reading "/Users/zachmcnair/repos/think/think-marketplace/src/components/layout/footer.tsx"
2026-01-17T19:49:12.481569Z  INFO extract_candidates:read_all_files: tailwindcss_oxide::scanner: exit
2026-01-17T19:49:12.481609Z  INFO extract_candidates:parse_all_blobs: tailwindcss_oxide::scanner: enter
2026-01-17T19:49:12.481615Z  INFO extract_candidates:parse_all_blobs:extract: tailwindcss_oxide::scanner: enter
2026-01-17T19:49:12.502819Z  INFO extract_candidates:parse_all_blobs:extract: tailwindcss_oxide::scanner: exit
2026-01-17T19:49:12.502894Z  INFO extract_candidates:parse_all_blobs: tailwindcss_oxide::scanner: exit
2026-01-17T19:49:12.502911Z  INFO extract_candidates:read_all_files: tailwindcss_oxide::scanner: enter
2026-01-17T19:49:12.502922Z  INFO extract_candidates:read_all_files: tailwindcss_oxide::scanner: Reading 1 file(s)
2026-01-17T19:49:12.503048Z  INFO extract_candidates:read_all_files: tailwindcss_oxide::scanner: Reading "/Users/zachmcnair/repos/think/think-marketplace/src/app/globals.css"
2026-01-17T19:49:12.503066Z  INFO extract_candidates:read_all_files: tailwindcss_oxide::scanner: exit
2026-01-17T19:49:12.503078Z  INFO extract_candidates:extract_css_variables: tailwindcss_oxide::scanner: enter
2026-01-17T19:49:12.503089Z  INFO extract_candidates:extract_css_variables:extract: tailwindcss_oxide::scanner: enter
2026-01-17T19:49:12.504164Z  INFO extract_candidates:extract_css_variables:extract: tailwindcss_oxide::scanner: exit
2026-01-17T19:49:12.504199Z  INFO extract_candidates:extract_css_variables: tailwindcss_oxide::scanner: exit
2026-01-17T19:49:12.507187Z  INFO extract_candidates: tailwindcss_oxide::scanner: exit
2026-01-17T19:49:12.507756Z  INFO get_files: tailwindcss_oxide::scanner: enter
2026-01-17T19:49:12.508503Z  INFO get_files:scan_sources: tailwindcss_oxide::scanner: enter
2026-01-17T19:49:12.513120Z  INFO get_files:scan_sources: tailwindcss_oxide::scanner: Discovering "/Users/zachmcnair/repos/think/think-marketplace/public"
2026-01-17T19:49:12.513415Z  INFO get_files:scan_sources: tailwindcss_oxide::scanner: Discovering "/Users/zachmcnair/repos/think/think-marketplace/src"
2026-01-17T19:49:12.513472Z  INFO get_files:scan_sources: tailwindcss_oxide::scanner: Discovering "/Users/zachmcnair/repos/think/think-marketplace/src/types"
2026-01-17T19:49:12.513542Z  INFO get_files:scan_sources: tailwindcss_oxide::scanner: Discovering "/Users/zachmcnair/repos/think/think-marketplace/src/app"
2026-01-17T19:49:12.513594Z  INFO get_files:scan_sources: tailwindcss_oxide::scanner: Discovering "/Users/zachmcnair/repos/think/think-marketplace/src/app/submit"
2026-01-17T19:49:12.513687Z  INFO get_files:scan_sources: tailwindcss_oxide::scanner: Discovering "/Users/zachmcnair/repos/think/think-marketplace/src/app/about"
2026-01-17T19:49:12.513790Z  INFO get_files:scan_sources: tailwindcss_oxide::scanner: Discovering "/Users/zachmcnair/repos/think/think-marketplace/src/app/browse"
2026-01-17T19:49:12.513852Z  INFO get_files:scan_sources: tailwindcss_oxide::scanner: Discovering "/Users/zachmcnair/repos/think/think-marketplace/src/app/listing"
2026-01-17T19:49:12.514084Z  INFO get_files:scan_sources: tailwindcss_oxide::scanner: Discovering "/Users/zachmcnair/repos/think/think-marketplace/src/app/listing/[slug]"
2026-01-17T19:49:12.514773Z  INFO get_files:scan_sources: tailwindcss_oxide::scanner: Discovering "/Users/zachmcnair/repos/think/think-marketplace/src/app/builder"
2026-01-17T19:49:12.514871Z  INFO get_files:scan_sources: tailwindcss_oxide::scanner: Discovering "/Users/zachmcnair/repos/think/think-marketplace/src/app/builder/[slug]"
2026-01-17T19:49:12.514951Z  INFO get_files:scan_sources: tailwindcss_oxide::scanner: Discovering "/Users/zachmcnair/repos/think/think-marketplace/src/components"
2026-01-17T19:49:12.515007Z  INFO get_files:scan_sources: tailwindcss_oxide::scanner: Discovering "/Users/zachmcnair/repos/think/think-marketplace/src/components/ui"
2026-01-17T19:49:12.515143Z  INFO get_files:scan_sources: tailwindcss_oxide::scanner: Discovering "/Users/zachmcnair/repos/think/think-marketplace/src/components/layout"
2026-01-17T19:49:12.515225Z  INFO get_files:scan_sources: tailwindcss_oxide::scanner: Discovering "/Users/zachmcnair/repos/think/think-marketplace/src/lib"
2026-01-17T19:49:12.515316Z  INFO get_files:scan_sources: tailwindcss_oxide::scanner: Discovering "/Users/zachmcnair/repos/think/think-marketplace/src/lib/supabase"
2026-01-17T19:49:12.515401Z  INFO get_files:scan_sources: tailwindcss_oxide::scanner: Discovering "/Users/zachmcnair/repos/think/think-marketplace/src/lib/data"
2026-01-17T19:49:12.515564Z  INFO get_files:scan_sources: tailwindcss_oxide::scanner: exit
2026-01-17T19:49:12.515875Z  INFO get_files: tailwindcss_oxide::scanner: exit
2026-01-17T19:49:12.516040Z  INFO get_globs: tailwindcss_oxide::scanner: enter
2026-01-17T19:49:12.516160Z  INFO get_globs:scan_sources: tailwindcss_oxide::scanner: enter
2026-01-17T19:49:12.519908Z  INFO get_globs:scan_sources: tailwindcss_oxide::scanner: Discovering "/Users/zachmcnair/repos/think/think-marketplace/public"
2026-01-17T19:49:12.521187Z  INFO get_globs:scan_sources: tailwindcss_oxide::scanner: Discovering "/Users/zachmcnair/repos/think/think-marketplace/src"
2026-01-17T19:49:12.521448Z  INFO get_globs:scan_sources: tailwindcss_oxide::scanner: Discovering "/Users/zachmcnair/repos/think/think-marketplace/src/types"
2026-01-17T19:49:12.521607Z  INFO get_globs:scan_sources: tailwindcss_oxide::scanner: Discovering "/Users/zachmcnair/repos/think/think-marketplace/src/app"
2026-01-17T19:49:12.521666Z  INFO get_globs:scan_sources: tailwindcss_oxide::scanner: Discovering "/Users/zachmcnair/repos/think/think-marketplace/src/app/submit"
2026-01-17T19:49:12.521726Z  INFO get_globs:scan_sources: tailwindcss_oxide::scanner: Discovering "/Users/zachmcnair/repos/think/think-marketplace/src/app/about"
2026-01-17T19:49:12.521784Z  INFO get_globs:scan_sources: tailwindcss_oxide::scanner: Discovering "/Users/zachmcnair/repos/think/think-marketplace/src/app/browse"
2026-01-17T19:49:12.521834Z  INFO get_globs:scan_sources: tailwindcss_oxide::scanner: Discovering "/Users/zachmcnair/repos/think/think-marketplace/src/app/listing"
2026-01-17T19:49:12.521879Z  INFO get_globs:scan_sources: tailwindcss_oxide::scanner: Discovering "/Users/zachmcnair/repos/think/think-marketplace/src/app/listing/[slug]"
2026-01-17T19:49:12.521930Z  INFO get_globs:scan_sources: tailwindcss_oxide::scanner: Discovering "/Users/zachmcnair/repos/think/think-marketplace/src/app/builder"
2026-01-17T19:49:12.521970Z  INFO get_globs:scan_sources: tailwindcss_oxide::scanner: Discovering "/Users/zachmcnair/repos/think/think-marketplace/src/app/builder/[slug]"
2026-01-17T19:49:12.522034Z  INFO get_globs:scan_sources: tailwindcss_oxide::scanner: Discovering "/Users/zachmcnair/repos/think/think-marketplace/src/components"
2026-01-17T19:49:12.522082Z  INFO get_globs:scan_sources: tailwindcss_oxide::scanner: Discovering "/Users/zachmcnair/repos/think/think-marketplace/src/components/ui"
2026-01-17T19:49:12.522217Z  INFO get_globs:scan_sources: tailwindcss_oxide::scanner: Discovering "/Users/zachmcnair/repos/think/think-marketplace/src/components/layout"
2026-01-17T19:49:12.522292Z  INFO get_globs:scan_sources: tailwindcss_oxide::scanner: Discovering "/Users/zachmcnair/repos/think/think-marketplace/src/lib"
2026-01-17T19:49:12.522347Z  INFO get_globs:scan_sources: tailwindcss_oxide::scanner: Discovering "/Users/zachmcnair/repos/think/think-marketplace/src/lib/supabase"
2026-01-17T19:49:12.522407Z  INFO get_globs:scan_sources: tailwindcss_oxide::scanner: Discovering "/Users/zachmcnair/repos/think/think-marketplace/src/lib/data"
2026-01-17T19:49:12.522459Z  INFO get_globs:scan_sources: tailwindcss_oxide::scanner: exit
2026-01-17T19:49:12.524372Z  INFO get_globs: tailwindcss_oxide::scanner: exit
2026-01-17T19:53:15.144813Z  INFO scan_sources: tailwindcss_oxide::scanner: enter
2026-01-17T19:53:15.145950Z  INFO scan_sources: tailwindcss_oxide::scanner: Discovering "/Users/zachmcnair/repos/think/think-marketplace/public"
2026-01-17T19:53:15.146266Z  INFO scan_sources: tailwindcss_oxide::scanner: Discovering "/Users/zachmcnair/repos/think/think-marketplace/src"
2026-01-17T19:53:15.146353Z  INFO scan_sources: tailwindcss_oxide::scanner: Discovering "/Users/zachmcnair/repos/think/think-marketplace/src/types"
2026-01-17T19:53:15.146434Z  INFO scan_sources: tailwindcss_oxide::scanner: Discovering "/Users/zachmcnair/repos/think/think-marketplace/src/app"
2026-01-17T19:53:15.146499Z  INFO scan_sources: tailwindcss_oxide::scanner: Discovering "/Users/zachmcnair/repos/think/think-marketplace/src/app/submit"
2026-01-17T19:53:15.146572Z  INFO scan_sources: tailwindcss_oxide::scanner: Discovering "/Users/zachmcnair/repos/think/think-marketplace/src/app/about"
2026-01-17T19:53:15.146640Z  INFO scan_sources: tailwindcss_oxide::scanner: Discovering "/Users/zachmcnair/repos/think/think-marketplace/src/app/browse"
2026-01-17T19:53:15.146702Z  INFO scan_sources: tailwindcss_oxide::scanner: Discovering "/Users/zachmcnair/repos/think/think-marketplace/src/app/listing"
2026-01-17T19:53:15.146758Z  INFO scan_sources: tailwindcss_oxide::scanner: Discovering "/Users/zachmcnair/repos/think/think-marketplace/src/app/listing/[slug]"
2026-01-17T19:53:15.146821Z  INFO scan_sources: tailwindcss_oxide::scanner: Discovering "/Users/zachmcnair/repos/think/think-marketplace/src/app/builder"
2026-01-17T19:53:15.146871Z  INFO scan_sources: tailwindcss_oxide::scanner: Discovering "/Users/zachmcnair/repos/think/think-marketplace/src/app/builder/[slug]"
2026-01-17T19:53:15.146907Z  INFO scan_sources: tailwindcss_oxide::scanner: Discovering "/Users/zachmcnair/repos/think/think-marketplace/src/app/page.tsx"
2026-01-17T19:53:15.147063Z  INFO scan_sources: tailwindcss_oxide::scanner: Discovering "/Users/zachmcnair/repos/think/think-marketplace/src/components"
2026-01-17T19:53:15.147130Z  INFO scan_sources: tailwindcss_oxide::scanner: Discovering "/Users/zachmcnair/repos/think/think-marketplace/src/components/ui"
2026-01-17T19:53:15.147364Z  INFO scan_sources: tailwindcss_oxide::scanner: Discovering "/Users/zachmcnair/repos/think/think-marketplace/src/components/layout"
2026-01-17T19:53:15.147441Z  INFO scan_sources: tailwindcss_oxide::scanner: Discovering "/Users/zachmcnair/repos/think/think-marketplace/src/components/featured-carousel.tsx"
2026-01-17T19:53:15.147490Z  INFO scan_sources: tailwindcss_oxide::scanner: Discovering "/Users/zachmcnair/repos/think/think-marketplace/src/lib"
2026-01-17T19:53:15.147558Z  INFO scan_sources: tailwindcss_oxide::scanner: Discovering "/Users/zachmcnair/repos/think/think-marketplace/src/lib/supabase"
2026-01-17T19:53:15.147640Z  INFO scan_sources: tailwindcss_oxide::scanner: Discovering "/Users/zachmcnair/repos/think/think-marketplace/src/lib/data"
2026-01-17T19:53:15.147670Z  INFO scan_sources: tailwindcss_oxide::scanner: Discovering "/Users/zachmcnair/repos/think/think-marketplace/src/lib/data/seed.ts"
2026-01-17T19:53:15.147712Z  INFO scan_sources: tailwindcss_oxide::scanner: exit
2026-01-17T19:53:15.147720Z  INFO extract_candidates: tailwindcss_oxide::scanner: enter
2026-01-17T19:53:15.147726Z  INFO extract_candidates:read_all_files: tailwindcss_oxide::scanner: enter
2026-01-17T19:53:15.147730Z  INFO extract_candidates:read_all_files: tailwindcss_oxide::scanner: Reading 3 file(s)
2026-01-17T19:53:15.147820Z  INFO tailwindcss_oxide::scanner: Reading "/Users/zachmcnair/repos/think/think-marketplace/src/app/page.tsx"
2026-01-17T19:53:15.147840Z  INFO tailwindcss_oxide::scanner: Reading "/Users/zachmcnair/repos/think/think-marketplace/src/components/featured-carousel.tsx"
2026-01-17T19:53:15.147861Z  INFO tailwindcss_oxide::scanner: Reading "/Users/zachmcnair/repos/think/think-marketplace/src/lib/data/seed.ts"
2026-01-17T19:53:15.147900Z  INFO extract_candidates:read_all_files: tailwindcss_oxide::scanner: exit
2026-01-17T19:53:15.147908Z  INFO extract_candidates:parse_all_blobs: tailwindcss_oxide::scanner: enter
2026-01-17T19:53:15.147913Z  INFO extract_candidates:parse_all_blobs:extract: tailwindcss_oxide::scanner: enter
2026-01-17T19:53:15.148427Z  INFO extract_candidates:parse_all_blobs:extract: tailwindcss_oxide::scanner: exit
2026-01-17T19:53:15.148470Z  INFO extract_candidates:parse_all_blobs: tailwindcss_oxide::scanner: exit
2026-01-17T19:53:15.148717Z  INFO extract_candidates: tailwindcss_oxide::scanner: exit
2026-01-17T19:53:15.149277Z  INFO get_files: tailwindcss_oxide::scanner: enter
2026-01-17T19:53:15.149286Z  INFO get_files:scan_sources: tailwindcss_oxide::scanner: enter
2026-01-17T19:53:15.149807Z  INFO get_files:scan_sources: tailwindcss_oxide::scanner: Discovering "/Users/zachmcnair/repos/think/think-marketplace/public"
2026-01-17T19:53:15.150003Z  INFO get_files:scan_sources: tailwindcss_oxide::scanner: Discovering "/Users/zachmcnair/repos/think/think-marketplace/src"
2026-01-17T19:53:15.150046Z  INFO get_files:scan_sources: tailwindcss_oxide::scanner: Discovering "/Users/zachmcnair/repos/think/think-marketplace/src/types"
2026-01-17T19:53:15.150093Z  INFO get_files:scan_sources: tailwindcss_oxide::scanner: Discovering "/Users/zachmcnair/repos/think/think-marketplace/src/app"
2026-01-17T19:53:15.150135Z  INFO get_files:scan_sources: tailwindcss_oxide::scanner: Discovering "/Users/zachmcnair/repos/think/think-marketplace/src/app/submit"
2026-01-17T19:53:15.150186Z  INFO get_files:scan_sources: tailwindcss_oxide::scanner: Discovering "/Users/zachmcnair/repos/think/think-marketplace/src/app/about"
2026-01-17T19:53:15.150235Z  INFO get_files:scan_sources: tailwindcss_oxide::scanner: Discovering "/Users/zachmcnair/repos/think/think-marketplace/src/app/browse"
2026-01-17T19:53:15.150283Z  INFO get_files:scan_sources: tailwindcss_oxide::scanner: Discovering "/Users/zachmcnair/repos/think/think-marketplace/src/app/listing"
2026-01-17T19:53:15.150321Z  INFO get_files:scan_sources: tailwindcss_oxide::scanner: Discovering "/Users/zachmcnair/repos/think/think-marketplace/src/app/listing/[slug]"
2026-01-17T19:53:15.150365Z  INFO get_files:scan_sources: tailwindcss_oxide::scanner: Discovering "/Users/zachmcnair/repos/think/think-marketplace/src/app/builder"
2026-01-17T19:53:15.150401Z  INFO get_files:scan_sources: tailwindcss_oxide::scanner: Discovering "/Users/zachmcnair/repos/think/think-marketplace/src/app/builder/[slug]"
2026-01-17T19:53:15.150461Z  INFO get_files:scan_sources: tailwindcss_oxide::scanner: Discovering "/Users/zachmcnair/repos/think/think-marketplace/src/components"
2026-01-17T19:53:15.150507Z  INFO get_files:scan_sources: tailwindcss_oxide::scanner: Discovering "/Users/zachmcnair/repos/think/think-marketplace/src/components/ui"
2026-01-17T19:53:15.150629Z  INFO get_files:scan_sources: tailwindcss_oxide::scanner: Discovering "/Users/zachmcnair/repos/think/think-marketplace/src/components/layout"
2026-01-17T19:53:15.150696Z  INFO get_files:scan_sources: tailwindcss_oxide::scanner: Discovering "/Users/zachmcnair/repos/think/think-marketplace/src/lib"
2026-01-17T19:53:15.150736Z  INFO get_files:scan_sources: tailwindcss_oxide::scanner: Discovering "/Users/zachmcnair/repos/think/think-marketplace/src/lib/supabase"
2026-01-17T19:53:15.150789Z  INFO get_files:scan_sources: tailwindcss_oxide::scanner: Discovering "/Users/zachmcnair/repos/think/think-marketplace/src/lib/data"
2026-01-17T19:53:15.150829Z  INFO get_files:scan_sources: tailwindcss_oxide::scanner: exit
2026-01-17T19:53:15.150964Z  INFO get_files: tailwindcss_oxide::scanner: exit
2026-01-17T19:53:15.151161Z  INFO get_globs: tailwindcss_oxide::scanner: enter
2026-01-17T19:53:15.151170Z  INFO get_globs: tailwindcss_oxide::scanner: exit
2026-01-17T19:53:29.813393Z  INFO scan_sources: tailwindcss_oxide::scanner: enter
2026-01-17T19:53:29.814603Z  INFO scan_sources: tailwindcss_oxide::scanner: Discovering "/Users/zachmcnair/repos/think/think-marketplace/public"
2026-01-17T19:53:29.816101Z  INFO scan_sources: tailwindcss_oxide::scanner: Discovering "/Users/zachmcnair/repos/think/think-marketplace/src"
2026-01-17T19:53:29.816206Z  INFO scan_sources: tailwindcss_oxide::scanner: Discovering "/Users/zachmcnair/repos/think/think-marketplace/src/types"
2026-01-17T19:53:29.816283Z  INFO scan_sources: tailwindcss_oxide::scanner: Discovering "/Users/zachmcnair/repos/think/think-marketplace/src/app"
2026-01-17T19:53:29.816343Z  INFO scan_sources: tailwindcss_oxide::scanner: Discovering "/Users/zachmcnair/repos/think/think-marketplace/src/app/submit"
2026-01-17T19:53:29.816434Z  INFO scan_sources: tailwindcss_oxide::scanner: Discovering "/Users/zachmcnair/repos/think/think-marketplace/src/app/about"
2026-01-17T19:53:29.816535Z  INFO scan_sources: tailwindcss_oxide::scanner: Discovering "/Users/zachmcnair/repos/think/think-marketplace/src/app/browse"
2026-01-17T19:53:29.816683Z  INFO scan_sources: tailwindcss_oxide::scanner: Discovering "/Users/zachmcnair/repos/think/think-marketplace/src/app/listing"
2026-01-17T19:53:29.816745Z  INFO scan_sources: tailwindcss_oxide::scanner: Discovering "/Users/zachmcnair/repos/think/think-marketplace/src/app/listing/[slug]"
2026-01-17T19:53:29.816812Z  INFO scan_sources: tailwindcss_oxide::scanner: Discovering "/Users/zachmcnair/repos/think/think-marketplace/src/app/builder"
2026-01-17T19:53:29.816865Z  INFO scan_sources: tailwindcss_oxide::scanner: Discovering "/Users/zachmcnair/repos/think/think-marketplace/src/app/builder/[slug]"
2026-01-17T19:53:29.817197Z  INFO scan_sources: tailwindcss_oxide::scanner: Discovering "/Users/zachmcnair/repos/think/think-marketplace/src/components"
2026-01-17T19:53:29.817274Z  INFO scan_sources: tailwindcss_oxide::scanner: Discovering "/Users/zachmcnair/repos/think/think-marketplace/src/components/ui"
2026-01-17T19:53:29.817428Z  INFO scan_sources: tailwindcss_oxide::scanner: Discovering "/Users/zachmcnair/repos/think/think-marketplace/src/components/layout"
2026-01-17T19:53:29.817522Z  INFO scan_sources: tailwindcss_oxide::scanner: Discovering "/Users/zachmcnair/repos/think/think-marketplace/src/lib"
2026-01-17T19:53:29.817581Z  INFO scan_sources: tailwindcss_oxide::scanner: Discovering "/Users/zachmcnair/repos/think/think-marketplace/src/lib/supabase"
2026-01-17T19:53:29.817656Z  INFO scan_sources: tailwindcss_oxide::scanner: Discovering "/Users/zachmcnair/repos/think/think-marketplace/src/lib/data"
2026-01-17T19:53:29.817682Z  INFO scan_sources: tailwindcss_oxide::scanner: Discovering "/Users/zachmcnair/repos/think/think-marketplace/src/lib/data/seed.ts"
2026-01-17T19:53:29.817721Z  INFO scan_sources: tailwindcss_oxide::scanner: exit
2026-01-17T19:53:29.817729Z  INFO extract_candidates: tailwindcss_oxide::scanner: enter
2026-01-17T19:53:29.817733Z  INFO extract_candidates:read_all_files: tailwindcss_oxide::scanner: enter
2026-01-17T19:53:29.817737Z  INFO extract_candidates:read_all_files: tailwindcss_oxide::scanner: Reading 1 file(s)
2026-01-17T19:53:29.818164Z  INFO extract_candidates:read_all_files: tailwindcss_oxide::scanner: Reading "/Users/zachmcnair/repos/think/think-marketplace/src/lib/data/seed.ts"
2026-01-17T19:53:29.818230Z  INFO extract_candidates:read_all_files: tailwindcss_oxide::scanner: exit
2026-01-17T19:53:29.818246Z  INFO extract_candidates:parse_all_blobs: tailwindcss_oxide::scanner: enter
2026-01-17T19:53:29.818258Z  INFO extract_candidates:parse_all_blobs:extract: tailwindcss_oxide::scanner: enter
2026-01-17T19:53:29.820060Z  INFO extract_candidates:parse_all_blobs:extract: tailwindcss_oxide::scanner: exit
2026-01-17T19:53:29.820087Z  INFO extract_candidates:parse_all_blobs: tailwindcss_oxide::scanner: exit
2026-01-17T19:53:29.820151Z  INFO extract_candidates: tailwindcss_oxide::scanner: exit
2026-01-17T19:53:29.823102Z  INFO get_files: tailwindcss_oxide::scanner: enter
2026-01-17T19:53:29.823172Z  INFO get_files:scan_sources: tailwindcss_oxide::scanner: enter
2026-01-17T19:53:29.825435Z  INFO get_files:scan_sources: tailwindcss_oxide::scanner: Discovering "/Users/zachmcnair/repos/think/think-marketplace/public"
2026-01-17T19:53:29.826201Z  INFO get_files:scan_sources: tailwindcss_oxide::scanner: Discovering "/Users/zachmcnair/repos/think/think-marketplace/src"
2026-01-17T19:53:29.826777Z  INFO get_files:scan_sources: tailwindcss_oxide::scanner: Discovering "/Users/zachmcnair/repos/think/think-marketplace/src/types"
2026-01-17T19:53:29.826859Z  INFO get_files:scan_sources: tailwindcss_oxide::scanner: Discovering "/Users/zachmcnair/repos/think/think-marketplace/src/app"
2026-01-17T19:53:29.826973Z  INFO get_files:scan_sources: tailwindcss_oxide::scanner: Discovering "/Users/zachmcnair/repos/think/think-marketplace/src/app/submit"
2026-01-17T19:53:29.827249Z  INFO get_files:scan_sources: tailwindcss_oxide::scanner: Discovering "/Users/zachmcnair/repos/think/think-marketplace/src/app/about"
2026-01-17T19:53:29.827456Z  INFO get_files:scan_sources: tailwindcss_oxide::scanner: Discovering "/Users/zachmcnair/repos/think/think-marketplace/src/app/browse"
2026-01-17T19:53:29.827520Z  INFO get_files:scan_sources: tailwindcss_oxide::scanner: Discovering "/Users/zachmcnair/repos/think/think-marketplace/src/app/listing"
2026-01-17T19:53:29.827570Z  INFO get_files:scan_sources: tailwindcss_oxide::scanner: Discovering "/Users/zachmcnair/repos/think/think-marketplace/src/app/listing/[slug]"
2026-01-17T19:53:29.827622Z  INFO get_files:scan_sources: tailwindcss_oxide::scanner: Discovering "/Users/zachmcnair/repos/think/think-marketplace/src/app/builder"
2026-01-17T19:53:29.827663Z  INFO get_files:scan_sources: tailwindcss_oxide::scanner: Discovering "/Users/zachmcnair/repos/think/think-marketplace/src/app/builder/[slug]"
2026-01-17T19:53:29.827733Z  INFO get_files:scan_sources: tailwindcss_oxide::scanner: Discovering "/Users/zachmcnair/repos/think/think-marketplace/src/components"
2026-01-17T19:53:29.827786Z  INFO get_files:scan_sources: tailwindcss_oxide::scanner: Discovering "/Users/zachmcnair/repos/think/think-marketplace/src/components/ui"
2026-01-17T19:53:29.829289Z  INFO get_files:scan_sources: tailwindcss_oxide::scanner: Discovering "/Users/zachmcnair/repos/think/think-marketplace/src/components/layout"
2026-01-17T19:53:29.829430Z  INFO get_files:scan_sources: tailwindcss_oxide::scanner: Discovering "/Users/zachmcnair/repos/think/think-marketplace/src/lib"
2026-01-17T19:53:29.830718Z  INFO get_files:scan_sources: tailwindcss_oxide::scanner: Discovering "/Users/zachmcnair/repos/think/think-marketplace/src/lib/supabase"
2026-01-17T19:53:29.830808Z  INFO get_files:scan_sources: tailwindcss_oxide::scanner: Discovering "/Users/zachmcnair/repos/think/think-marketplace/src/lib/data"
2026-01-17T19:53:29.831249Z  INFO get_files:scan_sources: tailwindcss_oxide::scanner: exit
2026-01-17T19:53:29.832237Z  INFO get_files: tailwindcss_oxide::scanner: exit
2026-01-17T19:53:29.832748Z  INFO get_globs: tailwindcss_oxide::scanner: enter
2026-01-17T19:53:29.832764Z  INFO get_globs: tailwindcss_oxide::scanner: exit
2026-01-17T19:53:34.640225Z  INFO scan_sources: tailwindcss_oxide::scanner: enter
2026-01-17T19:53:34.640844Z  INFO scan_sources: tailwindcss_oxide::scanner: Discovering "/Users/zachmcnair/repos/think/think-marketplace/public"
2026-01-17T19:53:34.641058Z  INFO scan_sources: tailwindcss_oxide::scanner: Discovering "/Users/zachmcnair/repos/think/think-marketplace/src"
2026-01-17T19:53:34.641106Z  INFO scan_sources: tailwindcss_oxide::scanner: Discovering "/Users/zachmcnair/repos/think/think-marketplace/src/types"
2026-01-17T19:53:34.641161Z  INFO scan_sources: tailwindcss_oxide::scanner: Discovering "/Users/zachmcnair/repos/think/think-marketplace/src/app"
2026-01-17T19:53:34.641211Z  INFO scan_sources: tailwindcss_oxide::scanner: Discovering "/Users/zachmcnair/repos/think/think-marketplace/src/app/submit"
2026-01-17T19:53:34.641274Z  INFO scan_sources: tailwindcss_oxide::scanner: Discovering "/Users/zachmcnair/repos/think/think-marketplace/src/app/about"
2026-01-17T19:53:34.641325Z  INFO scan_sources: tailwindcss_oxide::scanner: Discovering "/Users/zachmcnair/repos/think/think-marketplace/src/app/browse"
2026-01-17T19:53:34.641373Z  INFO scan_sources: tailwindcss_oxide::scanner: Discovering "/Users/zachmcnair/repos/think/think-marketplace/src/app/listing"
2026-01-17T19:53:34.641418Z  INFO scan_sources: tailwindcss_oxide::scanner: Discovering "/Users/zachmcnair/repos/think/think-marketplace/src/app/listing/[slug]"
2026-01-17T19:53:34.641467Z  INFO scan_sources: tailwindcss_oxide::scanner: Discovering "/Users/zachmcnair/repos/think/think-marketplace/src/app/builder"
2026-01-17T19:53:34.641506Z  INFO scan_sources: tailwindcss_oxide::scanner: Discovering "/Users/zachmcnair/repos/think/think-marketplace/src/app/builder/[slug]"
2026-01-17T19:53:34.641569Z  INFO scan_sources: tailwindcss_oxide::scanner: Discovering "/Users/zachmcnair/repos/think/think-marketplace/src/components"
2026-01-17T19:53:34.641615Z  INFO scan_sources: tailwindcss_oxide::scanner: Discovering "/Users/zachmcnair/repos/think/think-marketplace/src/components/ui"
2026-01-17T19:53:34.641746Z  INFO scan_sources: tailwindcss_oxide::scanner: Discovering "/Users/zachmcnair/repos/think/think-marketplace/src/components/layout"
2026-01-17T19:53:34.641825Z  INFO scan_sources: tailwindcss_oxide::scanner: Discovering "/Users/zachmcnair/repos/think/think-marketplace/src/lib"
2026-01-17T19:53:34.641885Z  INFO scan_sources: tailwindcss_oxide::scanner: Discovering "/Users/zachmcnair/repos/think/think-marketplace/src/lib/supabase"
2026-01-17T19:53:34.641947Z  INFO scan_sources: tailwindcss_oxide::scanner: Discovering "/Users/zachmcnair/repos/think/think-marketplace/src/lib/data"
2026-01-17T19:53:34.641970Z  INFO scan_sources: tailwindcss_oxide::scanner: Discovering "/Users/zachmcnair/repos/think/think-marketplace/src/lib/data/seed.ts"
2026-01-17T19:53:34.641998Z  INFO scan_sources: tailwindcss_oxide::scanner: exit
2026-01-17T19:53:34.642003Z  INFO extract_candidates: tailwindcss_oxide::scanner: enter
2026-01-17T19:53:34.642007Z  INFO extract_candidates:read_all_files: tailwindcss_oxide::scanner: enter
2026-01-17T19:53:34.642011Z  INFO extract_candidates:read_all_files: tailwindcss_oxide::scanner: Reading 1 file(s)
2026-01-17T19:53:34.642041Z  INFO extract_candidates:read_all_files: tailwindcss_oxide::scanner: Reading "/Users/zachmcnair/repos/think/think-marketplace/src/lib/data/seed.ts"
2026-01-17T19:53:34.642049Z  INFO extract_candidates:read_all_files: tailwindcss_oxide::scanner: exit
2026-01-17T19:53:34.642052Z  INFO extract_candidates:parse_all_blobs: tailwindcss_oxide::scanner: enter
2026-01-17T19:53:34.642056Z  INFO extract_candidates:parse_all_blobs:extract: tailwindcss_oxide::scanner: enter
2026-01-17T19:53:34.642513Z  INFO extract_candidates:parse_all_blobs:extract: tailwindcss_oxide::scanner: exit
2026-01-17T19:53:34.642530Z  INFO extract_candidates:parse_all_blobs: tailwindcss_oxide::scanner: exit
2026-01-17T19:53:34.642712Z  INFO extract_candidates: tailwindcss_oxide::scanner: exit
2026-01-17T19:53:34.643228Z  INFO get_files: tailwindcss_oxide::scanner: enter
2026-01-17T19:53:34.643244Z  INFO get_files:scan_sources: tailwindcss_oxide::scanner: enter
2026-01-17T19:53:34.643755Z  INFO get_files:scan_sources: tailwindcss_oxide::scanner: Discovering "/Users/zachmcnair/repos/think/think-marketplace/public"
2026-01-17T19:53:34.643949Z  INFO get_files:scan_sources: tailwindcss_oxide::scanner: Discovering "/Users/zachmcnair/repos/think/think-marketplace/src"
2026-01-17T19:53:34.643999Z  INFO get_files:scan_sources: tailwindcss_oxide::scanner: Discovering "/Users/zachmcnair/repos/think/think-marketplace/src/types"
2026-01-17T19:53:34.644045Z  INFO get_files:scan_sources: tailwindcss_oxide::scanner: Discovering "/Users/zachmcnair/repos/think/think-marketplace/src/app"
2026-01-17T19:53:34.644096Z  INFO get_files:scan_sources: tailwindcss_oxide::scanner: Discovering "/Users/zachmcnair/repos/think/think-marketplace/src/app/submit"
2026-01-17T19:53:34.644148Z  INFO get_files:scan_sources: tailwindcss_oxide::scanner: Discovering "/Users/zachmcnair/repos/think/think-marketplace/src/app/about"
2026-01-17T19:53:34.644200Z  INFO get_files:scan_sources: tailwindcss_oxide::scanner: Discovering "/Users/zachmcnair/repos/think/think-marketplace/src/app/browse"
2026-01-17T19:53:34.644244Z  INFO get_files:scan_sources: tailwindcss_oxide::scanner: Discovering "/Users/zachmcnair/repos/think/think-marketplace/src/app/listing"
2026-01-17T19:53:34.644286Z  INFO get_files:scan_sources: tailwindcss_oxide::scanner: Discovering "/Users/zachmcnair/repos/think/think-marketplace/src/app/listing/[slug]"
2026-01-17T19:53:34.644337Z  INFO get_files:scan_sources: tailwindcss_oxide::scanner: Discovering "/Users/zachmcnair/repos/think/think-marketplace/src/app/builder"
2026-01-17T19:53:34.644374Z  INFO get_files:scan_sources: tailwindcss_oxide::scanner: Discovering "/Users/zachmcnair/repos/think/think-marketplace/src/app/builder/[slug]"
2026-01-17T19:53:34.644431Z  INFO get_files:scan_sources: tailwindcss_oxide::scanner: Discovering "/Users/zachmcnair/repos/think/think-marketplace/src/components"
2026-01-17T19:53:34.644476Z  INFO get_files:scan_sources: tailwindcss_oxide::scanner: Discovering "/Users/zachmcnair/repos/think/think-marketplace/src/components/ui"
2026-01-17T19:53:34.644614Z  INFO get_files:scan_sources: tailwindcss_oxide::scanner: Discovering "/Users/zachmcnair/repos/think/think-marketplace/src/components/layout"
2026-01-17T19:53:34.644687Z  INFO get_files:scan_sources: tailwindcss_oxide::scanner: Discovering "/Users/zachmcnair/repos/think/think-marketplace/src/lib"
2026-01-17T19:53:34.644729Z  INFO get_files:scan_sources: tailwindcss_oxide::scanner: Discovering "/Users/zachmcnair/repos/think/think-marketplace/src/lib/supabase"
2026-01-17T19:53:34.644783Z  INFO get_files:scan_sources: tailwindcss_oxide::scanner: Discovering "/Users/zachmcnair/repos/think/think-marketplace/src/lib/data"
2026-01-17T19:53:34.644825Z  INFO get_files:scan_sources: tailwindcss_oxide::scanner: exit
2026-01-17T19:53:34.645079Z  INFO get_files: tailwindcss_oxide::scanner: exit
2026-01-17T19:53:34.645184Z  INFO get_globs: tailwindcss_oxide::scanner: enter
2026-01-17T19:53:34.645193Z  INFO get_globs: tailwindcss_oxide::scanner: exit
2026-01-17T19:53:38.912965Z  INFO scan_sources: tailwindcss_oxide::scanner: enter
2026-01-17T19:53:38.913592Z  INFO scan_sources: tailwindcss_oxide::scanner: Discovering "/Users/zachmcnair/repos/think/think-marketplace/public"
2026-01-17T19:53:38.913808Z  INFO scan_sources: tailwindcss_oxide::scanner: Discovering "/Users/zachmcnair/repos/think/think-marketplace/src"
2026-01-17T19:53:38.913855Z  INFO scan_sources: tailwindcss_oxide::scanner: Discovering "/Users/zachmcnair/repos/think/think-marketplace/src/types"
2026-01-17T19:53:38.913907Z  INFO scan_sources: tailwindcss_oxide::scanner: Discovering "/Users/zachmcnair/repos/think/think-marketplace/src/app"
2026-01-17T19:53:38.913953Z  INFO scan_sources: tailwindcss_oxide::scanner: Discovering "/Users/zachmcnair/repos/think/think-marketplace/src/app/submit"
2026-01-17T19:53:38.914218Z  INFO scan_sources: tailwindcss_oxide::scanner: Discovering "/Users/zachmcnair/repos/think/think-marketplace/src/app/about"
2026-01-17T19:53:38.914345Z  INFO scan_sources: tailwindcss_oxide::scanner: Discovering "/Users/zachmcnair/repos/think/think-marketplace/src/app/browse"
2026-01-17T19:53:38.914407Z  INFO scan_sources: tailwindcss_oxide::scanner: Discovering "/Users/zachmcnair/repos/think/think-marketplace/src/app/listing"
2026-01-17T19:53:38.914458Z  INFO scan_sources: tailwindcss_oxide::scanner: Discovering "/Users/zachmcnair/repos/think/think-marketplace/src/app/listing/[slug]"
2026-01-17T19:53:38.914698Z  INFO scan_sources: tailwindcss_oxide::scanner: Discovering "/Users/zachmcnair/repos/think/think-marketplace/src/app/builder"
2026-01-17T19:53:38.914833Z  INFO scan_sources: tailwindcss_oxide::scanner: Discovering "/Users/zachmcnair/repos/think/think-marketplace/src/app/builder/[slug]"
2026-01-17T19:53:38.914925Z  INFO scan_sources: tailwindcss_oxide::scanner: Discovering "/Users/zachmcnair/repos/think/think-marketplace/src/components"
2026-01-17T19:53:38.914982Z  INFO scan_sources: tailwindcss_oxide::scanner: Discovering "/Users/zachmcnair/repos/think/think-marketplace/src/components/ui"
2026-01-17T19:53:38.915226Z  INFO scan_sources: tailwindcss_oxide::scanner: Discovering "/Users/zachmcnair/repos/think/think-marketplace/src/components/layout"
2026-01-17T19:53:38.915352Z  INFO scan_sources: tailwindcss_oxide::scanner: Discovering "/Users/zachmcnair/repos/think/think-marketplace/src/lib"
2026-01-17T19:53:38.915410Z  INFO scan_sources: tailwindcss_oxide::scanner: Discovering "/Users/zachmcnair/repos/think/think-marketplace/src/lib/supabase"
2026-01-17T19:53:38.915567Z  INFO scan_sources: tailwindcss_oxide::scanner: Discovering "/Users/zachmcnair/repos/think/think-marketplace/src/lib/data"
2026-01-17T19:53:38.915607Z  INFO scan_sources: tailwindcss_oxide::scanner: Discovering "/Users/zachmcnair/repos/think/think-marketplace/src/lib/data/seed.ts"
2026-01-17T19:53:38.915644Z  INFO scan_sources: tailwindcss_oxide::scanner: exit
2026-01-17T19:53:38.915652Z  INFO extract_candidates: tailwindcss_oxide::scanner: enter
2026-01-17T19:53:38.915656Z  INFO extract_candidates:read_all_files: tailwindcss_oxide::scanner: enter
2026-01-17T19:53:38.915659Z  INFO extract_candidates:read_all_files: tailwindcss_oxide::scanner: Reading 1 file(s)
2026-01-17T19:53:38.915696Z  INFO extract_candidates:read_all_files: tailwindcss_oxide::scanner: Reading "/Users/zachmcnair/repos/think/think-marketplace/src/lib/data/seed.ts"
2026-01-17T19:53:38.915703Z  INFO extract_candidates:read_all_files: tailwindcss_oxide::scanner: exit
2026-01-17T19:53:38.915707Z  INFO extract_candidates:parse_all_blobs: tailwindcss_oxide::scanner: enter
2026-01-17T19:53:38.915711Z  INFO extract_candidates:parse_all_blobs:extract: tailwindcss_oxide::scanner: enter
2026-01-17T19:53:38.916522Z  INFO extract_candidates:parse_all_blobs:extract: tailwindcss_oxide::scanner: exit
2026-01-17T19:53:38.916534Z  INFO extract_candidates:parse_all_blobs: tailwindcss_oxide::scanner: exit
2026-01-17T19:53:38.916797Z  INFO extract_candidates: tailwindcss_oxide::scanner: exit
2026-01-17T19:53:38.917420Z  INFO get_files: tailwindcss_oxide::scanner: enter
2026-01-17T19:53:38.917433Z  INFO get_files:scan_sources: tailwindcss_oxide::scanner: enter
2026-01-17T19:53:38.917982Z  INFO get_files:scan_sources: tailwindcss_oxide::scanner: Discovering "/Users/zachmcnair/repos/think/think-marketplace/public"
2026-01-17T19:53:38.918187Z  INFO get_files:scan_sources: tailwindcss_oxide::scanner: Discovering "/Users/zachmcnair/repos/think/think-marketplace/src"
2026-01-17T19:53:38.918231Z  INFO get_files:scan_sources: tailwindcss_oxide::scanner: Discovering "/Users/zachmcnair/repos/think/think-marketplace/src/types"
2026-01-17T19:53:38.918282Z  INFO get_files:scan_sources: tailwindcss_oxide::scanner: Discovering "/Users/zachmcnair/repos/think/think-marketplace/src/app"
2026-01-17T19:53:38.918324Z  INFO get_files:scan_sources: tailwindcss_oxide::scanner: Discovering "/Users/zachmcnair/repos/think/think-marketplace/src/app/submit"
2026-01-17T19:53:38.918378Z  INFO get_files:scan_sources: tailwindcss_oxide::scanner: Discovering "/Users/zachmcnair/repos/think/think-marketplace/src/app/about"
2026-01-17T19:53:38.918429Z  INFO get_files:scan_sources: tailwindcss_oxide::scanner: Discovering "/Users/zachmcnair/repos/think/think-marketplace/src/app/browse"
2026-01-17T19:53:38.918475Z  INFO get_files:scan_sources: tailwindcss_oxide::scanner: Discovering "/Users/zachmcnair/repos/think/think-marketplace/src/app/listing"
2026-01-17T19:53:38.918518Z  INFO get_files:scan_sources: tailwindcss_oxide::scanner: Discovering "/Users/zachmcnair/repos/think/think-marketplace/src/app/listing/[slug]"
2026-01-17T19:53:38.918565Z  INFO get_files:scan_sources: tailwindcss_oxide::scanner: Discovering "/Users/zachmcnair/repos/think/think-marketplace/src/app/builder"
2026-01-17T19:53:38.918617Z  INFO get_files:scan_sources: tailwindcss_oxide::scanner: Discovering "/Users/zachmcnair/repos/think/think-marketplace/src/app/builder/[slug]"
2026-01-17T19:53:38.918678Z  INFO get_files:scan_sources: tailwindcss_oxide::scanner: Discovering "/Users/zachmcnair/repos/think/think-marketplace/src/components"
2026-01-17T19:53:38.918726Z  INFO get_files:scan_sources: tailwindcss_oxide::scanner: Discovering "/Users/zachmcnair/repos/think/think-marketplace/src/components/ui"
2026-01-17T19:53:38.918854Z  INFO get_files:scan_sources: tailwindcss_oxide::scanner: Discovering "/Users/zachmcnair/repos/think/think-marketplace/src/components/layout"
2026-01-17T19:53:38.918929Z  INFO get_files:scan_sources: tailwindcss_oxide::scanner: Discovering "/Users/zachmcnair/repos/think/think-marketplace/src/lib"
2026-01-17T19:53:38.918973Z  INFO get_files:scan_sources: tailwindcss_oxide::scanner: Discovering "/Users/zachmcnair/repos/think/think-marketplace/src/lib/supabase"
2026-01-17T19:53:38.919033Z  INFO get_files:scan_sources: tailwindcss_oxide::scanner: Discovering "/Users/zachmcnair/repos/think/think-marketplace/src/lib/data"
2026-01-17T19:53:38.919079Z  INFO get_files:scan_sources: tailwindcss_oxide::scanner: exit
2026-01-17T19:53:38.919250Z  INFO get_files: tailwindcss_oxide::scanner: exit
2026-01-17T19:53:38.919400Z  INFO get_globs: tailwindcss_oxide::scanner: enter
2026-01-17T19:53:38.919409Z  INFO get_globs: tailwindcss_oxide::scanner: exit
2026-01-17T19:53:43.226729Z  INFO scan_sources: tailwindcss_oxide::scanner: enter
2026-01-17T19:53:43.227352Z  INFO scan_sources: tailwindcss_oxide::scanner: Discovering "/Users/zachmcnair/repos/think/think-marketplace/public"
2026-01-17T19:53:43.227567Z  INFO scan_sources: tailwindcss_oxide::scanner: Discovering "/Users/zachmcnair/repos/think/think-marketplace/src"
2026-01-17T19:53:43.227615Z  INFO scan_sources: tailwindcss_oxide::scanner: Discovering "/Users/zachmcnair/repos/think/think-marketplace/src/types"
2026-01-17T19:53:43.227670Z  INFO scan_sources: tailwindcss_oxide::scanner: Discovering "/Users/zachmcnair/repos/think/think-marketplace/src/app"
2026-01-17T19:53:43.227716Z  INFO scan_sources: tailwindcss_oxide::scanner: Discovering "/Users/zachmcnair/repos/think/think-marketplace/src/app/submit"
2026-01-17T19:53:43.227772Z  INFO scan_sources: tailwindcss_oxide::scanner: Discovering "/Users/zachmcnair/repos/think/think-marketplace/src/app/about"
2026-01-17T19:53:43.227827Z  INFO scan_sources: tailwindcss_oxide::scanner: Discovering "/Users/zachmcnair/repos/think/think-marketplace/src/app/browse"
2026-01-17T19:53:43.227877Z  INFO scan_sources: tailwindcss_oxide::scanner: Discovering "/Users/zachmcnair/repos/think/think-marketplace/src/app/listing"
2026-01-17T19:53:43.227925Z  INFO scan_sources: tailwindcss_oxide::scanner: Discovering "/Users/zachmcnair/repos/think/think-marketplace/src/app/listing/[slug]"
2026-01-17T19:53:43.227976Z  INFO scan_sources: tailwindcss_oxide::scanner: Discovering "/Users/zachmcnair/repos/think/think-marketplace/src/app/builder"
2026-01-17T19:53:43.228018Z  INFO scan_sources: tailwindcss_oxide::scanner: Discovering "/Users/zachmcnair/repos/think/think-marketplace/src/app/builder/[slug]"
2026-01-17T19:53:43.228082Z  INFO scan_sources: tailwindcss_oxide::scanner: Discovering "/Users/zachmcnair/repos/think/think-marketplace/src/components"
2026-01-17T19:53:43.228133Z  INFO scan_sources: tailwindcss_oxide::scanner: Discovering "/Users/zachmcnair/repos/think/think-marketplace/src/components/ui"
2026-01-17T19:53:43.228266Z  INFO scan_sources: tailwindcss_oxide::scanner: Discovering "/Users/zachmcnair/repos/think/think-marketplace/src/components/layout"
2026-01-17T19:53:43.228342Z  INFO scan_sources: tailwindcss_oxide::scanner: Discovering "/Users/zachmcnair/repos/think/think-marketplace/src/lib"
2026-01-17T19:53:43.228389Z  INFO scan_sources: tailwindcss_oxide::scanner: Discovering "/Users/zachmcnair/repos/think/think-marketplace/src/lib/supabase"
2026-01-17T19:53:43.228468Z  INFO scan_sources: tailwindcss_oxide::scanner: Discovering "/Users/zachmcnair/repos/think/think-marketplace/src/lib/data"
2026-01-17T19:53:43.228491Z  INFO scan_sources: tailwindcss_oxide::scanner: Discovering "/Users/zachmcnair/repos/think/think-marketplace/src/lib/data/seed.ts"
2026-01-17T19:53:43.228523Z  INFO scan_sources: tailwindcss_oxide::scanner: exit
2026-01-17T19:53:43.228529Z  INFO extract_candidates: tailwindcss_oxide::scanner: enter
2026-01-17T19:53:43.228534Z  INFO extract_candidates:read_all_files: tailwindcss_oxide::scanner: enter
2026-01-17T19:53:43.228537Z  INFO extract_candidates:read_all_files: tailwindcss_oxide::scanner: Reading 1 file(s)
2026-01-17T19:53:43.228566Z  INFO extract_candidates:read_all_files: tailwindcss_oxide::scanner: Reading "/Users/zachmcnair/repos/think/think-marketplace/src/lib/data/seed.ts"
2026-01-17T19:53:43.228572Z  INFO extract_candidates:read_all_files: tailwindcss_oxide::scanner: exit
2026-01-17T19:53:43.228576Z  INFO extract_candidates:parse_all_blobs: tailwindcss_oxide::scanner: enter
2026-01-17T19:53:43.228579Z  INFO extract_candidates:parse_all_blobs:extract: tailwindcss_oxide::scanner: enter
2026-01-17T19:53:43.228873Z  INFO extract_candidates:parse_all_blobs:extract: tailwindcss_oxide::scanner: exit
2026-01-17T19:53:43.228919Z  INFO extract_candidates:parse_all_blobs: tailwindcss_oxide::scanner: exit
2026-01-17T19:53:43.229241Z  INFO extract_candidates: tailwindcss_oxide::scanner: exit
2026-01-17T19:53:43.229735Z  INFO get_files: tailwindcss_oxide::scanner: enter
2026-01-17T19:53:43.229743Z  INFO get_files:scan_sources: tailwindcss_oxide::scanner: enter
2026-01-17T19:53:43.230225Z  INFO get_files:scan_sources: tailwindcss_oxide::scanner: Discovering "/Users/zachmcnair/repos/think/think-marketplace/public"
2026-01-17T19:53:43.230409Z  INFO get_files:scan_sources: tailwindcss_oxide::scanner: Discovering "/Users/zachmcnair/repos/think/think-marketplace/src"
2026-01-17T19:53:43.230450Z  INFO get_files:scan_sources: tailwindcss_oxide::scanner: Discovering "/Users/zachmcnair/repos/think/think-marketplace/src/types"
2026-01-17T19:53:43.230496Z  INFO get_files:scan_sources: tailwindcss_oxide::scanner: Discovering "/Users/zachmcnair/repos/think/think-marketplace/src/app"
2026-01-17T19:53:43.230539Z  INFO get_files:scan_sources: tailwindcss_oxide::scanner: Discovering "/Users/zachmcnair/repos/think/think-marketplace/src/app/submit"
2026-01-17T19:53:43.230587Z  INFO get_files:scan_sources: tailwindcss_oxide::scanner: Discovering "/Users/zachmcnair/repos/think/think-marketplace/src/app/about"
2026-01-17T19:53:43.230634Z  INFO get_files:scan_sources: tailwindcss_oxide::scanner: Discovering "/Users/zachmcnair/repos/think/think-marketplace/src/app/browse"
2026-01-17T19:53:43.230676Z  INFO get_files:scan_sources: tailwindcss_oxide::scanner: Discovering "/Users/zachmcnair/repos/think/think-marketplace/src/app/listing"
2026-01-17T19:53:43.230714Z  INFO get_files:scan_sources: tailwindcss_oxide::scanner: Discovering "/Users/zachmcnair/repos/think/think-marketplace/src/app/listing/[slug]"
2026-01-17T19:53:43.230757Z  INFO get_files:scan_sources: tailwindcss_oxide::scanner: Discovering "/Users/zachmcnair/repos/think/think-marketplace/src/app/builder"
2026-01-17T19:53:43.230793Z  INFO get_files:scan_sources: tailwindcss_oxide::scanner: Discovering "/Users/zachmcnair/repos/think/think-marketplace/src/app/builder/[slug]"
2026-01-17T19:53:43.230850Z  INFO get_files:scan_sources: tailwindcss_oxide::scanner: Discovering "/Users/zachmcnair/repos/think/think-marketplace/src/components"
2026-01-17T19:53:43.230894Z  INFO get_files:scan_sources: tailwindcss_oxide::scanner: Discovering "/Users/zachmcnair/repos/think/think-marketplace/src/components/ui"
2026-01-17T19:53:43.231009Z  INFO get_files:scan_sources: tailwindcss_oxide::scanner: Discovering "/Users/zachmcnair/repos/think/think-marketplace/src/components/layout"
2026-01-17T19:53:43.231074Z  INFO get_files:scan_sources: tailwindcss_oxide::scanner: Discovering "/Users/zachmcnair/repos/think/think-marketplace/src/lib"
2026-01-17T19:53:43.231129Z  INFO get_files:scan_sources: tailwindcss_oxide::scanner: Discovering "/Users/zachmcnair/repos/think/think-marketplace/src/lib/supabase"
2026-01-17T19:53:43.231181Z  INFO get_files:scan_sources: tailwindcss_oxide::scanner: Discovering "/Users/zachmcnair/repos/think/think-marketplace/src/lib/data"
2026-01-17T19:53:43.231220Z  INFO get_files:scan_sources: tailwindcss_oxide::scanner: exit
2026-01-17T19:53:43.231368Z  INFO get_files: tailwindcss_oxide::scanner: exit
2026-01-17T19:53:43.231494Z  INFO get_globs: tailwindcss_oxide::scanner: enter
2026-01-17T19:53:43.231502Z  INFO get_globs: tailwindcss_oxide::scanner: exit
2026-01-17T19:54:02.177311Z  INFO scan_sources: tailwindcss_oxide::scanner: enter
2026-01-17T19:54:02.178021Z  INFO scan_sources: tailwindcss_oxide::scanner: Discovering "/Users/zachmcnair/repos/think/think-marketplace/public"
2026-01-17T19:54:02.178281Z  INFO scan_sources: tailwindcss_oxide::scanner: Discovering "/Users/zachmcnair/repos/think/think-marketplace/src"
2026-01-17T19:54:02.178332Z  INFO scan_sources: tailwindcss_oxide::scanner: Discovering "/Users/zachmcnair/repos/think/think-marketplace/src/types"
2026-01-17T19:54:02.178386Z  INFO scan_sources: tailwindcss_oxide::scanner: Discovering "/Users/zachmcnair/repos/think/think-marketplace/src/app"
2026-01-17T19:54:02.178432Z  INFO scan_sources: tailwindcss_oxide::scanner: Discovering "/Users/zachmcnair/repos/think/think-marketplace/src/app/submit"
2026-01-17T19:54:02.178488Z  INFO scan_sources: tailwindcss_oxide::scanner: Discovering "/Users/zachmcnair/repos/think/think-marketplace/src/app/about"
2026-01-17T19:54:02.178543Z  INFO scan_sources: tailwindcss_oxide::scanner: Discovering "/Users/zachmcnair/repos/think/think-marketplace/src/app/browse"
2026-01-17T19:54:02.178592Z  INFO scan_sources: tailwindcss_oxide::scanner: Discovering "/Users/zachmcnair/repos/think/think-marketplace/src/app/listing"
2026-01-17T19:54:02.178638Z  INFO scan_sources: tailwindcss_oxide::scanner: Discovering "/Users/zachmcnair/repos/think/think-marketplace/src/app/listing/[slug]"
2026-01-17T19:54:02.178689Z  INFO scan_sources: tailwindcss_oxide::scanner: Discovering "/Users/zachmcnair/repos/think/think-marketplace/src/app/builder"
2026-01-17T19:54:02.178729Z  INFO scan_sources: tailwindcss_oxide::scanner: Discovering "/Users/zachmcnair/repos/think/think-marketplace/src/app/builder/[slug]"
2026-01-17T19:54:02.178794Z  INFO scan_sources: tailwindcss_oxide::scanner: Discovering "/Users/zachmcnair/repos/think/think-marketplace/src/components"
2026-01-17T19:54:02.178844Z  INFO scan_sources: tailwindcss_oxide::scanner: Discovering "/Users/zachmcnair/repos/think/think-marketplace/src/components/ui"
2026-01-17T19:54:02.178977Z  INFO scan_sources: tailwindcss_oxide::scanner: Discovering "/Users/zachmcnair/repos/think/think-marketplace/src/components/layout"
2026-01-17T19:54:02.179055Z  INFO scan_sources: tailwindcss_oxide::scanner: Discovering "/Users/zachmcnair/repos/think/think-marketplace/src/lib"
2026-01-17T19:54:02.179101Z  INFO scan_sources: tailwindcss_oxide::scanner: Discovering "/Users/zachmcnair/repos/think/think-marketplace/src/lib/supabase"
2026-01-17T19:54:02.179163Z  INFO scan_sources: tailwindcss_oxide::scanner: Discovering "/Users/zachmcnair/repos/think/think-marketplace/src/lib/data"
2026-01-17T19:54:02.179186Z  INFO scan_sources: tailwindcss_oxide::scanner: Discovering "/Users/zachmcnair/repos/think/think-marketplace/src/lib/data/seed.ts"
2026-01-17T19:54:02.179222Z  INFO scan_sources: tailwindcss_oxide::scanner: exit
2026-01-17T19:54:02.179229Z  INFO extract_candidates: tailwindcss_oxide::scanner: enter
2026-01-17T19:54:02.179233Z  INFO extract_candidates:read_all_files: tailwindcss_oxide::scanner: enter
2026-01-17T19:54:02.179237Z  INFO extract_candidates:read_all_files: tailwindcss_oxide::scanner: Reading 1 file(s)
2026-01-17T19:54:02.179269Z  INFO extract_candidates:read_all_files: tailwindcss_oxide::scanner: Reading "/Users/zachmcnair/repos/think/think-marketplace/src/lib/data/seed.ts"
2026-01-17T19:54:02.179298Z  INFO extract_candidates:read_all_files: tailwindcss_oxide::scanner: exit
2026-01-17T19:54:02.179489Z  INFO extract_candidates:parse_all_blobs: tailwindcss_oxide::scanner: enter
2026-01-17T19:54:02.179505Z  INFO extract_candidates:parse_all_blobs:extract: tailwindcss_oxide::scanner: enter
2026-01-17T19:54:02.179923Z  INFO extract_candidates:parse_all_blobs:extract: tailwindcss_oxide::scanner: exit
2026-01-17T19:54:02.179932Z  INFO extract_candidates:parse_all_blobs: tailwindcss_oxide::scanner: exit
2026-01-17T19:54:02.180049Z  INFO extract_candidates: tailwindcss_oxide::scanner: exit
2026-01-17T19:54:02.180594Z  INFO get_files: tailwindcss_oxide::scanner: enter
2026-01-17T19:54:02.180603Z  INFO get_files:scan_sources: tailwindcss_oxide::scanner: enter
2026-01-17T19:54:02.181105Z  INFO get_files:scan_sources: tailwindcss_oxide::scanner: Discovering "/Users/zachmcnair/repos/think/think-marketplace/public"
2026-01-17T19:54:02.181294Z  INFO get_files:scan_sources: tailwindcss_oxide::scanner: Discovering "/Users/zachmcnair/repos/think/think-marketplace/src"
2026-01-17T19:54:02.181336Z  INFO get_files:scan_sources: tailwindcss_oxide::scanner: Discovering "/Users/zachmcnair/repos/think/think-marketplace/src/types"
2026-01-17T19:54:02.181383Z  INFO get_files:scan_sources: tailwindcss_oxide::scanner: Discovering "/Users/zachmcnair/repos/think/think-marketplace/src/app"
2026-01-17T19:54:02.181426Z  INFO get_files:scan_sources: tailwindcss_oxide::scanner: Discovering "/Users/zachmcnair/repos/think/think-marketplace/src/app/submit"
2026-01-17T19:54:02.181477Z  INFO get_files:scan_sources: tailwindcss_oxide::scanner: Discovering "/Users/zachmcnair/repos/think/think-marketplace/src/app/about"
2026-01-17T19:54:02.181526Z  INFO get_files:scan_sources: tailwindcss_oxide::scanner: Discovering "/Users/zachmcnair/repos/think/think-marketplace/src/app/browse"
2026-01-17T19:54:02.181570Z  INFO get_files:scan_sources: tailwindcss_oxide::scanner: Discovering "/Users/zachmcnair/repos/think/think-marketplace/src/app/listing"
2026-01-17T19:54:02.181608Z  INFO get_files:scan_sources: tailwindcss_oxide::scanner: Discovering "/Users/zachmcnair/repos/think/think-marketplace/src/app/listing/[slug]"
2026-01-17T19:54:02.181652Z  INFO get_files:scan_sources: tailwindcss_oxide::scanner: Discovering "/Users/zachmcnair/repos/think/think-marketplace/src/app/builder"
2026-01-17T19:54:02.181689Z  INFO get_files:scan_sources: tailwindcss_oxide::scanner: Discovering "/Users/zachmcnair/repos/think/think-marketplace/src/app/builder/[slug]"
2026-01-17T19:54:02.181748Z  INFO get_files:scan_sources: tailwindcss_oxide::scanner: Discovering "/Users/zachmcnair/repos/think/think-marketplace/src/components"
2026-01-17T19:54:02.181792Z  INFO get_files:scan_sources: tailwindcss_oxide::scanner: Discovering "/Users/zachmcnair/repos/think/think-marketplace/src/components/ui"
2026-01-17T19:54:02.181909Z  INFO get_files:scan_sources: tailwindcss_oxide::scanner: Discovering "/Users/zachmcnair/repos/think/think-marketplace/src/components/layout"
2026-01-17T19:54:02.181979Z  INFO get_files:scan_sources: tailwindcss_oxide::scanner: Discovering "/Users/zachmcnair/repos/think/think-marketplace/src/lib"
2026-01-17T19:54:02.182019Z  INFO get_files:scan_sources: tailwindcss_oxide::scanner: Discovering "/Users/zachmcnair/repos/think/think-marketplace/src/lib/supabase"
2026-01-17T19:54:02.182073Z  INFO get_files:scan_sources: tailwindcss_oxide::scanner: Discovering "/Users/zachmcnair/repos/think/think-marketplace/src/lib/data"
2026-01-17T19:54:02.182113Z  INFO get_files:scan_sources: tailwindcss_oxide::scanner: exit
2026-01-17T19:54:02.182234Z  INFO get_files: tailwindcss_oxide::scanner: exit
2026-01-17T19:54:02.182317Z  INFO get_globs: tailwindcss_oxide::scanner: enter
2026-01-17T19:54:02.182321Z  INFO get_globs: tailwindcss_oxide::scanner: exit
2026-01-17T19:55:28.284757Z  INFO scan_sources: tailwindcss_oxide::scanner: enter
2026-01-17T19:55:28.286280Z  INFO scan_sources: tailwindcss_oxide::scanner: Discovering "/Users/zachmcnair/repos/think/think-marketplace/public"
2026-01-17T19:55:28.286566Z  INFO scan_sources: tailwindcss_oxide::scanner: Discovering "/Users/zachmcnair/repos/think/think-marketplace/src"
2026-01-17T19:55:28.286641Z  INFO scan_sources: tailwindcss_oxide::scanner: Discovering "/Users/zachmcnair/repos/think/think-marketplace/src/types"
2026-01-17T19:55:28.286716Z  INFO scan_sources: tailwindcss_oxide::scanner: Discovering "/Users/zachmcnair/repos/think/think-marketplace/src/app"
2026-01-17T19:55:28.286782Z  INFO scan_sources: tailwindcss_oxide::scanner: Discovering "/Users/zachmcnair/repos/think/think-marketplace/src/app/submit"
2026-01-17T19:55:28.286874Z  INFO scan_sources: tailwindcss_oxide::scanner: Discovering "/Users/zachmcnair/repos/think/think-marketplace/src/app/about"
2026-01-17T19:55:28.286942Z  INFO scan_sources: tailwindcss_oxide::scanner: Discovering "/Users/zachmcnair/repos/think/think-marketplace/src/app/browse"
2026-01-17T19:55:28.287003Z  INFO scan_sources: tailwindcss_oxide::scanner: Discovering "/Users/zachmcnair/repos/think/think-marketplace/src/app/listing"
2026-01-17T19:55:28.287062Z  INFO scan_sources: tailwindcss_oxide::scanner: Discovering "/Users/zachmcnair/repos/think/think-marketplace/src/app/listing/[slug]"
2026-01-17T19:55:28.287132Z  INFO scan_sources: tailwindcss_oxide::scanner: Discovering "/Users/zachmcnair/repos/think/think-marketplace/src/app/builder"
2026-01-17T19:55:28.287187Z  INFO scan_sources: tailwindcss_oxide::scanner: Discovering "/Users/zachmcnair/repos/think/think-marketplace/src/app/builder/[slug]"
2026-01-17T19:55:28.287276Z  INFO scan_sources: tailwindcss_oxide::scanner: Discovering "/Users/zachmcnair/repos/think/think-marketplace/src/components"
2026-01-17T19:55:28.287348Z  INFO scan_sources: tailwindcss_oxide::scanner: Discovering "/Users/zachmcnair/repos/think/think-marketplace/src/components/ui"
2026-01-17T19:55:28.287575Z  INFO scan_sources: tailwindcss_oxide::scanner: Discovering "/Users/zachmcnair/repos/think/think-marketplace/src/components/layout"
2026-01-17T19:55:28.287646Z  INFO scan_sources: tailwindcss_oxide::scanner: Discovering "/Users/zachmcnair/repos/think/think-marketplace/src/components/featured-carousel.tsx"
2026-01-17T19:55:28.287692Z  INFO scan_sources: tailwindcss_oxide::scanner: Discovering "/Users/zachmcnair/repos/think/think-marketplace/src/lib"
2026-01-17T19:55:28.287755Z  INFO scan_sources: tailwindcss_oxide::scanner: Discovering "/Users/zachmcnair/repos/think/think-marketplace/src/lib/supabase"
2026-01-17T19:55:28.287832Z  INFO scan_sources: tailwindcss_oxide::scanner: Discovering "/Users/zachmcnair/repos/think/think-marketplace/src/lib/data"
2026-01-17T19:55:28.287930Z  INFO scan_sources: tailwindcss_oxide::scanner: Discovering "/Users/zachmcnair/repos/think/think-marketplace/src/lib/data/seed.ts"
2026-01-17T19:55:28.288018Z  INFO scan_sources: tailwindcss_oxide::scanner: exit
2026-01-17T19:55:28.288034Z  INFO extract_candidates: tailwindcss_oxide::scanner: enter
2026-01-17T19:55:28.288040Z  INFO extract_candidates:read_all_files: tailwindcss_oxide::scanner: enter
2026-01-17T19:55:28.288053Z  INFO extract_candidates:read_all_files: tailwindcss_oxide::scanner: Reading 2 file(s)
2026-01-17T19:55:28.288121Z  INFO tailwindcss_oxide::scanner: Reading "/Users/zachmcnair/repos/think/think-marketplace/src/components/featured-carousel.tsx"
2026-01-17T19:55:28.288425Z  INFO tailwindcss_oxide::scanner: Reading "/Users/zachmcnair/repos/think/think-marketplace/src/lib/data/seed.ts"
2026-01-17T19:55:28.288523Z  INFO extract_candidates:read_all_files: tailwindcss_oxide::scanner: exit
2026-01-17T19:55:28.288543Z  INFO extract_candidates:parse_all_blobs: tailwindcss_oxide::scanner: enter
2026-01-17T19:55:28.288550Z  INFO extract_candidates:parse_all_blobs:extract: tailwindcss_oxide::scanner: enter
2026-01-17T19:55:28.289948Z  INFO extract_candidates:parse_all_blobs:extract: tailwindcss_oxide::scanner: exit
2026-01-17T19:55:28.289973Z  INFO extract_candidates:parse_all_blobs: tailwindcss_oxide::scanner: exit
2026-01-17T19:55:28.290302Z  INFO extract_candidates: tailwindcss_oxide::scanner: exit
2026-01-17T19:55:28.291166Z  INFO get_files: tailwindcss_oxide::scanner: enter
2026-01-17T19:55:28.291192Z  INFO get_files:scan_sources: tailwindcss_oxide::scanner: enter
2026-01-17T19:55:28.291974Z  INFO get_files:scan_sources: tailwindcss_oxide::scanner: Discovering "/Users/zachmcnair/repos/think/think-marketplace/public"
2026-01-17T19:55:28.292225Z  INFO get_files:scan_sources: tailwindcss_oxide::scanner: Discovering "/Users/zachmcnair/repos/think/think-marketplace/src"
2026-01-17T19:55:28.292275Z  INFO get_files:scan_sources: tailwindcss_oxide::scanner: Discovering "/Users/zachmcnair/repos/think/think-marketplace/src/types"
2026-01-17T19:55:28.292330Z  INFO get_files:scan_sources: tailwindcss_oxide::scanner: Discovering "/Users/zachmcnair/repos/think/think-marketplace/src/app"
2026-01-17T19:55:28.292378Z  INFO get_files:scan_sources: tailwindcss_oxide::scanner: Discovering "/Users/zachmcnair/repos/think/think-marketplace/src/app/submit"
2026-01-17T19:55:28.292436Z  INFO get_files:scan_sources: tailwindcss_oxide::scanner: Discovering "/Users/zachmcnair/repos/think/think-marketplace/src/app/about"
2026-01-17T19:55:28.292492Z  INFO get_files:scan_sources: tailwindcss_oxide::scanner: Discovering "/Users/zachmcnair/repos/think/think-marketplace/src/app/browse"
2026-01-17T19:55:28.292540Z  INFO get_files:scan_sources: tailwindcss_oxide::scanner: Discovering "/Users/zachmcnair/repos/think/think-marketplace/src/app/listing"
2026-01-17T19:55:28.292583Z  INFO get_files:scan_sources: tailwindcss_oxide::scanner: Discovering "/Users/zachmcnair/repos/think/think-marketplace/src/app/listing/[slug]"
2026-01-17T19:55:28.292632Z  INFO get_files:scan_sources: tailwindcss_oxide::scanner: Discovering "/Users/zachmcnair/repos/think/think-marketplace/src/app/builder"
2026-01-17T19:55:28.292675Z  INFO get_files:scan_sources: tailwindcss_oxide::scanner: Discovering "/Users/zachmcnair/repos/think/think-marketplace/src/app/builder/[slug]"
2026-01-17T19:55:28.292738Z  INFO get_files:scan_sources: tailwindcss_oxide::scanner: Discovering "/Users/zachmcnair/repos/think/think-marketplace/src/components"
2026-01-17T19:55:28.292788Z  INFO get_files:scan_sources: tailwindcss_oxide::scanner: Discovering "/Users/zachmcnair/repos/think/think-marketplace/src/components/ui"
2026-01-17T19:55:28.292923Z  INFO get_files:scan_sources: tailwindcss_oxide::scanner: Discovering "/Users/zachmcnair/repos/think/think-marketplace/src/components/layout"
2026-01-17T19:55:28.293002Z  INFO get_files:scan_sources: tailwindcss_oxide::scanner: Discovering "/Users/zachmcnair/repos/think/think-marketplace/src/lib"
2026-01-17T19:55:28.293048Z  INFO get_files:scan_sources: tailwindcss_oxide::scanner: Discovering "/Users/zachmcnair/repos/think/think-marketplace/src/lib/supabase"
2026-01-17T19:55:28.293111Z  INFO get_files:scan_sources: tailwindcss_oxide::scanner: Discovering "/Users/zachmcnair/repos/think/think-marketplace/src/lib/data"
2026-01-17T19:55:28.293161Z  INFO get_files:scan_sources: tailwindcss_oxide::scanner: exit
2026-01-17T19:55:28.293783Z  INFO get_files: tailwindcss_oxide::scanner: exit
2026-01-17T19:55:28.294030Z  INFO get_globs: tailwindcss_oxide::scanner: enter
2026-01-17T19:55:28.294056Z  INFO get_globs: tailwindcss_oxide::scanner: exit
2026-01-17T19:56:33.841617Z  INFO scan_sources: tailwindcss_oxide::scanner: enter
2026-01-17T19:56:33.842663Z  INFO scan_sources: tailwindcss_oxide::scanner: Discovering "/Users/zachmcnair/repos/think/think-marketplace/public"
2026-01-17T19:56:33.842928Z  INFO scan_sources: tailwindcss_oxide::scanner: Discovering "/Users/zachmcnair/repos/think/think-marketplace/src"
2026-01-17T19:56:33.842993Z  INFO scan_sources: tailwindcss_oxide::scanner: Discovering "/Users/zachmcnair/repos/think/think-marketplace/src/types"
2026-01-17T19:56:33.843063Z  INFO scan_sources: tailwindcss_oxide::scanner: Discovering "/Users/zachmcnair/repos/think/think-marketplace/src/app"
2026-01-17T19:56:33.843120Z  INFO scan_sources: tailwindcss_oxide::scanner: Discovering "/Users/zachmcnair/repos/think/think-marketplace/src/app/submit"
2026-01-17T19:56:33.843238Z  INFO scan_sources: tailwindcss_oxide::scanner: Discovering "/Users/zachmcnair/repos/think/think-marketplace/src/app/about"
2026-01-17T19:56:33.843392Z  INFO scan_sources: tailwindcss_oxide::scanner: Discovering "/Users/zachmcnair/repos/think/think-marketplace/src/app/browse"
2026-01-17T19:56:33.843465Z  INFO scan_sources: tailwindcss_oxide::scanner: Discovering "/Users/zachmcnair/repos/think/think-marketplace/src/app/listing"
2026-01-17T19:56:33.843522Z  INFO scan_sources: tailwindcss_oxide::scanner: Discovering "/Users/zachmcnair/repos/think/think-marketplace/src/app/listing/[slug]"
2026-01-17T19:56:33.843584Z  INFO scan_sources: tailwindcss_oxide::scanner: Discovering "/Users/zachmcnair/repos/think/think-marketplace/src/app/builder"
2026-01-17T19:56:33.843636Z  INFO scan_sources: tailwindcss_oxide::scanner: Discovering "/Users/zachmcnair/repos/think/think-marketplace/src/app/builder/[slug]"
2026-01-17T19:56:33.843714Z  INFO scan_sources: tailwindcss_oxide::scanner: Discovering "/Users/zachmcnair/repos/think/think-marketplace/src/components"
2026-01-17T19:56:33.843777Z  INFO scan_sources: tailwindcss_oxide::scanner: Discovering "/Users/zachmcnair/repos/think/think-marketplace/src/components/ui"
2026-01-17T19:56:33.843920Z  INFO scan_sources: tailwindcss_oxide::scanner: Discovering "/Users/zachmcnair/repos/think/think-marketplace/src/components/layout"
2026-01-17T19:56:33.843974Z  INFO scan_sources: tailwindcss_oxide::scanner: Discovering "/Users/zachmcnair/repos/think/think-marketplace/src/components/featured-carousel.tsx"
2026-01-17T19:56:33.844013Z  INFO scan_sources: tailwindcss_oxide::scanner: Discovering "/Users/zachmcnair/repos/think/think-marketplace/src/lib"
2026-01-17T19:56:33.844070Z  INFO scan_sources: tailwindcss_oxide::scanner: Discovering "/Users/zachmcnair/repos/think/think-marketplace/src/lib/supabase"
2026-01-17T19:56:33.844142Z  INFO scan_sources: tailwindcss_oxide::scanner: Discovering "/Users/zachmcnair/repos/think/think-marketplace/src/lib/data"
2026-01-17T19:56:33.844194Z  INFO scan_sources: tailwindcss_oxide::scanner: exit
2026-01-17T19:56:33.844201Z  INFO extract_candidates: tailwindcss_oxide::scanner: enter
2026-01-17T19:56:33.844206Z  INFO extract_candidates:read_all_files: tailwindcss_oxide::scanner: enter
2026-01-17T19:56:33.844210Z  INFO extract_candidates:read_all_files: tailwindcss_oxide::scanner: Reading 1 file(s)
2026-01-17T19:56:33.844242Z  INFO extract_candidates:read_all_files: tailwindcss_oxide::scanner: Reading "/Users/zachmcnair/repos/think/think-marketplace/src/components/featured-carousel.tsx"
2026-01-17T19:56:33.844250Z  INFO extract_candidates:read_all_files: tailwindcss_oxide::scanner: exit
2026-01-17T19:56:33.844254Z  INFO extract_candidates:parse_all_blobs: tailwindcss_oxide::scanner: enter
2026-01-17T19:56:33.844259Z  INFO extract_candidates:parse_all_blobs:extract: tailwindcss_oxide::scanner: enter
2026-01-17T19:56:33.844467Z  INFO extract_candidates:parse_all_blobs:extract: tailwindcss_oxide::scanner: exit
2026-01-17T19:56:33.844474Z  INFO extract_candidates:parse_all_blobs: tailwindcss_oxide::scanner: exit
2026-01-17T19:56:33.844579Z  INFO extract_candidates: tailwindcss_oxide::scanner: exit
2026-01-17T19:56:33.845116Z  INFO get_files: tailwindcss_oxide::scanner: enter
2026-01-17T19:56:33.845127Z  INFO get_files:scan_sources: tailwindcss_oxide::scanner: enter
2026-01-17T19:56:33.845749Z  INFO get_files:scan_sources: tailwindcss_oxide::scanner: Discovering "/Users/zachmcnair/repos/think/think-marketplace/public"
2026-01-17T19:56:33.845965Z  INFO get_files:scan_sources: tailwindcss_oxide::scanner: Discovering "/Users/zachmcnair/repos/think/think-marketplace/src"
2026-01-17T19:56:33.846012Z  INFO get_files:scan_sources: tailwindcss_oxide::scanner: Discovering "/Users/zachmcnair/repos/think/think-marketplace/src/types"
2026-01-17T19:56:33.846063Z  INFO get_files:scan_sources: tailwindcss_oxide::scanner: Discovering "/Users/zachmcnair/repos/think/think-marketplace/src/app"
2026-01-17T19:56:33.846110Z  INFO get_files:scan_sources: tailwindcss_oxide::scanner: Discovering "/Users/zachmcnair/repos/think/think-marketplace/src/app/submit"
2026-01-17T19:56:33.846170Z  INFO get_files:scan_sources: tailwindcss_oxide::scanner: Discovering "/Users/zachmcnair/repos/think/think-marketplace/src/app/about"
2026-01-17T19:56:33.846230Z  INFO get_files:scan_sources: tailwindcss_oxide::scanner: Discovering "/Users/zachmcnair/repos/think/think-marketplace/src/app/browse"
2026-01-17T19:56:33.846279Z  INFO get_files:scan_sources: tailwindcss_oxide::scanner: Discovering "/Users/zachmcnair/repos/think/think-marketplace/src/app/listing"
2026-01-17T19:56:33.846329Z  INFO get_files:scan_sources: tailwindcss_oxide::scanner: Discovering "/Users/zachmcnair/repos/think/think-marketplace/src/app/listing/[slug]"
2026-01-17T19:56:33.846383Z  INFO get_files:scan_sources: tailwindcss_oxide::scanner: Discovering "/Users/zachmcnair/repos/think/think-marketplace/src/app/builder"
2026-01-17T19:56:33.846429Z  INFO get_files:scan_sources: tailwindcss_oxide::scanner: Discovering "/Users/zachmcnair/repos/think/think-marketplace/src/app/builder/[slug]"
2026-01-17T19:56:33.846496Z  INFO get_files:scan_sources: tailwindcss_oxide::scanner: Discovering "/Users/zachmcnair/repos/think/think-marketplace/src/components"
2026-01-17T19:56:33.846581Z  INFO get_files:scan_sources: tailwindcss_oxide::scanner: Discovering "/Users/zachmcnair/repos/think/think-marketplace/src/components/ui"
2026-01-17T19:56:33.846708Z  INFO get_files:scan_sources: tailwindcss_oxide::scanner: Discovering "/Users/zachmcnair/repos/think/think-marketplace/src/components/layout"
2026-01-17T19:56:33.846786Z  INFO get_files:scan_sources: tailwindcss_oxide::scanner: Discovering "/Users/zachmcnair/repos/think/think-marketplace/src/lib"
2026-01-17T19:56:33.846828Z  INFO get_files:scan_sources: tailwindcss_oxide::scanner: Discovering "/Users/zachmcnair/repos/think/think-marketplace/src/lib/supabase"
2026-01-17T19:56:33.846882Z  INFO get_files:scan_sources: tailwindcss_oxide::scanner: Discovering "/Users/zachmcnair/repos/think/think-marketplace/src/lib/data"
2026-01-17T19:56:33.846931Z  INFO get_files:scan_sources: tailwindcss_oxide::scanner: exit
2026-01-17T19:56:33.847173Z  INFO get_files: tailwindcss_oxide::scanner: exit
2026-01-17T19:56:33.847273Z  INFO get_globs: tailwindcss_oxide::scanner: enter
2026-01-17T19:56:33.847281Z  INFO get_globs: tailwindcss_oxide::scanner: exit
