2026-01-17T19:57:50.504716Z  INFO tailwindcss_oxide::scanner: Provided sources:
2026-01-17T19:57:50.504792Z  INFO tailwindcss_oxide::scanner: Source: PublicSourceEntry { base: "/Users/zachmcnair/repos/think/think-marketplace", pattern: "**/*", negated: false }
2026-01-17T19:57:50.504834Z  INFO tailwindcss_oxide::scanner: Optimized sources:
2026-01-17T19:57:50.504841Z  INFO tailwindcss_oxide::scanner: Source: Auto { base: "/Users/zachmcnair/repos/think/think-marketplace" }
2026-01-17T19:57:50.505638Z  INFO scan_sources: tailwindcss_oxide::scanner: enter
2026-01-17T19:57:50.506080Z  INFO scan_sources: tailwindcss_oxide::scanner: Discovering "/Users/zachmcnair/repos/think/think-marketplace/postcss.config.mjs"
2026-01-17T19:57:50.506195Z  INFO scan_sources: tailwindcss_oxide::scanner: Discovering "/Users/zachmcnair/repos/think/think-marketplace/README.md"
2026-01-17T19:57:50.506235Z  INFO scan_sources: tailwindcss_oxide::scanner: Discovering "/Users/zachmcnair/repos/think/think-marketplace/public"
2026-01-17T19:57:50.506275Z  INFO scan_sources: tailwindcss_oxide::scanner: Discovering "/Users/zachmcnair/repos/think/think-marketplace/public/thinkos-grey.svg"
2026-01-17T19:57:50.506290Z  INFO scan_sources: tailwindcss_oxide::scanner: Discovering "/Users/zachmcnair/repos/think/think-marketplace/public/file.svg"
2026-01-17T19:57:50.506307Z  INFO scan_sources: tailwindcss_oxide::scanner: Discovering "/Users/zachmcnair/repos/think/think-marketplace/public/think-directory-homepage-copy.html"
2026-01-17T19:57:50.506320Z  INFO scan_sources: tailwindcss_oxide::scanner: Discovering "/Users/zachmcnair/repos/think/think-marketplace/public/think-brainfist-light-mode.svg"
2026-01-17T19:57:50.506333Z  INFO scan_sources: tailwindcss_oxide::scanner: Discovering "/Users/zachmcnair/repos/think/think-marketplace/public/think-brainfist-darkmode-mode.svg"
2026-01-17T19:57:50.506347Z  INFO scan_sources: tailwindcss_oxide::scanner: Discovering "/Users/zachmcnair/repos/think/think-marketplace/public/think-marketplace-wordmark-light-mode.svg"
2026-01-17T19:57:50.506366Z  INFO scan_sources: tailwindcss_oxide::scanner: Discovering "/Users/zachmcnair/repos/think/think-marketplace/public/vercel.svg"
2026-01-17T19:57:50.506383Z  INFO scan_sources: tailwindcss_oxide::scanner: Discovering "/Users/zachmcnair/repos/think/think-marketplace/public/next.svg"
2026-01-17T19:57:50.506396Z  INFO scan_sources: tailwindcss_oxide::scanner: Discovering "/Users/zachmcnair/repos/think/think-marketplace/public/globe.svg"
2026-01-17T19:57:50.506408Z  INFO scan_sources: tailwindcss_oxide::scanner: Discovering "/Users/zachmcnair/repos/think/think-marketplace/public/window.svg"
2026-01-17T19:57:50.506421Z  INFO scan_sources: tailwindcss_oxide::scanner: Discovering "/Users/zachmcnair/repos/think/think-marketplace/public/think-marketplace-wordmark-dark-mode.svg"
2026-01-17T19:57:50.506434Z  INFO scan_sources: tailwindcss_oxide::scanner: Discovering "/Users/zachmcnair/repos/think/think-marketplace/public/think-marketplace-wordmark-dark-mode-white.svg"
2026-01-17T19:57:50.506465Z  INFO scan_sources: tailwindcss_oxide::scanner: Discovering "/Users/zachmcnair/repos/think/think-marketplace/package.json"
2026-01-17T19:57:50.506478Z  INFO scan_sources: tailwindcss_oxide::scanner: Discovering "/Users/zachmcnair/repos/think/think-marketplace/components.json"
2026-01-17T19:57:50.506490Z  INFO scan_sources: tailwindcss_oxide::scanner: Discovering "/Users/zachmcnair/repos/think/think-marketplace/tsconfig.json"
2026-01-17T19:57:50.506538Z  INFO scan_sources: tailwindcss_oxide::scanner: Discovering "/Users/zachmcnair/repos/think/think-marketplace/eslint.config.mjs"
2026-01-17T19:57:50.506552Z  INFO scan_sources: tailwindcss_oxide::scanner: Discovering "/Users/zachmcnair/repos/think/think-marketplace/next.config.ts"
2026-01-17T19:57:50.506588Z  INFO scan_sources: tailwindcss_oxide::scanner: Discovering "/Users/zachmcnair/repos/think/think-marketplace/src"
2026-01-17T19:57:50.506644Z  INFO scan_sources: tailwindcss_oxide::scanner: Discovering "/Users/zachmcnair/repos/think/think-marketplace/src/types"
2026-01-17T19:57:50.506684Z  INFO scan_sources: tailwindcss_oxide::scanner: Discovering "/Users/zachmcnair/repos/think/think-marketplace/src/types/index.ts"
2026-01-17T19:57:50.506722Z  INFO scan_sources: tailwindcss_oxide::scanner: Discovering "/Users/zachmcnair/repos/think/think-marketplace/src/app"
2026-01-17T19:57:50.506792Z  INFO scan_sources: tailwindcss_oxide::scanner: Discovering "/Users/zachmcnair/repos/think/think-marketplace/src/app/submit"
2026-01-17T19:57:50.506902Z  INFO scan_sources: tailwindcss_oxide::scanner: Discovering "/Users/zachmcnair/repos/think/think-marketplace/src/app/submit/page.tsx"
2026-01-17T19:57:50.506928Z  INFO scan_sources: tailwindcss_oxide::scanner: Discovering "/Users/zachmcnair/repos/think/think-marketplace/src/app/icon.svg"
2026-01-17T19:57:50.507005Z  INFO scan_sources: tailwindcss_oxide::scanner: Discovering "/Users/zachmcnair/repos/think/think-marketplace/src/app/about"
2026-01-17T19:57:50.507033Z  INFO scan_sources: tailwindcss_oxide::scanner: Discovering "/Users/zachmcnair/repos/think/think-marketplace/src/app/about/page.tsx"
2026-01-17T19:57:50.507049Z  INFO scan_sources: tailwindcss_oxide::scanner: Discovering "/Users/zachmcnair/repos/think/think-marketplace/src/app/layout.tsx"
2026-01-17T19:57:50.507091Z  INFO scan_sources: tailwindcss_oxide::scanner: Discovering "/Users/zachmcnair/repos/think/think-marketplace/src/app/browse"
2026-01-17T19:57:50.507119Z  INFO scan_sources: tailwindcss_oxide::scanner: Discovering "/Users/zachmcnair/repos/think/think-marketplace/src/app/browse/page.tsx"
2026-01-17T19:57:50.507160Z  INFO scan_sources: tailwindcss_oxide::scanner: Discovering "/Users/zachmcnair/repos/think/think-marketplace/src/app/listing"
2026-01-17T19:57:50.507213Z  INFO scan_sources: tailwindcss_oxide::scanner: Discovering "/Users/zachmcnair/repos/think/think-marketplace/src/app/listing/[slug]"
2026-01-17T19:57:50.507241Z  INFO scan_sources: tailwindcss_oxide::scanner: Discovering "/Users/zachmcnair/repos/think/think-marketplace/src/app/listing/[slug]/page.tsx"
2026-01-17T19:57:50.507282Z  INFO scan_sources: tailwindcss_oxide::scanner: Discovering "/Users/zachmcnair/repos/think/think-marketplace/src/app/builder"
2026-01-17T19:57:50.507331Z  INFO scan_sources: tailwindcss_oxide::scanner: Discovering "/Users/zachmcnair/repos/think/think-marketplace/src/app/builder/[slug]"
2026-01-17T19:57:50.507353Z  INFO scan_sources: tailwindcss_oxide::scanner: Discovering "/Users/zachmcnair/repos/think/think-marketplace/src/app/builder/[slug]/page.tsx"
2026-01-17T19:57:50.507366Z  INFO scan_sources: tailwindcss_oxide::scanner: Discovering "/Users/zachmcnair/repos/think/think-marketplace/src/app/page.tsx"
2026-01-17T19:57:50.507380Z  INFO scan_sources: tailwindcss_oxide::scanner: Discovering "/Users/zachmcnair/repos/think/think-marketplace/src/app/globals.css"
2026-01-17T19:57:50.507392Z  INFO scan_sources: tailwindcss_oxide::scanner: Discovering "/Users/zachmcnair/repos/think/think-marketplace/src/app/not-found.tsx"
2026-01-17T19:57:50.507431Z  INFO scan_sources: tailwindcss_oxide::scanner: Discovering "/Users/zachmcnair/repos/think/think-marketplace/src/components"
2026-01-17T19:57:50.507479Z  INFO scan_sources: tailwindcss_oxide::scanner: Discovering "/Users/zachmcnair/repos/think/think-marketplace/src/components/theme-provider.tsx"
2026-01-17T19:57:50.507515Z  INFO scan_sources: tailwindcss_oxide::scanner: Discovering "/Users/zachmcnair/repos/think/think-marketplace/src/components/ui"
2026-01-17T19:57:50.507546Z  INFO scan_sources: tailwindcss_oxide::scanner: Discovering "/Users/zachmcnair/repos/think/think-marketplace/src/components/ui/tabs.tsx"
2026-01-17T19:57:50.507557Z  INFO scan_sources: tailwindcss_oxide::scanner: Discovering "/Users/zachmcnair/repos/think/think-marketplace/src/components/ui/card.tsx"
2026-01-17T19:57:50.507568Z  INFO scan_sources: tailwindcss_oxide::scanner: Discovering "/Users/zachmcnair/repos/think/think-marketplace/src/components/ui/sheet.tsx"
2026-01-17T19:57:50.507582Z  INFO scan_sources: tailwindcss_oxide::scanner: Discovering "/Users/zachmcnair/repos/think/think-marketplace/src/components/ui/label.tsx"
2026-01-17T19:57:50.507602Z  INFO scan_sources: tailwindcss_oxide::scanner: Discovering "/Users/zachmcnair/repos/think/think-marketplace/src/components/ui/command.tsx"
2026-01-17T19:57:50.507612Z  INFO scan_sources: tailwindcss_oxide::scanner: Discovering "/Users/zachmcnair/repos/think/think-marketplace/src/components/ui/avatar.tsx"
2026-01-17T19:57:50.507623Z  INFO scan_sources: tailwindcss_oxide::scanner: Discovering "/Users/zachmcnair/repos/think/think-marketplace/src/components/ui/dialog.tsx"
2026-01-17T19:57:50.507634Z  INFO scan_sources: tailwindcss_oxide::scanner: Discovering "/Users/zachmcnair/repos/think/think-marketplace/src/components/ui/badge.tsx"
2026-01-17T19:57:50.507645Z  INFO scan_sources: tailwindcss_oxide::scanner: Discovering "/Users/zachmcnair/repos/think/think-marketplace/src/components/ui/separator.tsx"
2026-01-17T19:57:50.507655Z  INFO scan_sources: tailwindcss_oxide::scanner: Discovering "/Users/zachmcnair/repos/think/think-marketplace/src/components/ui/button.tsx"
2026-01-17T19:57:50.507666Z  INFO scan_sources: tailwindcss_oxide::scanner: Discovering "/Users/zachmcnair/repos/think/think-marketplace/src/components/ui/dropdown-menu.tsx"
2026-01-17T19:57:50.507677Z  INFO scan_sources: tailwindcss_oxide::scanner: Discovering "/Users/zachmcnair/repos/think/think-marketplace/src/components/ui/select.tsx"
2026-01-17T19:57:50.507687Z  INFO scan_sources: tailwindcss_oxide::scanner: Discovering "/Users/zachmcnair/repos/think/think-marketplace/src/components/ui/textarea.tsx"
2026-01-17T19:57:50.507697Z  INFO scan_sources: tailwindcss_oxide::scanner: Discovering "/Users/zachmcnair/repos/think/think-marketplace/src/components/ui/input.tsx"
2026-01-17T19:57:50.507708Z  INFO scan_sources: tailwindcss_oxide::scanner: Discovering "/Users/zachmcnair/repos/think/think-marketplace/src/components/ui/skeleton.tsx"
2026-01-17T19:57:50.507719Z  INFO scan_sources: tailwindcss_oxide::scanner: Discovering "/Users/zachmcnair/repos/think/think-marketplace/src/components/ui/carousel.tsx"
2026-01-17T19:57:50.507755Z  INFO scan_sources: tailwindcss_oxide::scanner: Discovering "/Users/zachmcnair/repos/think/think-marketplace/src/components/layout"
2026-01-17T19:57:50.507780Z  INFO scan_sources: tailwindcss_oxide::scanner: Discovering "/Users/zachmcnair/repos/think/think-marketplace/src/components/layout/index.tsx"
2026-01-17T19:57:50.507791Z  INFO scan_sources: tailwindcss_oxide::scanner: Discovering "/Users/zachmcnair/repos/think/think-marketplace/src/components/layout/footer.tsx"
2026-01-17T19:57:50.507802Z  INFO scan_sources: tailwindcss_oxide::scanner: Discovering "/Users/zachmcnair/repos/think/think-marketplace/src/components/layout/header.tsx"
2026-01-17T19:57:50.507814Z  INFO scan_sources: tailwindcss_oxide::scanner: Discovering "/Users/zachmcnair/repos/think/think-marketplace/src/components/listing-card.tsx"
2026-01-17T19:57:50.507825Z  INFO scan_sources: tailwindcss_oxide::scanner: Discovering "/Users/zachmcnair/repos/think/think-marketplace/src/components/theme-toggle.tsx"
2026-01-17T19:57:50.507836Z  INFO scan_sources: tailwindcss_oxide::scanner: Discovering "/Users/zachmcnair/repos/think/think-marketplace/src/components/featured-carousel.tsx"
2026-01-17T19:57:50.507872Z  INFO scan_sources: tailwindcss_oxide::scanner: Discovering "/Users/zachmcnair/repos/think/think-marketplace/src/lib"
2026-01-17T19:57:50.507897Z  INFO scan_sources: tailwindcss_oxide::scanner: Discovering "/Users/zachmcnair/repos/think/think-marketplace/src/lib/utils.ts"
2026-01-17T19:57:50.507932Z  INFO scan_sources: tailwindcss_oxide::scanner: Discovering "/Users/zachmcnair/repos/think/think-marketplace/src/lib/supabase"
2026-01-17T19:57:50.507960Z  INFO scan_sources: tailwindcss_oxide::scanner: Discovering "/Users/zachmcnair/repos/think/think-marketplace/src/lib/supabase/schema.sql"
2026-01-17T19:57:50.507971Z  INFO scan_sources: tailwindcss_oxide::scanner: Discovering "/Users/zachmcnair/repos/think/think-marketplace/src/lib/supabase/client.ts"
2026-01-17T19:57:50.507989Z  INFO scan_sources: tailwindcss_oxide::scanner: Discovering "/Users/zachmcnair/repos/think/think-marketplace/src/lib/supabase/server.ts"
2026-01-17T19:57:50.508030Z  INFO scan_sources: tailwindcss_oxide::scanner: Discovering "/Users/zachmcnair/repos/think/think-marketplace/src/lib/data"
2026-01-17T19:57:50.508052Z  INFO scan_sources: tailwindcss_oxide::scanner: Discovering "/Users/zachmcnair/repos/think/think-marketplace/src/lib/data/seed.ts"
2026-01-17T19:57:50.508087Z  INFO scan_sources: tailwindcss_oxide::scanner: exit
2026-01-17T19:57:50.508093Z  INFO extract_candidates: tailwindcss_oxide::scanner: enter
2026-01-17T19:57:50.508097Z  INFO extract_candidates:read_all_files: tailwindcss_oxide::scanner: enter
2026-01-17T19:57:50.508101Z  INFO extract_candidates:read_all_files: tailwindcss_oxide::scanner: Reading 57 file(s)
2026-01-17T19:57:50.508292Z  INFO tailwindcss_oxide::scanner: Reading "/Users/zachmcnair/repos/think/think-marketplace/package.json"
2026-01-17T19:57:50.508307Z  INFO tailwindcss_oxide::scanner: Reading "/Users/zachmcnair/repos/think/think-marketplace/postcss.config.mjs"
2026-01-17T19:57:50.508338Z  INFO tailwindcss_oxide::scanner: Reading "/Users/zachmcnair/repos/think/think-marketplace/public/think-marketplace-wordmark-light-mode.svg"
2026-01-17T19:57:50.508345Z  INFO tailwindcss_oxide::scanner: Reading "/Users/zachmcnair/repos/think/think-marketplace/src/app/not-found.tsx"
2026-01-17T19:57:50.508369Z  INFO tailwindcss_oxide::scanner: Reading "/Users/zachmcnair/repos/think/think-marketplace/README.md"
2026-01-17T19:57:50.508363Z  INFO tailwindcss_oxide::scanner: Reading "/Users/zachmcnair/repos/think/think-marketplace/public/file.svg"
2026-01-17T19:57:50.508359Z  INFO tailwindcss_oxide::scanner: Reading "/Users/zachmcnair/repos/think/think-marketplace/components.json"
2026-01-17T19:57:50.508417Z  INFO tailwindcss_oxide::scanner: Reading "/Users/zachmcnair/repos/think/think-marketplace/public/vercel.svg"
2026-01-17T19:57:50.508450Z  INFO tailwindcss_oxide::scanner: Reading "/Users/zachmcnair/repos/think/think-marketplace/public/thinkos-grey.svg"
2026-01-17T19:57:50.508458Z  INFO tailwindcss_oxide::scanner: Reading "/Users/zachmcnair/repos/think/think-marketplace/tsconfig.json"
2026-01-17T19:57:50.508454Z  INFO tailwindcss_oxide::scanner: Reading "/Users/zachmcnair/repos/think/think-marketplace/public/think-directory-homepage-copy.html"
2026-01-17T19:57:50.508492Z  INFO tailwindcss_oxide::scanner: Reading "/Users/zachmcnair/repos/think/think-marketplace/public/globe.svg"
2026-01-17T19:57:50.508363Z  INFO tailwindcss_oxide::scanner: Reading "/Users/zachmcnair/repos/think/think-marketplace/src/app/icon.svg"
2026-01-17T19:57:50.508497Z  INFO tailwindcss_oxide::scanner: Reading "/Users/zachmcnair/repos/think/think-marketplace/public/think-brainfist-light-mode.svg"
2026-01-17T19:57:50.508531Z  INFO tailwindcss_oxide::scanner: Reading "/Users/zachmcnair/repos/think/think-marketplace/eslint.config.mjs"
2026-01-17T19:57:50.508539Z  INFO tailwindcss_oxide::scanner: Reading "/Users/zachmcnair/repos/think/think-marketplace/src/components/ui/textarea.tsx"
2026-01-17T19:57:50.508501Z  INFO tailwindcss_oxide::scanner: Reading "/Users/zachmcnair/repos/think/think-marketplace/public/next.svg"
2026-01-17T19:57:50.508578Z  INFO tailwindcss_oxide::scanner: Reading "/Users/zachmcnair/repos/think/think-marketplace/public/window.svg"
2026-01-17T19:57:50.508579Z  INFO tailwindcss_oxide::scanner: Reading "/Users/zachmcnair/repos/think/think-marketplace/src/components/listing-card.tsx"
2026-01-17T19:57:50.508684Z  INFO tailwindcss_oxide::scanner: Reading "/Users/zachmcnair/repos/think/think-marketplace/src/types/index.ts"
2026-01-17T19:57:50.508501Z  INFO tailwindcss_oxide::scanner: Reading "/Users/zachmcnair/repos/think/think-marketplace/public/think-brainfist-darkmode-mode.svg"
2026-01-17T19:57:50.508588Z  INFO tailwindcss_oxide::scanner: Reading "/Users/zachmcnair/repos/think/think-marketplace/src/app/about/page.tsx"
2026-01-17T19:57:50.508763Z  INFO tailwindcss_oxide::scanner: Reading "/Users/zachmcnair/repos/think/think-marketplace/public/think-marketplace-wordmark-dark-mode.svg"
2026-01-17T19:57:50.508788Z  INFO tailwindcss_oxide::scanner: Reading "/Users/zachmcnair/repos/think/think-marketplace/src/components/theme-toggle.tsx"
2026-01-17T19:57:50.508604Z  INFO tailwindcss_oxide::scanner: Reading "/Users/zachmcnair/repos/think/think-marketplace/src/components/ui/input.tsx"
2026-01-17T19:57:50.508821Z  INFO tailwindcss_oxide::scanner: Reading "/Users/zachmcnair/repos/think/think-marketplace/public/think-marketplace-wordmark-dark-mode-white.svg"
2026-01-17T19:57:50.508836Z  INFO tailwindcss_oxide::scanner: Reading "/Users/zachmcnair/repos/think/think-marketplace/src/components/featured-carousel.tsx"
2026-01-17T19:57:50.508852Z  INFO tailwindcss_oxide::scanner: Reading "/Users/zachmcnair/repos/think/think-marketplace/src/components/ui/skeleton.tsx"
2026-01-17T19:57:50.508601Z  INFO tailwindcss_oxide::scanner: Reading "/Users/zachmcnair/repos/think/think-marketplace/next.config.ts"
2026-01-17T19:57:50.508769Z  INFO tailwindcss_oxide::scanner: Reading "/Users/zachmcnair/repos/think/think-marketplace/src/components/ui/separator.tsx"
2026-01-17T19:57:50.508894Z  INFO tailwindcss_oxide::scanner: Reading "/Users/zachmcnair/repos/think/think-marketplace/src/lib/utils.ts"
2026-01-17T19:57:50.508901Z  INFO tailwindcss_oxide::scanner: Reading "/Users/zachmcnair/repos/think/think-marketplace/src/components/ui/carousel.tsx"
2026-01-17T19:57:50.508804Z  INFO tailwindcss_oxide::scanner: Reading "/Users/zachmcnair/repos/think/think-marketplace/src/app/layout.tsx"
2026-01-17T19:57:50.508422Z  INFO tailwindcss_oxide::scanner: Reading "/Users/zachmcnair/repos/think/think-marketplace/src/components/theme-provider.tsx"
2026-01-17T19:57:50.508772Z  INFO tailwindcss_oxide::scanner: Reading "/Users/zachmcnair/repos/think/think-marketplace/src/app/submit/page.tsx"
2026-01-17T19:57:50.508970Z  INFO tailwindcss_oxide::scanner: Reading "/Users/zachmcnair/repos/think/think-marketplace/src/components/ui/dialog.tsx"
2026-01-17T19:57:50.508885Z  INFO tailwindcss_oxide::scanner: Reading "/Users/zachmcnair/repos/think/think-marketplace/src/components/ui/dropdown-menu.tsx"
2026-01-17T19:57:50.508995Z  INFO tailwindcss_oxide::scanner: Reading "/Users/zachmcnair/repos/think/think-marketplace/src/components/ui/tabs.tsx"
2026-01-17T19:57:50.509012Z  INFO tailwindcss_oxide::scanner: Reading "/Users/zachmcnair/repos/think/think-marketplace/src/components/ui/select.tsx"
2026-01-17T19:57:50.508936Z  INFO tailwindcss_oxide::scanner: Reading "/Users/zachmcnair/repos/think/think-marketplace/src/components/layout/footer.tsx"
2026-01-17T19:57:50.509057Z  INFO tailwindcss_oxide::scanner: Reading "/Users/zachmcnair/repos/think/think-marketplace/src/components/ui/card.tsx"
2026-01-17T19:57:50.508953Z  INFO tailwindcss_oxide::scanner: Reading "/Users/zachmcnair/repos/think/think-marketplace/src/components/layout/index.tsx"
2026-01-17T19:57:50.508602Z  INFO tailwindcss_oxide::scanner: Reading "/Users/zachmcnair/repos/think/think-marketplace/src/components/ui/avatar.tsx"
2026-01-17T19:57:50.508632Z  INFO tailwindcss_oxide::scanner: Reading "/Users/zachmcnair/repos/think/think-marketplace/src/app/browse/page.tsx"
2026-01-17T19:57:50.509118Z  INFO tailwindcss_oxide::scanner: Reading "/Users/zachmcnair/repos/think/think-marketplace/src/app/page.tsx"
2026-01-17T19:57:50.508952Z  INFO tailwindcss_oxide::scanner: Reading "/Users/zachmcnair/repos/think/think-marketplace/src/components/ui/button.tsx"
2026-01-17T19:57:50.509037Z  INFO tailwindcss_oxide::scanner: Reading "/Users/zachmcnair/repos/think/think-marketplace/src/components/layout/header.tsx"
2026-01-17T19:57:50.509175Z  INFO tailwindcss_oxide::scanner: Reading "/Users/zachmcnair/repos/think/think-marketplace/src/components/ui/command.tsx"
2026-01-17T19:57:50.508952Z  INFO tailwindcss_oxide::scanner: Reading "/Users/zachmcnair/repos/think/think-marketplace/src/lib/supabase/schema.sql"
2026-01-17T19:57:50.509065Z  INFO tailwindcss_oxide::scanner: Reading "/Users/zachmcnair/repos/think/think-marketplace/src/app/builder/[slug]/page.tsx"
2026-01-17T19:57:50.509199Z  INFO tailwindcss_oxide::scanner: Reading "/Users/zachmcnair/repos/think/think-marketplace/src/lib/supabase/client.ts"
2026-01-17T19:57:50.509218Z  INFO tailwindcss_oxide::scanner: Reading "/Users/zachmcnair/repos/think/think-marketplace/src/lib/data/seed.ts"
2026-01-17T19:57:50.509152Z  INFO tailwindcss_oxide::scanner: Reading "/Users/zachmcnair/repos/think/think-marketplace/src/app/listing/[slug]/page.tsx"
2026-01-17T19:57:50.509197Z  INFO tailwindcss_oxide::scanner: Reading "/Users/zachmcnair/repos/think/think-marketplace/src/lib/supabase/server.ts"
2026-01-17T19:57:50.509095Z  INFO tailwindcss_oxide::scanner: Reading "/Users/zachmcnair/repos/think/think-marketplace/src/components/ui/label.tsx"
2026-01-17T19:57:50.509117Z  INFO tailwindcss_oxide::scanner: Reading "/Users/zachmcnair/repos/think/think-marketplace/src/components/ui/sheet.tsx"
2026-01-17T19:57:50.509035Z  INFO tailwindcss_oxide::scanner: Reading "/Users/zachmcnair/repos/think/think-marketplace/src/components/ui/badge.tsx"
2026-01-17T19:57:50.509351Z  INFO extract_candidates:read_all_files: tailwindcss_oxide::scanner: exit
2026-01-17T19:57:50.509358Z  INFO extract_candidates:parse_all_blobs: tailwindcss_oxide::scanner: enter
2026-01-17T19:57:50.509362Z  INFO extract_candidates:parse_all_blobs:extract: tailwindcss_oxide::scanner: enter
2026-01-17T19:57:50.511074Z  INFO extract_candidates:parse_all_blobs:extract: tailwindcss_oxide::scanner: exit
2026-01-17T19:57:50.511091Z  INFO extract_candidates:parse_all_blobs: tailwindcss_oxide::scanner: exit
2026-01-17T19:57:50.511096Z  INFO extract_candidates:read_all_files: tailwindcss_oxide::scanner: enter
2026-01-17T19:57:50.511099Z  INFO extract_candidates:read_all_files: tailwindcss_oxide::scanner: Reading 1 file(s)
2026-01-17T19:57:50.511155Z  INFO extract_candidates:read_all_files: tailwindcss_oxide::scanner: Reading "/Users/zachmcnair/repos/think/think-marketplace/src/app/globals.css"
2026-01-17T19:57:50.511161Z  INFO extract_candidates:read_all_files: tailwindcss_oxide::scanner: exit
2026-01-17T19:57:50.511165Z  INFO extract_candidates:extract_css_variables: tailwindcss_oxide::scanner: enter
2026-01-17T19:57:50.511169Z  INFO extract_candidates:extract_css_variables:extract: tailwindcss_oxide::scanner: enter
2026-01-17T19:57:50.511330Z  INFO extract_candidates:extract_css_variables:extract: tailwindcss_oxide::scanner: exit
2026-01-17T19:57:50.511336Z  INFO extract_candidates:extract_css_variables: tailwindcss_oxide::scanner: exit
2026-01-17T19:57:50.512049Z  INFO extract_candidates: tailwindcss_oxide::scanner: exit
2026-01-17T19:57:50.512602Z  INFO get_files: tailwindcss_oxide::scanner: enter
2026-01-17T19:57:50.512614Z  INFO get_files:scan_sources: tailwindcss_oxide::scanner: enter
2026-01-17T19:57:50.513100Z  INFO get_files:scan_sources: tailwindcss_oxide::scanner: Discovering "/Users/zachmcnair/repos/think/think-marketplace/public"
2026-01-17T19:57:50.513276Z  INFO get_files:scan_sources: tailwindcss_oxide::scanner: Discovering "/Users/zachmcnair/repos/think/think-marketplace/src"
2026-01-17T19:57:50.513316Z  INFO get_files:scan_sources: tailwindcss_oxide::scanner: Discovering "/Users/zachmcnair/repos/think/think-marketplace/src/types"
2026-01-17T19:57:50.513361Z  INFO get_files:scan_sources: tailwindcss_oxide::scanner: Discovering "/Users/zachmcnair/repos/think/think-marketplace/src/app"
2026-01-17T19:57:50.513403Z  INFO get_files:scan_sources: tailwindcss_oxide::scanner: Discovering "/Users/zachmcnair/repos/think/think-marketplace/src/app/submit"
2026-01-17T19:57:50.513451Z  INFO get_files:scan_sources: tailwindcss_oxide::scanner: Discovering "/Users/zachmcnair/repos/think/think-marketplace/src/app/about"
2026-01-17T19:57:50.513499Z  INFO get_files:scan_sources: tailwindcss_oxide::scanner: Discovering "/Users/zachmcnair/repos/think/think-marketplace/src/app/browse"
2026-01-17T19:57:50.513541Z  INFO get_files:scan_sources: tailwindcss_oxide::scanner: Discovering "/Users/zachmcnair/repos/think/think-marketplace/src/app/listing"
2026-01-17T19:57:50.513577Z  INFO get_files:scan_sources: tailwindcss_oxide::scanner: Discovering "/Users/zachmcnair/repos/think/think-marketplace/src/app/listing/[slug]"
2026-01-17T19:57:50.513628Z  INFO get_files:scan_sources: tailwindcss_oxide::scanner: Discovering "/Users/zachmcnair/repos/think/think-marketplace/src/app/builder"
2026-01-17T19:57:50.513663Z  INFO get_files:scan_sources: tailwindcss_oxide::scanner: Discovering "/Users/zachmcnair/repos/think/think-marketplace/src/app/builder/[slug]"
2026-01-17T19:57:50.513719Z  INFO get_files:scan_sources: tailwindcss_oxide::scanner: Discovering "/Users/zachmcnair/repos/think/think-marketplace/src/components"
2026-01-17T19:57:50.513762Z  INFO get_files:scan_sources: tailwindcss_oxide::scanner: Discovering "/Users/zachmcnair/repos/think/think-marketplace/src/components/ui"
2026-01-17T19:57:50.513872Z  INFO get_files:scan_sources: tailwindcss_oxide::scanner: Discovering "/Users/zachmcnair/repos/think/think-marketplace/src/components/layout"
2026-01-17T19:57:50.513936Z  INFO get_files:scan_sources: tailwindcss_oxide::scanner: Discovering "/Users/zachmcnair/repos/think/think-marketplace/src/lib"
2026-01-17T19:57:50.513975Z  INFO get_files:scan_sources: tailwindcss_oxide::scanner: Discovering "/Users/zachmcnair/repos/think/think-marketplace/src/lib/supabase"
2026-01-17T19:57:50.514026Z  INFO get_files:scan_sources: tailwindcss_oxide::scanner: Discovering "/Users/zachmcnair/repos/think/think-marketplace/src/lib/data"
2026-01-17T19:57:50.514064Z  INFO get_files:scan_sources: tailwindcss_oxide::scanner: exit
2026-01-17T19:57:50.514177Z  INFO get_files: tailwindcss_oxide::scanner: exit
2026-01-17T19:57:50.514279Z  INFO get_globs: tailwindcss_oxide::scanner: enter
2026-01-17T19:57:50.514283Z  INFO get_globs:scan_sources: tailwindcss_oxide::scanner: enter
2026-01-17T19:57:50.514652Z  INFO get_globs:scan_sources: tailwindcss_oxide::scanner: Discovering "/Users/zachmcnair/repos/think/think-marketplace/public"
2026-01-17T19:57:50.514812Z  INFO get_globs:scan_sources: tailwindcss_oxide::scanner: Discovering "/Users/zachmcnair/repos/think/think-marketplace/src"
2026-01-17T19:57:50.514847Z  INFO get_globs:scan_sources: tailwindcss_oxide::scanner: Discovering "/Users/zachmcnair/repos/think/think-marketplace/src/types"
2026-01-17T19:57:50.514887Z  INFO get_globs:scan_sources: tailwindcss_oxide::scanner: Discovering "/Users/zachmcnair/repos/think/think-marketplace/src/app"
2026-01-17T19:57:50.514925Z  INFO get_globs:scan_sources: tailwindcss_oxide::scanner: Discovering "/Users/zachmcnair/repos/think/think-marketplace/src/app/submit"
2026-01-17T19:57:50.514969Z  INFO get_globs:scan_sources: tailwindcss_oxide::scanner: Discovering "/Users/zachmcnair/repos/think/think-marketplace/src/app/about"
2026-01-17T19:57:50.515013Z  INFO get_globs:scan_sources: tailwindcss_oxide::scanner: Discovering "/Users/zachmcnair/repos/think/think-marketplace/src/app/browse"
2026-01-17T19:57:50.515052Z  INFO get_globs:scan_sources: tailwindcss_oxide::scanner: Discovering "/Users/zachmcnair/repos/think/think-marketplace/src/app/listing"
2026-01-17T19:57:50.515086Z  INFO get_globs:scan_sources: tailwindcss_oxide::scanner: Discovering "/Users/zachmcnair/repos/think/think-marketplace/src/app/listing/[slug]"
2026-01-17T19:57:50.515127Z  INFO get_globs:scan_sources: tailwindcss_oxide::scanner: Discovering "/Users/zachmcnair/repos/think/think-marketplace/src/app/builder"
2026-01-17T19:57:50.515161Z  INFO get_globs:scan_sources: tailwindcss_oxide::scanner: Discovering "/Users/zachmcnair/repos/think/think-marketplace/src/app/builder/[slug]"
2026-01-17T19:57:50.515215Z  INFO get_globs:scan_sources: tailwindcss_oxide::scanner: Discovering "/Users/zachmcnair/repos/think/think-marketplace/src/components"
2026-01-17T19:57:50.515256Z  INFO get_globs:scan_sources: tailwindcss_oxide::scanner: Discovering "/Users/zachmcnair/repos/think/think-marketplace/src/components/ui"
2026-01-17T19:57:50.515362Z  INFO get_globs:scan_sources: tailwindcss_oxide::scanner: Discovering "/Users/zachmcnair/repos/think/think-marketplace/src/components/layout"
2026-01-17T19:57:50.515423Z  INFO get_globs:scan_sources: tailwindcss_oxide::scanner: Discovering "/Users/zachmcnair/repos/think/think-marketplace/src/lib"
2026-01-17T19:57:50.515467Z  INFO get_globs:scan_sources: tailwindcss_oxide::scanner: Discovering "/Users/zachmcnair/repos/think/think-marketplace/src/lib/supabase"
2026-01-17T19:57:50.515517Z  INFO get_globs:scan_sources: tailwindcss_oxide::scanner: Discovering "/Users/zachmcnair/repos/think/think-marketplace/src/lib/data"
2026-01-17T19:57:50.515552Z  INFO get_globs:scan_sources: tailwindcss_oxide::scanner: exit
2026-01-17T19:57:50.517163Z  INFO get_globs: tailwindcss_oxide::scanner: exit
2026-01-18T01:52:51.069928Z  INFO tailwindcss_oxide::scanner: Provided sources:
2026-01-18T01:52:51.072710Z  INFO tailwindcss_oxide::scanner: Source: PublicSourceEntry { base: "/Users/zachmcnair/repos/think/think-marketplace", pattern: "**/*", negated: false }
2026-01-18T01:52:51.073771Z  INFO tailwindcss_oxide::scanner: Optimized sources:
2026-01-18T01:52:51.078595Z  INFO tailwindcss_oxide::scanner: Source: Auto { base: "/Users/zachmcnair/repos/think/think-marketplace" }
2026-01-18T01:52:51.078955Z  INFO scan_sources: tailwindcss_oxide::scanner: enter
2026-01-18T01:52:51.084418Z  INFO scan_sources: tailwindcss_oxide::scanner: Discovering "/Users/zachmcnair/repos/think/think-marketplace/postcss.config.mjs"
2026-01-18T01:52:51.095521Z  INFO scan_sources: tailwindcss_oxide::scanner: Discovering "/Users/zachmcnair/repos/think/think-marketplace/README.md"
2026-01-18T01:52:51.101336Z  INFO scan_sources: tailwindcss_oxide::scanner: Discovering "/Users/zachmcnair/repos/think/think-marketplace/public"
2026-01-18T01:52:51.107518Z  INFO scan_sources: tailwindcss_oxide::scanner: Discovering "/Users/zachmcnair/repos/think/think-marketplace/public/thinkos-grey.svg"
2026-01-18T01:52:51.113542Z  INFO scan_sources: tailwindcss_oxide::scanner: Discovering "/Users/zachmcnair/repos/think/think-marketplace/public/file.svg"
2026-01-18T01:52:51.124703Z  INFO scan_sources: tailwindcss_oxide::scanner: Discovering "/Users/zachmcnair/repos/think/think-marketplace/public/think-directory-homepage-copy.html"
2026-01-18T01:52:51.124782Z  INFO scan_sources: tailwindcss_oxide::scanner: Discovering "/Users/zachmcnair/repos/think/think-marketplace/public/think-brainfist-light-mode.svg"
2026-01-18T01:52:51.124817Z  INFO scan_sources: tailwindcss_oxide::scanner: Discovering "/Users/zachmcnair/repos/think/think-marketplace/public/think-brainfist-darkmode-mode.svg"
2026-01-18T01:52:51.130135Z  INFO scan_sources: tailwindcss_oxide::scanner: Discovering "/Users/zachmcnair/repos/think/think-marketplace/public/think-marketplace-wordmark-light-mode.svg"
2026-01-18T01:52:51.130180Z  INFO scan_sources: tailwindcss_oxide::scanner: Discovering "/Users/zachmcnair/repos/think/think-marketplace/public/vercel.svg"
2026-01-18T01:52:51.130202Z  INFO scan_sources: tailwindcss_oxide::scanner: Discovering "/Users/zachmcnair/repos/think/think-marketplace/public/next.svg"
2026-01-18T01:52:51.130220Z  INFO scan_sources: tailwindcss_oxide::scanner: Discovering "/Users/zachmcnair/repos/think/think-marketplace/public/globe.svg"
2026-01-18T01:52:51.130240Z  INFO scan_sources: tailwindcss_oxide::scanner: Discovering "/Users/zachmcnair/repos/think/think-marketplace/public/window.svg"
2026-01-18T01:52:51.130279Z  INFO scan_sources: tailwindcss_oxide::scanner: Discovering "/Users/zachmcnair/repos/think/think-marketplace/public/think-marketplace-wordmark-dark-mode.svg"
2026-01-18T01:52:51.130353Z  INFO scan_sources: tailwindcss_oxide::scanner: Discovering "/Users/zachmcnair/repos/think/think-marketplace/public/think-marketplace-wordmark-dark-mode-white.svg"
2026-01-18T01:52:51.130411Z  INFO scan_sources: tailwindcss_oxide::scanner: Discovering "/Users/zachmcnair/repos/think/think-marketplace/package.json"
2026-01-18T01:52:51.130663Z  INFO scan_sources: tailwindcss_oxide::scanner: Discovering "/Users/zachmcnair/repos/think/think-marketplace/components.json"
2026-01-18T01:52:51.130712Z  INFO scan_sources: tailwindcss_oxide::scanner: Discovering "/Users/zachmcnair/repos/think/think-marketplace/tsconfig.json"
2026-01-18T01:52:51.130840Z  INFO scan_sources: tailwindcss_oxide::scanner: Discovering "/Users/zachmcnair/repos/think/think-marketplace/eslint.config.mjs"
2026-01-18T01:52:51.130880Z  INFO scan_sources: tailwindcss_oxide::scanner: Discovering "/Users/zachmcnair/repos/think/think-marketplace/next.config.ts"
2026-01-18T01:52:51.130921Z  INFO scan_sources: tailwindcss_oxide::scanner: Discovering "/Users/zachmcnair/repos/think/think-marketplace/src"
2026-01-18T01:52:51.131017Z  INFO scan_sources: tailwindcss_oxide::scanner: Discovering "/Users/zachmcnair/repos/think/think-marketplace/src/types"
2026-01-18T01:52:51.131092Z  INFO scan_sources: tailwindcss_oxide::scanner: Discovering "/Users/zachmcnair/repos/think/think-marketplace/src/types/index.ts"
2026-01-18T01:52:51.131134Z  INFO scan_sources: tailwindcss_oxide::scanner: Discovering "/Users/zachmcnair/repos/think/think-marketplace/src/app"
2026-01-18T01:52:51.131192Z  INFO scan_sources: tailwindcss_oxide::scanner: Discovering "/Users/zachmcnair/repos/think/think-marketplace/src/app/submit"
2026-01-18T01:52:51.131227Z  INFO scan_sources: tailwindcss_oxide::scanner: Discovering "/Users/zachmcnair/repos/think/think-marketplace/src/app/submit/page.tsx"
2026-01-18T01:52:51.131241Z  INFO scan_sources: tailwindcss_oxide::scanner: Discovering "/Users/zachmcnair/repos/think/think-marketplace/src/app/icon.svg"
2026-01-18T01:52:51.131269Z  INFO scan_sources: tailwindcss_oxide::scanner: Discovering "/Users/zachmcnair/repos/think/think-marketplace/src/app/about"
2026-01-18T01:52:51.131295Z  INFO scan_sources: tailwindcss_oxide::scanner: Discovering "/Users/zachmcnair/repos/think/think-marketplace/src/app/about/page.tsx"
2026-01-18T01:52:51.131309Z  INFO scan_sources: tailwindcss_oxide::scanner: Discovering "/Users/zachmcnair/repos/think/think-marketplace/src/app/layout.tsx"
2026-01-18T01:52:51.131381Z  INFO scan_sources: tailwindcss_oxide::scanner: Discovering "/Users/zachmcnair/repos/think/think-marketplace/src/app/browse"
2026-01-18T01:52:51.131442Z  INFO scan_sources: tailwindcss_oxide::scanner: Discovering "/Users/zachmcnair/repos/think/think-marketplace/src/app/browse/page.tsx"
2026-01-18T01:52:51.131482Z  INFO scan_sources: tailwindcss_oxide::scanner: Discovering "/Users/zachmcnair/repos/think/think-marketplace/src/app/listing"
2026-01-18T01:52:51.131540Z  INFO scan_sources: tailwindcss_oxide::scanner: Discovering "/Users/zachmcnair/repos/think/think-marketplace/src/app/listing/[slug]"
2026-01-18T01:52:51.131574Z  INFO scan_sources: tailwindcss_oxide::scanner: Discovering "/Users/zachmcnair/repos/think/think-marketplace/src/app/listing/[slug]/page.tsx"
2026-01-18T01:52:51.131620Z  INFO scan_sources: tailwindcss_oxide::scanner: Discovering "/Users/zachmcnair/repos/think/think-marketplace/src/app/builder"
2026-01-18T01:52:51.131674Z  INFO scan_sources: tailwindcss_oxide::scanner: Discovering "/Users/zachmcnair/repos/think/think-marketplace/src/app/builder/[slug]"
2026-01-18T01:52:51.131704Z  INFO scan_sources: tailwindcss_oxide::scanner: Discovering "/Users/zachmcnair/repos/think/think-marketplace/src/app/builder/[slug]/page.tsx"
2026-01-18T01:52:51.131718Z  INFO scan_sources: tailwindcss_oxide::scanner: Discovering "/Users/zachmcnair/repos/think/think-marketplace/src/app/page.tsx"
2026-01-18T01:52:51.131735Z  INFO scan_sources: tailwindcss_oxide::scanner: Discovering "/Users/zachmcnair/repos/think/think-marketplace/src/app/globals.css"
2026-01-18T01:52:51.131750Z  INFO scan_sources: tailwindcss_oxide::scanner: Discovering "/Users/zachmcnair/repos/think/think-marketplace/src/app/not-found.tsx"
2026-01-18T01:52:51.131787Z  INFO scan_sources: tailwindcss_oxide::scanner: Discovering "/Users/zachmcnair/repos/think/think-marketplace/src/components"
2026-01-18T01:52:51.131827Z  INFO scan_sources: tailwindcss_oxide::scanner: Discovering "/Users/zachmcnair/repos/think/think-marketplace/src/components/theme-provider.tsx"
2026-01-18T01:52:51.131870Z  INFO scan_sources: tailwindcss_oxide::scanner: Discovering "/Users/zachmcnair/repos/think/think-marketplace/src/components/ui"
2026-01-18T01:52:51.132554Z  INFO scan_sources: tailwindcss_oxide::scanner: Discovering "/Users/zachmcnair/repos/think/think-marketplace/src/components/ui/tabs.tsx"
2026-01-18T01:52:51.132625Z  INFO scan_sources: tailwindcss_oxide::scanner: Discovering "/Users/zachmcnair/repos/think/think-marketplace/src/components/ui/card.tsx"
2026-01-18T01:52:51.132827Z  INFO scan_sources: tailwindcss_oxide::scanner: Discovering "/Users/zachmcnair/repos/think/think-marketplace/src/components/ui/sheet.tsx"
2026-01-18T01:52:51.132892Z  INFO scan_sources: tailwindcss_oxide::scanner: Discovering "/Users/zachmcnair/repos/think/think-marketplace/src/components/ui/label.tsx"
2026-01-18T01:52:51.132915Z  INFO scan_sources: tailwindcss_oxide::scanner: Discovering "/Users/zachmcnair/repos/think/think-marketplace/src/components/ui/command.tsx"
2026-01-18T01:52:51.133097Z  INFO scan_sources: tailwindcss_oxide::scanner: Discovering "/Users/zachmcnair/repos/think/think-marketplace/src/components/ui/avatar.tsx"
2026-01-18T01:52:51.134025Z  INFO scan_sources: tailwindcss_oxide::scanner: Discovering "/Users/zachmcnair/repos/think/think-marketplace/src/components/ui/dialog.tsx"
2026-01-18T01:52:51.134064Z  INFO scan_sources: tailwindcss_oxide::scanner: Discovering "/Users/zachmcnair/repos/think/think-marketplace/src/components/ui/badge.tsx"
2026-01-18T01:52:51.134209Z  INFO scan_sources: tailwindcss_oxide::scanner: Discovering "/Users/zachmcnair/repos/think/think-marketplace/src/components/ui/separator.tsx"
2026-01-18T01:52:51.134318Z  INFO scan_sources: tailwindcss_oxide::scanner: Discovering "/Users/zachmcnair/repos/think/think-marketplace/src/components/ui/button.tsx"
2026-01-18T01:52:51.134345Z  INFO scan_sources: tailwindcss_oxide::scanner: Discovering "/Users/zachmcnair/repos/think/think-marketplace/src/components/ui/dropdown-menu.tsx"
2026-01-18T01:52:51.134372Z  INFO scan_sources: tailwindcss_oxide::scanner: Discovering "/Users/zachmcnair/repos/think/think-marketplace/src/components/ui/select.tsx"
2026-01-18T01:52:51.134444Z  INFO scan_sources: tailwindcss_oxide::scanner: Discovering "/Users/zachmcnair/repos/think/think-marketplace/src/components/ui/textarea.tsx"
2026-01-18T01:52:51.134519Z  INFO scan_sources: tailwindcss_oxide::scanner: Discovering "/Users/zachmcnair/repos/think/think-marketplace/src/components/ui/input.tsx"
2026-01-18T01:52:51.134544Z  INFO scan_sources: tailwindcss_oxide::scanner: Discovering "/Users/zachmcnair/repos/think/think-marketplace/src/components/ui/skeleton.tsx"
2026-01-18T01:52:51.134757Z  INFO scan_sources: tailwindcss_oxide::scanner: Discovering "/Users/zachmcnair/repos/think/think-marketplace/src/components/ui/carousel.tsx"
2026-01-18T01:52:51.134837Z  INFO scan_sources: tailwindcss_oxide::scanner: Discovering "/Users/zachmcnair/repos/think/think-marketplace/src/components/layout"
2026-01-18T01:52:51.135067Z  INFO scan_sources: tailwindcss_oxide::scanner: Discovering "/Users/zachmcnair/repos/think/think-marketplace/src/components/layout/index.tsx"
2026-01-18T01:52:51.135085Z  INFO scan_sources: tailwindcss_oxide::scanner: Discovering "/Users/zachmcnair/repos/think/think-marketplace/src/components/layout/footer.tsx"
2026-01-18T01:52:51.135101Z  INFO scan_sources: tailwindcss_oxide::scanner: Discovering "/Users/zachmcnair/repos/think/think-marketplace/src/components/layout/header.tsx"
2026-01-18T01:52:51.135117Z  INFO scan_sources: tailwindcss_oxide::scanner: Discovering "/Users/zachmcnair/repos/think/think-marketplace/src/components/listing-card.tsx"
2026-01-18T01:52:51.135130Z  INFO scan_sources: tailwindcss_oxide::scanner: Discovering "/Users/zachmcnair/repos/think/think-marketplace/src/components/theme-toggle.tsx"
2026-01-18T01:52:51.135144Z  INFO scan_sources: tailwindcss_oxide::scanner: Discovering "/Users/zachmcnair/repos/think/think-marketplace/src/components/featured-carousel.tsx"
2026-01-18T01:52:51.135186Z  INFO scan_sources: tailwindcss_oxide::scanner: Discovering "/Users/zachmcnair/repos/think/think-marketplace/src/lib"
2026-01-18T01:52:51.135403Z  INFO scan_sources: tailwindcss_oxide::scanner: Discovering "/Users/zachmcnair/repos/think/think-marketplace/src/lib/utils.ts"
2026-01-18T01:52:51.135491Z  INFO scan_sources: tailwindcss_oxide::scanner: Discovering "/Users/zachmcnair/repos/think/think-marketplace/src/lib/supabase"
2026-01-18T01:52:51.135564Z  INFO scan_sources: tailwindcss_oxide::scanner: Discovering "/Users/zachmcnair/repos/think/think-marketplace/src/lib/supabase/schema.sql"
2026-01-18T01:52:51.135579Z  INFO scan_sources: tailwindcss_oxide::scanner: Discovering "/Users/zachmcnair/repos/think/think-marketplace/src/lib/supabase/client.ts"
2026-01-18T01:52:51.135599Z  INFO scan_sources: tailwindcss_oxide::scanner: Discovering "/Users/zachmcnair/repos/think/think-marketplace/src/lib/supabase/server.ts"
2026-01-18T01:52:51.136891Z  INFO scan_sources: tailwindcss_oxide::scanner: Discovering "/Users/zachmcnair/repos/think/think-marketplace/src/lib/data"
2026-01-18T01:52:51.136983Z  INFO scan_sources: tailwindcss_oxide::scanner: Discovering "/Users/zachmcnair/repos/think/think-marketplace/src/lib/data/seed.ts"
2026-01-18T01:52:51.137030Z  INFO scan_sources: tailwindcss_oxide::scanner: exit
2026-01-18T01:52:51.137038Z  INFO extract_candidates: tailwindcss_oxide::scanner: enter
2026-01-18T01:52:51.137044Z  INFO extract_candidates:read_all_files: tailwindcss_oxide::scanner: enter
2026-01-18T01:52:51.137048Z  INFO extract_candidates:read_all_files: tailwindcss_oxide::scanner: Reading 57 file(s)
2026-01-18T01:52:51.137265Z  INFO tailwindcss_oxide::scanner: Reading "/Users/zachmcnair/repos/think/think-marketplace/src/app/not-found.tsx"
2026-01-18T01:52:51.137309Z  INFO tailwindcss_oxide::scanner: Reading "/Users/zachmcnair/repos/think/think-marketplace/README.md"
2026-01-18T01:52:51.137324Z  INFO tailwindcss_oxide::scanner: Reading "/Users/zachmcnair/repos/think/think-marketplace/postcss.config.mjs"
2026-01-18T01:52:51.137334Z  INFO tailwindcss_oxide::scanner: Reading "/Users/zachmcnair/repos/think/think-marketplace/src/components/theme-provider.tsx"
2026-01-18T01:52:51.137618Z  INFO tailwindcss_oxide::scanner: Reading "/Users/zachmcnair/repos/think/think-marketplace/public/thinkos-grey.svg"
2026-01-18T01:52:51.137624Z  INFO tailwindcss_oxide::scanner: Reading "/Users/zachmcnair/repos/think/think-marketplace/src/components/ui/tabs.tsx"
2026-01-18T01:52:51.137683Z  INFO tailwindcss_oxide::scanner: Reading "/Users/zachmcnair/repos/think/think-marketplace/package.json"
2026-01-18T01:52:51.137732Z  INFO tailwindcss_oxide::scanner: Reading "/Users/zachmcnair/repos/think/think-marketplace/public/file.svg"
2026-01-18T01:52:51.137840Z  INFO tailwindcss_oxide::scanner: Reading "/Users/zachmcnair/repos/think/think-marketplace/src/components/ui/textarea.tsx"
2026-01-18T01:52:51.137864Z  INFO tailwindcss_oxide::scanner: Reading "/Users/zachmcnair/repos/think/think-marketplace/public/think-brainfist-light-mode.svg"
2026-01-18T01:52:51.137900Z  INFO tailwindcss_oxide::scanner: Reading "/Users/zachmcnair/repos/think/think-marketplace/src/components/listing-card.tsx"
2026-01-18T01:52:51.137907Z  INFO tailwindcss_oxide::scanner: Reading "/Users/zachmcnair/repos/think/think-marketplace/public/think-directory-homepage-copy.html"
2026-01-18T01:52:51.142826Z  INFO tailwindcss_oxide::scanner: Reading "/Users/zachmcnair/repos/think/think-marketplace/components.json"
2026-01-18T01:52:51.137917Z  INFO tailwindcss_oxide::scanner: Reading "/Users/zachmcnair/repos/think/think-marketplace/src/components/ui/carousel.tsx"
2026-01-18T01:52:51.142868Z  INFO tailwindcss_oxide::scanner: Reading "/Users/zachmcnair/repos/think/think-marketplace/src/app/icon.svg"
2026-01-18T01:52:51.142881Z  INFO tailwindcss_oxide::scanner: Reading "/Users/zachmcnair/repos/think/think-marketplace/src/components/layout/index.tsx"
2026-01-18T01:52:51.142887Z  INFO tailwindcss_oxide::scanner: Reading "/Users/zachmcnair/repos/think/think-marketplace/src/components/ui/input.tsx"
2026-01-18T01:52:51.142867Z  INFO tailwindcss_oxide::scanner: Reading "/Users/zachmcnair/repos/think/think-marketplace/src/components/ui/card.tsx"
2026-01-18T01:52:51.138117Z  INFO tailwindcss_oxide::scanner: Reading "/Users/zachmcnair/repos/think/think-marketplace/public/think-marketplace-wordmark-light-mode.svg"
2026-01-18T01:52:51.142913Z  INFO tailwindcss_oxide::scanner: Reading "/Users/zachmcnair/repos/think/think-marketplace/src/components/layout/footer.tsx"
2026-01-18T01:52:51.142752Z  INFO tailwindcss_oxide::scanner: Reading "/Users/zachmcnair/repos/think/think-marketplace/src/lib/supabase/schema.sql"
2026-01-18T01:52:51.142981Z  INFO tailwindcss_oxide::scanner: Reading "/Users/zachmcnair/repos/think/think-marketplace/tsconfig.json"
2026-01-18T01:52:51.142995Z  INFO tailwindcss_oxide::scanner: Reading "/Users/zachmcnair/repos/think/think-marketplace/src/components/layout/header.tsx"
2026-01-18T01:52:51.143009Z  INFO tailwindcss_oxide::scanner: Reading "/Users/zachmcnair/repos/think/think-marketplace/src/components/ui/skeleton.tsx"
2026-01-18T01:52:51.142925Z  INFO tailwindcss_oxide::scanner: Reading "/Users/zachmcnair/repos/think/think-marketplace/src/app/browse/page.tsx"
2026-01-18T01:52:51.142831Z  INFO tailwindcss_oxide::scanner: Reading "/Users/zachmcnair/repos/think/think-marketplace/public/think-brainfist-darkmode-mode.svg"
2026-01-18T01:52:51.143051Z  INFO tailwindcss_oxide::scanner: Reading "/Users/zachmcnair/repos/think/think-marketplace/public/vercel.svg"
2026-01-18T01:52:51.143035Z  INFO tailwindcss_oxide::scanner: Reading "/Users/zachmcnair/repos/think/think-marketplace/src/lib/supabase/server.ts"
2026-01-18T01:52:51.142910Z  INFO tailwindcss_oxide::scanner: Reading "/Users/zachmcnair/repos/think/think-marketplace/src/app/about/page.tsx"
2026-01-18T01:52:51.143001Z  INFO tailwindcss_oxide::scanner: Reading "/Users/zachmcnair/repos/think/think-marketplace/src/lib/supabase/client.ts"
2026-01-18T01:52:51.142830Z  INFO tailwindcss_oxide::scanner: Reading "/Users/zachmcnair/repos/think/think-marketplace/src/components/theme-toggle.tsx"
2026-01-18T01:52:51.143071Z  INFO tailwindcss_oxide::scanner: Reading "/Users/zachmcnair/repos/think/think-marketplace/src/app/layout.tsx"
2026-01-18T01:52:51.143082Z  INFO tailwindcss_oxide::scanner: Reading "/Users/zachmcnair/repos/think/think-marketplace/src/lib/data/seed.ts"
2026-01-18T01:52:51.143082Z  INFO tailwindcss_oxide::scanner: Reading "/Users/zachmcnair/repos/think/think-marketplace/src/app/listing/[slug]/page.tsx"
2026-01-18T01:52:51.143102Z  INFO tailwindcss_oxide::scanner: Reading "/Users/zachmcnair/repos/think/think-marketplace/src/components/ui/sheet.tsx"
2026-01-18T01:52:51.146873Z  INFO tailwindcss_oxide::scanner: Reading "/Users/zachmcnair/repos/think/think-marketplace/src/types/index.ts"
2026-01-18T01:52:51.143125Z  INFO tailwindcss_oxide::scanner: Reading "/Users/zachmcnair/repos/think/think-marketplace/eslint.config.mjs"
2026-01-18T01:52:51.146849Z  INFO tailwindcss_oxide::scanner: Reading "/Users/zachmcnair/repos/think/think-marketplace/public/next.svg"
2026-01-18T01:52:51.146873Z  INFO tailwindcss_oxide::scanner: Reading "/Users/zachmcnair/repos/think/think-marketplace/src/app/builder/[slug]/page.tsx"
2026-01-18T01:52:51.146745Z  INFO tailwindcss_oxide::scanner: Reading "/Users/zachmcnair/repos/think/think-marketplace/src/components/featured-carousel.tsx"
2026-01-18T01:52:51.147003Z  INFO tailwindcss_oxide::scanner: Reading "/Users/zachmcnair/repos/think/think-marketplace/src/components/ui/label.tsx"
2026-01-18T01:52:51.147011Z  INFO tailwindcss_oxide::scanner: Reading "/Users/zachmcnair/repos/think/think-marketplace/src/components/ui/separator.tsx"
2026-01-18T01:52:51.147022Z  INFO tailwindcss_oxide::scanner: Reading "/Users/zachmcnair/repos/think/think-marketplace/src/app/page.tsx"
2026-01-18T01:52:51.146925Z  INFO tailwindcss_oxide::scanner: Reading "/Users/zachmcnair/repos/think/think-marketplace/src/app/submit/page.tsx"
2026-01-18T01:52:51.146936Z  INFO tailwindcss_oxide::scanner: Reading "/Users/zachmcnair/repos/think/think-marketplace/src/lib/utils.ts"
2026-01-18T01:52:51.146966Z  INFO tailwindcss_oxide::scanner: Reading "/Users/zachmcnair/repos/think/think-marketplace/next.config.ts"
2026-01-18T01:52:51.147144Z  INFO tailwindcss_oxide::scanner: Reading "/Users/zachmcnair/repos/think/think-marketplace/public/think-marketplace-wordmark-dark-mode.svg"
2026-01-18T01:52:51.146972Z  INFO tailwindcss_oxide::scanner: Reading "/Users/zachmcnair/repos/think/think-marketplace/src/components/ui/avatar.tsx"
2026-01-18T01:52:51.147144Z  INFO tailwindcss_oxide::scanner: Reading "/Users/zachmcnair/repos/think/think-marketplace/public/think-marketplace-wordmark-dark-mode-white.svg"
2026-01-18T01:52:51.147166Z  INFO tailwindcss_oxide::scanner: Reading "/Users/zachmcnair/repos/think/think-marketplace/src/components/ui/command.tsx"
2026-01-18T01:52:51.147044Z  INFO tailwindcss_oxide::scanner: Reading "/Users/zachmcnair/repos/think/think-marketplace/public/globe.svg"
2026-01-18T01:52:51.147267Z  INFO tailwindcss_oxide::scanner: Reading "/Users/zachmcnair/repos/think/think-marketplace/src/components/ui/dropdown-menu.tsx"
2026-01-18T01:52:51.147199Z  INFO tailwindcss_oxide::scanner: Reading "/Users/zachmcnair/repos/think/think-marketplace/public/window.svg"
2026-01-18T01:52:51.147269Z  INFO tailwindcss_oxide::scanner: Reading "/Users/zachmcnair/repos/think/think-marketplace/src/components/ui/dialog.tsx"
2026-01-18T01:52:51.147292Z  INFO tailwindcss_oxide::scanner: Reading "/Users/zachmcnair/repos/think/think-marketplace/src/components/ui/badge.tsx"
2026-01-18T01:52:51.147212Z  INFO tailwindcss_oxide::scanner: Reading "/Users/zachmcnair/repos/think/think-marketplace/src/components/ui/button.tsx"
2026-01-18T01:52:51.147481Z  INFO tailwindcss_oxide::scanner: Reading "/Users/zachmcnair/repos/think/think-marketplace/src/components/ui/select.tsx"
2026-01-18T01:52:51.147590Z  INFO extract_candidates:read_all_files: tailwindcss_oxide::scanner: exit
2026-01-18T01:52:51.147604Z  INFO extract_candidates:parse_all_blobs: tailwindcss_oxide::scanner: enter
2026-01-18T01:52:51.147608Z  INFO extract_candidates:parse_all_blobs:extract: tailwindcss_oxide::scanner: enter
2026-01-18T01:52:51.149384Z  INFO extract_candidates:parse_all_blobs:extract: tailwindcss_oxide::scanner: exit
2026-01-18T01:52:51.149433Z  INFO extract_candidates:parse_all_blobs: tailwindcss_oxide::scanner: exit
2026-01-18T01:52:51.149540Z  INFO extract_candidates:read_all_files: tailwindcss_oxide::scanner: enter
2026-01-18T01:52:51.149582Z  INFO extract_candidates:read_all_files: tailwindcss_oxide::scanner: Reading 1 file(s)
2026-01-18T01:52:51.149654Z  INFO extract_candidates:read_all_files: tailwindcss_oxide::scanner: Reading "/Users/zachmcnair/repos/think/think-marketplace/src/app/globals.css"
2026-01-18T01:52:51.149662Z  INFO extract_candidates:read_all_files: tailwindcss_oxide::scanner: exit
2026-01-18T01:52:51.149667Z  INFO extract_candidates:extract_css_variables: tailwindcss_oxide::scanner: enter
2026-01-18T01:52:51.149670Z  INFO extract_candidates:extract_css_variables:extract: tailwindcss_oxide::scanner: enter
2026-01-18T01:52:51.149879Z  INFO extract_candidates:extract_css_variables:extract: tailwindcss_oxide::scanner: exit
2026-01-18T01:52:51.149898Z  INFO extract_candidates:extract_css_variables: tailwindcss_oxide::scanner: exit
2026-01-18T01:52:51.150807Z  INFO extract_candidates: tailwindcss_oxide::scanner: exit
2026-01-18T01:52:51.151854Z  INFO get_files: tailwindcss_oxide::scanner: enter
2026-01-18T01:52:51.151880Z  INFO get_files:scan_sources: tailwindcss_oxide::scanner: enter
2026-01-18T01:52:51.152412Z  INFO get_files:scan_sources: tailwindcss_oxide::scanner: Discovering "/Users/zachmcnair/repos/think/think-marketplace/public"
2026-01-18T01:52:51.152599Z  INFO get_files:scan_sources: tailwindcss_oxide::scanner: Discovering "/Users/zachmcnair/repos/think/think-marketplace/src"
2026-01-18T01:52:51.152640Z  INFO get_files:scan_sources: tailwindcss_oxide::scanner: Discovering "/Users/zachmcnair/repos/think/think-marketplace/src/types"
2026-01-18T01:52:51.152690Z  INFO get_files:scan_sources: tailwindcss_oxide::scanner: Discovering "/Users/zachmcnair/repos/think/think-marketplace/src/app"
2026-01-18T01:52:51.152729Z  INFO get_files:scan_sources: tailwindcss_oxide::scanner: Discovering "/Users/zachmcnair/repos/think/think-marketplace/src/app/submit"
2026-01-18T01:52:51.152791Z  INFO get_files:scan_sources: tailwindcss_oxide::scanner: Discovering "/Users/zachmcnair/repos/think/think-marketplace/src/app/about"
2026-01-18T01:52:51.152836Z  INFO get_files:scan_sources: tailwindcss_oxide::scanner: Discovering "/Users/zachmcnair/repos/think/think-marketplace/src/app/browse"
2026-01-18T01:52:51.152879Z  INFO get_files:scan_sources: tailwindcss_oxide::scanner: Discovering "/Users/zachmcnair/repos/think/think-marketplace/src/app/listing"
2026-01-18T01:52:51.152917Z  INFO get_files:scan_sources: tailwindcss_oxide::scanner: Discovering "/Users/zachmcnair/repos/think/think-marketplace/src/app/listing/[slug]"
2026-01-18T01:52:51.152959Z  INFO get_files:scan_sources: tailwindcss_oxide::scanner: Discovering "/Users/zachmcnair/repos/think/think-marketplace/src/app/builder"
2026-01-18T01:52:51.152992Z  INFO get_files:scan_sources: tailwindcss_oxide::scanner: Discovering "/Users/zachmcnair/repos/think/think-marketplace/src/app/builder/[slug]"
2026-01-18T01:52:51.153052Z  INFO get_files:scan_sources: tailwindcss_oxide::scanner: Discovering "/Users/zachmcnair/repos/think/think-marketplace/src/components"
2026-01-18T01:52:51.153096Z  INFO get_files:scan_sources: tailwindcss_oxide::scanner: Discovering "/Users/zachmcnair/repos/think/think-marketplace/src/components/ui"
2026-01-18T01:52:51.153213Z  INFO get_files:scan_sources: tailwindcss_oxide::scanner: Discovering "/Users/zachmcnair/repos/think/think-marketplace/src/components/layout"
2026-01-18T01:52:51.153280Z  INFO get_files:scan_sources: tailwindcss_oxide::scanner: Discovering "/Users/zachmcnair/repos/think/think-marketplace/src/lib"
2026-01-18T01:52:51.153340Z  INFO get_files:scan_sources: tailwindcss_oxide::scanner: Discovering "/Users/zachmcnair/repos/think/think-marketplace/src/lib/supabase"
2026-01-18T01:52:51.153467Z  INFO get_files:scan_sources: tailwindcss_oxide::scanner: Discovering "/Users/zachmcnair/repos/think/think-marketplace/src/lib/data"
2026-01-18T01:52:51.153535Z  INFO get_files:scan_sources: tailwindcss_oxide::scanner: exit
2026-01-18T01:52:51.153670Z  INFO get_files: tailwindcss_oxide::scanner: exit
2026-01-18T01:52:51.153799Z  INFO get_globs: tailwindcss_oxide::scanner: enter
2026-01-18T01:52:51.153806Z  INFO get_globs:scan_sources: tailwindcss_oxide::scanner: enter
2026-01-18T01:52:51.154284Z  INFO get_globs:scan_sources: tailwindcss_oxide::scanner: Discovering "/Users/zachmcnair/repos/think/think-marketplace/public"
2026-01-18T01:52:51.154455Z  INFO get_globs:scan_sources: tailwindcss_oxide::scanner: Discovering "/Users/zachmcnair/repos/think/think-marketplace/src"
2026-01-18T01:52:51.154495Z  INFO get_globs:scan_sources: tailwindcss_oxide::scanner: Discovering "/Users/zachmcnair/repos/think/think-marketplace/src/types"
2026-01-18T01:52:51.154540Z  INFO get_globs:scan_sources: tailwindcss_oxide::scanner: Discovering "/Users/zachmcnair/repos/think/think-marketplace/src/app"
2026-01-18T01:52:51.154593Z  INFO get_globs:scan_sources: tailwindcss_oxide::scanner: Discovering "/Users/zachmcnair/repos/think/think-marketplace/src/app/submit"
2026-01-18T01:52:51.154645Z  INFO get_globs:scan_sources: tailwindcss_oxide::scanner: Discovering "/Users/zachmcnair/repos/think/think-marketplace/src/app/about"
2026-01-18T01:52:51.154690Z  INFO get_globs:scan_sources: tailwindcss_oxide::scanner: Discovering "/Users/zachmcnair/repos/think/think-marketplace/src/app/browse"
2026-01-18T01:52:51.154730Z  INFO get_globs:scan_sources: tailwindcss_oxide::scanner: Discovering "/Users/zachmcnair/repos/think/think-marketplace/src/app/listing"
2026-01-18T01:52:51.154767Z  INFO get_globs:scan_sources: tailwindcss_oxide::scanner: Discovering "/Users/zachmcnair/repos/think/think-marketplace/src/app/listing/[slug]"
2026-01-18T01:52:51.154814Z  INFO get_globs:scan_sources: tailwindcss_oxide::scanner: Discovering "/Users/zachmcnair/repos/think/think-marketplace/src/app/builder"
2026-01-18T01:52:51.154854Z  INFO get_globs:scan_sources: tailwindcss_oxide::scanner: Discovering "/Users/zachmcnair/repos/think/think-marketplace/src/app/builder/[slug]"
2026-01-18T01:52:51.154930Z  INFO get_globs:scan_sources: tailwindcss_oxide::scanner: Discovering "/Users/zachmcnair/repos/think/think-marketplace/src/components"
2026-01-18T01:52:51.154971Z  INFO get_globs:scan_sources: tailwindcss_oxide::scanner: Discovering "/Users/zachmcnair/repos/think/think-marketplace/src/components/ui"
2026-01-18T01:52:51.155149Z  INFO get_globs:scan_sources: tailwindcss_oxide::scanner: Discovering "/Users/zachmcnair/repos/think/think-marketplace/src/components/layout"
2026-01-18T01:52:51.155234Z  INFO get_globs:scan_sources: tailwindcss_oxide::scanner: Discovering "/Users/zachmcnair/repos/think/think-marketplace/src/lib"
2026-01-18T01:52:51.155287Z  INFO get_globs:scan_sources: tailwindcss_oxide::scanner: Discovering "/Users/zachmcnair/repos/think/think-marketplace/src/lib/supabase"
2026-01-18T01:52:51.155356Z  INFO get_globs:scan_sources: tailwindcss_oxide::scanner: Discovering "/Users/zachmcnair/repos/think/think-marketplace/src/lib/data"
2026-01-18T01:52:51.155401Z  INFO get_globs:scan_sources: tailwindcss_oxide::scanner: exit
2026-01-18T01:52:51.158016Z  INFO get_globs: tailwindcss_oxide::scanner: exit
2026-01-18T01:57:43.665099Z  INFO scan_sources: tailwindcss_oxide::scanner: enter
2026-01-18T01:57:43.666091Z  INFO scan_sources: tailwindcss_oxide::scanner: Discovering "/Users/zachmcnair/repos/think/think-marketplace/public"
2026-01-18T01:57:43.666330Z  INFO scan_sources: tailwindcss_oxide::scanner: Discovering "/Users/zachmcnair/repos/think/think-marketplace/src"
2026-01-18T01:57:43.666386Z  INFO scan_sources: tailwindcss_oxide::scanner: Discovering "/Users/zachmcnair/repos/think/think-marketplace/src/types"
2026-01-18T01:57:43.666485Z  INFO scan_sources: tailwindcss_oxide::scanner: Discovering "/Users/zachmcnair/repos/think/think-marketplace/src/app"
2026-01-18T01:57:43.666600Z  INFO scan_sources: tailwindcss_oxide::scanner: Discovering "/Users/zachmcnair/repos/think/think-marketplace/src/app/submit"
2026-01-18T01:57:43.666686Z  INFO scan_sources: tailwindcss_oxide::scanner: Discovering "/Users/zachmcnair/repos/think/think-marketplace/src/app/about"
2026-01-18T01:57:43.666744Z  INFO scan_sources: tailwindcss_oxide::scanner: Discovering "/Users/zachmcnair/repos/think/think-marketplace/src/app/browse"
2026-01-18T01:57:43.666791Z  INFO scan_sources: tailwindcss_oxide::scanner: Discovering "/Users/zachmcnair/repos/think/think-marketplace/src/app/listing"
2026-01-18T01:57:43.666850Z  INFO scan_sources: tailwindcss_oxide::scanner: Discovering "/Users/zachmcnair/repos/think/think-marketplace/src/app/listing/[slug]"
2026-01-18T01:57:43.666899Z  INFO scan_sources: tailwindcss_oxide::scanner: Discovering "/Users/zachmcnair/repos/think/think-marketplace/src/app/builder"
2026-01-18T01:57:43.666937Z  INFO scan_sources: tailwindcss_oxide::scanner: Discovering "/Users/zachmcnair/repos/think/think-marketplace/src/app/builder/[slug]"
2026-01-18T01:57:43.666999Z  INFO scan_sources: tailwindcss_oxide::scanner: Discovering "/Users/zachmcnair/repos/think/think-marketplace/src/components"
2026-01-18T01:57:43.667049Z  INFO scan_sources: tailwindcss_oxide::scanner: Discovering "/Users/zachmcnair/repos/think/think-marketplace/src/components/ui"
2026-01-18T01:57:43.667173Z  INFO scan_sources: tailwindcss_oxide::scanner: Discovering "/Users/zachmcnair/repos/think/think-marketplace/src/components/layout"
2026-01-18T01:57:43.667226Z  INFO scan_sources: tailwindcss_oxide::scanner: Discovering "/Users/zachmcnair/repos/think/think-marketplace/src/components/featured-carousel.tsx"
2026-01-18T01:57:43.667254Z  INFO scan_sources: tailwindcss_oxide::scanner: Discovering "/Users/zachmcnair/repos/think/think-marketplace/src/lib"
2026-01-18T01:57:43.667299Z  INFO scan_sources: tailwindcss_oxide::scanner: Discovering "/Users/zachmcnair/repos/think/think-marketplace/src/lib/supabase"
2026-01-18T01:57:43.667361Z  INFO scan_sources: tailwindcss_oxide::scanner: Discovering "/Users/zachmcnair/repos/think/think-marketplace/src/lib/data"
2026-01-18T01:57:43.667420Z  INFO scan_sources: tailwindcss_oxide::scanner: exit
2026-01-18T01:57:43.667430Z  INFO extract_candidates: tailwindcss_oxide::scanner: enter
2026-01-18T01:57:43.667456Z  INFO extract_candidates:read_all_files: tailwindcss_oxide::scanner: enter
2026-01-18T01:57:43.667461Z  INFO extract_candidates:read_all_files: tailwindcss_oxide::scanner: Reading 1 file(s)
2026-01-18T01:57:43.667489Z  INFO extract_candidates:read_all_files: tailwindcss_oxide::scanner: Reading "/Users/zachmcnair/repos/think/think-marketplace/src/components/featured-carousel.tsx"
2026-01-18T01:57:43.667496Z  INFO extract_candidates:read_all_files: tailwindcss_oxide::scanner: exit
2026-01-18T01:57:43.667500Z  INFO extract_candidates:parse_all_blobs: tailwindcss_oxide::scanner: enter
2026-01-18T01:57:43.667503Z  INFO extract_candidates:parse_all_blobs:extract: tailwindcss_oxide::scanner: enter
2026-01-18T01:57:43.667943Z  INFO extract_candidates:parse_all_blobs:extract: tailwindcss_oxide::scanner: exit
2026-01-18T01:57:43.667959Z  INFO extract_candidates:parse_all_blobs: tailwindcss_oxide::scanner: exit
2026-01-18T01:57:43.668074Z  INFO extract_candidates: tailwindcss_oxide::scanner: exit
2026-01-18T01:57:43.668545Z  INFO get_files: tailwindcss_oxide::scanner: enter
2026-01-18T01:57:43.668556Z  INFO get_files:scan_sources: tailwindcss_oxide::scanner: enter
2026-01-18T01:57:43.669017Z  INFO get_files:scan_sources: tailwindcss_oxide::scanner: Discovering "/Users/zachmcnair/repos/think/think-marketplace/public"
2026-01-18T01:57:43.669195Z  INFO get_files:scan_sources: tailwindcss_oxide::scanner: Discovering "/Users/zachmcnair/repos/think/think-marketplace/src"
2026-01-18T01:57:43.669233Z  INFO get_files:scan_sources: tailwindcss_oxide::scanner: Discovering "/Users/zachmcnair/repos/think/think-marketplace/src/types"
2026-01-18T01:57:43.669277Z  INFO get_files:scan_sources: tailwindcss_oxide::scanner: Discovering "/Users/zachmcnair/repos/think/think-marketplace/src/app"
2026-01-18T01:57:43.669317Z  INFO get_files:scan_sources: tailwindcss_oxide::scanner: Discovering "/Users/zachmcnair/repos/think/think-marketplace/src/app/submit"
2026-01-18T01:57:43.669364Z  INFO get_files:scan_sources: tailwindcss_oxide::scanner: Discovering "/Users/zachmcnair/repos/think/think-marketplace/src/app/about"
2026-01-18T01:57:43.669415Z  INFO get_files:scan_sources: tailwindcss_oxide::scanner: Discovering "/Users/zachmcnair/repos/think/think-marketplace/src/app/browse"
2026-01-18T01:57:43.669458Z  INFO get_files:scan_sources: tailwindcss_oxide::scanner: Discovering "/Users/zachmcnair/repos/think/think-marketplace/src/app/listing"
2026-01-18T01:57:43.669494Z  INFO get_files:scan_sources: tailwindcss_oxide::scanner: Discovering "/Users/zachmcnair/repos/think/think-marketplace/src/app/listing/[slug]"
2026-01-18T01:57:43.669535Z  INFO get_files:scan_sources: tailwindcss_oxide::scanner: Discovering "/Users/zachmcnair/repos/think/think-marketplace/src/app/builder"
2026-01-18T01:57:43.669570Z  INFO get_files:scan_sources: tailwindcss_oxide::scanner: Discovering "/Users/zachmcnair/repos/think/think-marketplace/src/app/builder/[slug]"
2026-01-18T01:57:43.669625Z  INFO get_files:scan_sources: tailwindcss_oxide::scanner: Discovering "/Users/zachmcnair/repos/think/think-marketplace/src/components"
2026-01-18T01:57:43.669669Z  INFO get_files:scan_sources: tailwindcss_oxide::scanner: Discovering "/Users/zachmcnair/repos/think/think-marketplace/src/components/ui"
2026-01-18T01:57:43.669778Z  INFO get_files:scan_sources: tailwindcss_oxide::scanner: Discovering "/Users/zachmcnair/repos/think/think-marketplace/src/components/layout"
2026-01-18T01:57:43.669840Z  INFO get_files:scan_sources: tailwindcss_oxide::scanner: Discovering "/Users/zachmcnair/repos/think/think-marketplace/src/lib"
2026-01-18T01:57:43.669881Z  INFO get_files:scan_sources: tailwindcss_oxide::scanner: Discovering "/Users/zachmcnair/repos/think/think-marketplace/src/lib/supabase"
2026-01-18T01:57:43.669937Z  INFO get_files:scan_sources: tailwindcss_oxide::scanner: Discovering "/Users/zachmcnair/repos/think/think-marketplace/src/lib/data"
2026-01-18T01:57:43.669975Z  INFO get_files:scan_sources: tailwindcss_oxide::scanner: exit
2026-01-18T01:57:43.670125Z  INFO get_files: tailwindcss_oxide::scanner: exit
2026-01-18T01:57:43.670515Z  INFO get_globs: tailwindcss_oxide::scanner: enter
2026-01-18T01:57:43.670524Z  INFO get_globs: tailwindcss_oxide::scanner: exit
2026-01-18T01:57:52.266780Z  INFO scan_sources: tailwindcss_oxide::scanner: enter
2026-01-18T01:57:52.267934Z  INFO scan_sources: tailwindcss_oxide::scanner: Discovering "/Users/zachmcnair/repos/think/think-marketplace/public"
2026-01-18T01:57:52.268961Z  INFO scan_sources: tailwindcss_oxide::scanner: Discovering "/Users/zachmcnair/repos/think/think-marketplace/src"
2026-01-18T01:57:52.269079Z  INFO scan_sources: tailwindcss_oxide::scanner: Discovering "/Users/zachmcnair/repos/think/think-marketplace/src/types"
2026-01-18T01:57:52.269144Z  INFO scan_sources: tailwindcss_oxide::scanner: Discovering "/Users/zachmcnair/repos/think/think-marketplace/src/app"
2026-01-18T01:57:52.269197Z  INFO scan_sources: tailwindcss_oxide::scanner: Discovering "/Users/zachmcnair/repos/think/think-marketplace/src/app/submit"
2026-01-18T01:57:52.269260Z  INFO scan_sources: tailwindcss_oxide::scanner: Discovering "/Users/zachmcnair/repos/think/think-marketplace/src/app/about"
2026-01-18T01:57:52.269317Z  INFO scan_sources: tailwindcss_oxide::scanner: Discovering "/Users/zachmcnair/repos/think/think-marketplace/src/app/browse"
2026-01-18T01:57:52.269371Z  INFO scan_sources: tailwindcss_oxide::scanner: Discovering "/Users/zachmcnair/repos/think/think-marketplace/src/app/listing"
2026-01-18T01:57:52.269419Z  INFO scan_sources: tailwindcss_oxide::scanner: Discovering "/Users/zachmcnair/repos/think/think-marketplace/src/app/listing/[slug]"
2026-01-18T01:57:52.269474Z  INFO scan_sources: tailwindcss_oxide::scanner: Discovering "/Users/zachmcnair/repos/think/think-marketplace/src/app/builder"
2026-01-18T01:57:52.269651Z  INFO scan_sources: tailwindcss_oxide::scanner: Discovering "/Users/zachmcnair/repos/think/think-marketplace/src/app/builder/[slug]"
2026-01-18T01:57:52.270302Z  INFO scan_sources: tailwindcss_oxide::scanner: Discovering "/Users/zachmcnair/repos/think/think-marketplace/src/components"
2026-01-18T01:57:52.270403Z  INFO scan_sources: tailwindcss_oxide::scanner: Discovering "/Users/zachmcnair/repos/think/think-marketplace/src/components/ui"
2026-01-18T01:57:52.270555Z  INFO scan_sources: tailwindcss_oxide::scanner: Discovering "/Users/zachmcnair/repos/think/think-marketplace/src/components/layout"
2026-01-18T01:57:52.270612Z  INFO scan_sources: tailwindcss_oxide::scanner: Discovering "/Users/zachmcnair/repos/think/think-marketplace/src/components/featured-carousel.tsx"
2026-01-18T01:57:52.270658Z  INFO scan_sources: tailwindcss_oxide::scanner: Discovering "/Users/zachmcnair/repos/think/think-marketplace/src/lib"
2026-01-18T01:57:52.270719Z  INFO scan_sources: tailwindcss_oxide::scanner: Discovering "/Users/zachmcnair/repos/think/think-marketplace/src/lib/supabase"
2026-01-18T01:57:52.270798Z  INFO scan_sources: tailwindcss_oxide::scanner: Discovering "/Users/zachmcnair/repos/think/think-marketplace/src/lib/data"
2026-01-18T01:57:52.270857Z  INFO scan_sources: tailwindcss_oxide::scanner: exit
2026-01-18T01:57:52.270879Z  INFO extract_candidates: tailwindcss_oxide::scanner: enter
2026-01-18T01:57:52.270914Z  INFO extract_candidates:read_all_files: tailwindcss_oxide::scanner: enter
2026-01-18T01:57:52.270922Z  INFO extract_candidates:read_all_files: tailwindcss_oxide::scanner: Reading 1 file(s)
2026-01-18T01:57:52.270992Z  INFO extract_candidates:read_all_files: tailwindcss_oxide::scanner: Reading "/Users/zachmcnair/repos/think/think-marketplace/src/components/featured-carousel.tsx"
2026-01-18T01:57:52.271003Z  INFO extract_candidates:read_all_files: tailwindcss_oxide::scanner: exit
2026-01-18T01:57:52.271009Z  INFO extract_candidates:parse_all_blobs: tailwindcss_oxide::scanner: enter
2026-01-18T01:57:52.271014Z  INFO extract_candidates:parse_all_blobs:extract: tailwindcss_oxide::scanner: enter
2026-01-18T01:57:52.271329Z  INFO extract_candidates:parse_all_blobs:extract: tailwindcss_oxide::scanner: exit
2026-01-18T01:57:52.271353Z  INFO extract_candidates:parse_all_blobs: tailwindcss_oxide::scanner: exit
2026-01-18T01:57:52.271523Z  INFO extract_candidates: tailwindcss_oxide::scanner: exit
2026-01-18T01:57:52.271984Z  INFO get_files: tailwindcss_oxide::scanner: enter
2026-01-18T01:57:52.271991Z  INFO get_files:scan_sources: tailwindcss_oxide::scanner: enter
2026-01-18T01:57:52.272494Z  INFO get_files:scan_sources: tailwindcss_oxide::scanner: Discovering "/Users/zachmcnair/repos/think/think-marketplace/public"
2026-01-18T01:57:52.272673Z  INFO get_files:scan_sources: tailwindcss_oxide::scanner: Discovering "/Users/zachmcnair/repos/think/think-marketplace/src"
2026-01-18T01:57:52.272710Z  INFO get_files:scan_sources: tailwindcss_oxide::scanner: Discovering "/Users/zachmcnair/repos/think/think-marketplace/src/types"
2026-01-18T01:57:52.272754Z  INFO get_files:scan_sources: tailwindcss_oxide::scanner: Discovering "/Users/zachmcnair/repos/think/think-marketplace/src/app"
2026-01-18T01:57:52.272792Z  INFO get_files:scan_sources: tailwindcss_oxide::scanner: Discovering "/Users/zachmcnair/repos/think/think-marketplace/src/app/submit"
2026-01-18T01:57:52.272839Z  INFO get_files:scan_sources: tailwindcss_oxide::scanner: Discovering "/Users/zachmcnair/repos/think/think-marketplace/src/app/about"
2026-01-18T01:57:52.272882Z  INFO get_files:scan_sources: tailwindcss_oxide::scanner: Discovering "/Users/zachmcnair/repos/think/think-marketplace/src/app/browse"
2026-01-18T01:57:52.272922Z  INFO get_files:scan_sources: tailwindcss_oxide::scanner: Discovering "/Users/zachmcnair/repos/think/think-marketplace/src/app/listing"
2026-01-18T01:57:52.272957Z  INFO get_files:scan_sources: tailwindcss_oxide::scanner: Discovering "/Users/zachmcnair/repos/think/think-marketplace/src/app/listing/[slug]"
2026-01-18T01:57:52.272998Z  INFO get_files:scan_sources: tailwindcss_oxide::scanner: Discovering "/Users/zachmcnair/repos/think/think-marketplace/src/app/builder"
2026-01-18T01:57:52.273030Z  INFO get_files:scan_sources: tailwindcss_oxide::scanner: Discovering "/Users/zachmcnair/repos/think/think-marketplace/src/app/builder/[slug]"
2026-01-18T01:57:52.273082Z  INFO get_files:scan_sources: tailwindcss_oxide::scanner: Discovering "/Users/zachmcnair/repos/think/think-marketplace/src/components"
2026-01-18T01:57:52.273122Z  INFO get_files:scan_sources: tailwindcss_oxide::scanner: Discovering "/Users/zachmcnair/repos/think/think-marketplace/src/components/ui"
2026-01-18T01:57:52.273228Z  INFO get_files:scan_sources: tailwindcss_oxide::scanner: Discovering "/Users/zachmcnair/repos/think/think-marketplace/src/components/layout"
2026-01-18T01:57:52.273289Z  INFO get_files:scan_sources: tailwindcss_oxide::scanner: Discovering "/Users/zachmcnair/repos/think/think-marketplace/src/lib"
2026-01-18T01:57:52.273326Z  INFO get_files:scan_sources: tailwindcss_oxide::scanner: Discovering "/Users/zachmcnair/repos/think/think-marketplace/src/lib/supabase"
2026-01-18T01:57:52.273373Z  INFO get_files:scan_sources: tailwindcss_oxide::scanner: Discovering "/Users/zachmcnair/repos/think/think-marketplace/src/lib/data"
2026-01-18T01:57:52.273415Z  INFO get_files:scan_sources: tailwindcss_oxide::scanner: exit
2026-01-18T01:57:52.273475Z  INFO get_files: tailwindcss_oxide::scanner: exit
2026-01-18T01:57:52.273575Z  INFO get_globs: tailwindcss_oxide::scanner: enter
2026-01-18T01:57:52.273581Z  INFO get_globs: tailwindcss_oxide::scanner: exit
2026-01-18T02:00:46.826218Z  INFO scan_sources: tailwindcss_oxide::scanner: enter
2026-01-18T02:00:46.827007Z  INFO scan_sources: tailwindcss_oxide::scanner: Discovering "/Users/zachmcnair/repos/think/think-marketplace/public"
2026-01-18T02:00:46.827226Z  INFO scan_sources: tailwindcss_oxide::scanner: Discovering "/Users/zachmcnair/repos/think/think-marketplace/src"
2026-01-18T02:00:46.827279Z  INFO scan_sources: tailwindcss_oxide::scanner: Discovering "/Users/zachmcnair/repos/think/think-marketplace/src/types"
2026-01-18T02:00:46.827338Z  INFO scan_sources: tailwindcss_oxide::scanner: Discovering "/Users/zachmcnair/repos/think/think-marketplace/src/app"
2026-01-18T02:00:46.827386Z  INFO scan_sources: tailwindcss_oxide::scanner: Discovering "/Users/zachmcnair/repos/think/think-marketplace/src/app/submit"
2026-01-18T02:00:46.827448Z  INFO scan_sources: tailwindcss_oxide::scanner: Discovering "/Users/zachmcnair/repos/think/think-marketplace/src/app/about"
2026-01-18T02:00:46.827505Z  INFO scan_sources: tailwindcss_oxide::scanner: Discovering "/Users/zachmcnair/repos/think/think-marketplace/src/app/browse"
2026-01-18T02:00:46.827647Z  INFO scan_sources: tailwindcss_oxide::scanner: Discovering "/Users/zachmcnair/repos/think/think-marketplace/src/app/listing"
2026-01-18T02:00:46.827744Z  INFO scan_sources: tailwindcss_oxide::scanner: Discovering "/Users/zachmcnair/repos/think/think-marketplace/src/app/listing/[slug]"
2026-01-18T02:00:46.827810Z  INFO scan_sources: tailwindcss_oxide::scanner: Discovering "/Users/zachmcnair/repos/think/think-marketplace/src/app/builder"
2026-01-18T02:00:46.827861Z  INFO scan_sources: tailwindcss_oxide::scanner: Discovering "/Users/zachmcnair/repos/think/think-marketplace/src/app/builder/[slug]"
2026-01-18T02:00:46.827927Z  INFO scan_sources: tailwindcss_oxide::scanner: Discovering "/Users/zachmcnair/repos/think/think-marketplace/src/components"
2026-01-18T02:00:46.827983Z  INFO scan_sources: tailwindcss_oxide::scanner: Discovering "/Users/zachmcnair/repos/think/think-marketplace/src/components/ui"
2026-01-18T02:00:46.828114Z  INFO scan_sources: tailwindcss_oxide::scanner: Discovering "/Users/zachmcnair/repos/think/think-marketplace/src/components/layout"
2026-01-18T02:00:46.828163Z  INFO scan_sources: tailwindcss_oxide::scanner: Discovering "/Users/zachmcnair/repos/think/think-marketplace/src/components/featured-carousel.tsx"
2026-01-18T02:00:46.828199Z  INFO scan_sources: tailwindcss_oxide::scanner: Discovering "/Users/zachmcnair/repos/think/think-marketplace/src/lib"
2026-01-18T02:00:46.828251Z  INFO scan_sources: tailwindcss_oxide::scanner: Discovering "/Users/zachmcnair/repos/think/think-marketplace/src/lib/supabase"
2026-01-18T02:00:46.828316Z  INFO scan_sources: tailwindcss_oxide::scanner: Discovering "/Users/zachmcnair/repos/think/think-marketplace/src/lib/data"
2026-01-18T02:00:46.828362Z  INFO scan_sources: tailwindcss_oxide::scanner: exit
2026-01-18T02:00:46.828369Z  INFO extract_candidates: tailwindcss_oxide::scanner: enter
2026-01-18T02:00:46.828374Z  INFO extract_candidates:read_all_files: tailwindcss_oxide::scanner: enter
2026-01-18T02:00:46.828377Z  INFO extract_candidates:read_all_files: tailwindcss_oxide::scanner: Reading 1 file(s)
2026-01-18T02:00:46.828405Z  INFO extract_candidates:read_all_files: tailwindcss_oxide::scanner: Reading "/Users/zachmcnair/repos/think/think-marketplace/src/components/featured-carousel.tsx"
2026-01-18T02:00:46.828412Z  INFO extract_candidates:read_all_files: tailwindcss_oxide::scanner: exit
2026-01-18T02:00:46.828416Z  INFO extract_candidates:parse_all_blobs: tailwindcss_oxide::scanner: enter
2026-01-18T02:00:46.828420Z  INFO extract_candidates:parse_all_blobs:extract: tailwindcss_oxide::scanner: enter
2026-01-18T02:00:46.828619Z  INFO extract_candidates:parse_all_blobs:extract: tailwindcss_oxide::scanner: exit
2026-01-18T02:00:46.828653Z  INFO extract_candidates:parse_all_blobs: tailwindcss_oxide::scanner: exit
2026-01-18T02:00:46.828772Z  INFO extract_candidates: tailwindcss_oxide::scanner: exit
2026-01-18T02:00:46.829208Z  INFO get_files: tailwindcss_oxide::scanner: enter
2026-01-18T02:00:46.829217Z  INFO get_files:scan_sources: tailwindcss_oxide::scanner: enter
2026-01-18T02:00:46.829677Z  INFO get_files:scan_sources: tailwindcss_oxide::scanner: Discovering "/Users/zachmcnair/repos/think/think-marketplace/public"
2026-01-18T02:00:46.829843Z  INFO get_files:scan_sources: tailwindcss_oxide::scanner: Discovering "/Users/zachmcnair/repos/think/think-marketplace/src"
2026-01-18T02:00:46.829881Z  INFO get_files:scan_sources: tailwindcss_oxide::scanner: Discovering "/Users/zachmcnair/repos/think/think-marketplace/src/types"
2026-01-18T02:00:46.829926Z  INFO get_files:scan_sources: tailwindcss_oxide::scanner: Discovering "/Users/zachmcnair/repos/think/think-marketplace/src/app"
2026-01-18T02:00:46.829964Z  INFO get_files:scan_sources: tailwindcss_oxide::scanner: Discovering "/Users/zachmcnair/repos/think/think-marketplace/src/app/submit"
2026-01-18T02:00:46.830012Z  INFO get_files:scan_sources: tailwindcss_oxide::scanner: Discovering "/Users/zachmcnair/repos/think/think-marketplace/src/app/about"
2026-01-18T02:00:46.830056Z  INFO get_files:scan_sources: tailwindcss_oxide::scanner: Discovering "/Users/zachmcnair/repos/think/think-marketplace/src/app/browse"
2026-01-18T02:00:46.830096Z  INFO get_files:scan_sources: tailwindcss_oxide::scanner: Discovering "/Users/zachmcnair/repos/think/think-marketplace/src/app/listing"
2026-01-18T02:00:46.830132Z  INFO get_files:scan_sources: tailwindcss_oxide::scanner: Discovering "/Users/zachmcnair/repos/think/think-marketplace/src/app/listing/[slug]"
2026-01-18T02:00:46.830173Z  INFO get_files:scan_sources: tailwindcss_oxide::scanner: Discovering "/Users/zachmcnair/repos/think/think-marketplace/src/app/builder"
2026-01-18T02:00:46.830207Z  INFO get_files:scan_sources: tailwindcss_oxide::scanner: Discovering "/Users/zachmcnair/repos/think/think-marketplace/src/app/builder/[slug]"
2026-01-18T02:00:46.830262Z  INFO get_files:scan_sources: tailwindcss_oxide::scanner: Discovering "/Users/zachmcnair/repos/think/think-marketplace/src/components"
2026-01-18T02:00:46.830303Z  INFO get_files:scan_sources: tailwindcss_oxide::scanner: Discovering "/Users/zachmcnair/repos/think/think-marketplace/src/components/ui"
2026-01-18T02:00:46.830417Z  INFO get_files:scan_sources: tailwindcss_oxide::scanner: Discovering "/Users/zachmcnair/repos/think/think-marketplace/src/components/layout"
2026-01-18T02:00:46.830482Z  INFO get_files:scan_sources: tailwindcss_oxide::scanner: Discovering "/Users/zachmcnair/repos/think/think-marketplace/src/lib"
2026-01-18T02:00:46.830521Z  INFO get_files:scan_sources: tailwindcss_oxide::scanner: Discovering "/Users/zachmcnair/repos/think/think-marketplace/src/lib/supabase"
2026-01-18T02:00:46.830572Z  INFO get_files:scan_sources: tailwindcss_oxide::scanner: Discovering "/Users/zachmcnair/repos/think/think-marketplace/src/lib/data"
2026-01-18T02:00:46.830611Z  INFO get_files:scan_sources: tailwindcss_oxide::scanner: exit
2026-01-18T02:00:46.830749Z  INFO get_files: tailwindcss_oxide::scanner: exit
2026-01-18T02:00:46.830823Z  INFO get_globs: tailwindcss_oxide::scanner: enter
2026-01-18T02:00:46.830830Z  INFO get_globs: tailwindcss_oxide::scanner: exit
2026-01-18T02:01:16.181142Z  INFO scan_sources: tailwindcss_oxide::scanner: enter
2026-01-18T02:01:16.181808Z  INFO scan_sources: tailwindcss_oxide::scanner: Discovering "/Users/zachmcnair/repos/think/think-marketplace/public"
2026-01-18T02:01:16.182019Z  INFO scan_sources: tailwindcss_oxide::scanner: Discovering "/Users/zachmcnair/repos/think/think-marketplace/src"
2026-01-18T02:01:16.182073Z  INFO scan_sources: tailwindcss_oxide::scanner: Discovering "/Users/zachmcnair/repos/think/think-marketplace/src/types"
2026-01-18T02:01:16.182187Z  INFO scan_sources: tailwindcss_oxide::scanner: Discovering "/Users/zachmcnair/repos/think/think-marketplace/src/app"
2026-01-18T02:01:16.182254Z  INFO scan_sources: tailwindcss_oxide::scanner: Discovering "/Users/zachmcnair/repos/think/think-marketplace/src/app/submit"
2026-01-18T02:01:16.182327Z  INFO scan_sources: tailwindcss_oxide::scanner: Discovering "/Users/zachmcnair/repos/think/think-marketplace/src/app/about"
2026-01-18T02:01:16.182392Z  INFO scan_sources: tailwindcss_oxide::scanner: Discovering "/Users/zachmcnair/repos/think/think-marketplace/src/app/browse"
2026-01-18T02:01:16.182453Z  INFO scan_sources: tailwindcss_oxide::scanner: Discovering "/Users/zachmcnair/repos/think/think-marketplace/src/app/listing"
2026-01-18T02:01:16.182507Z  INFO scan_sources: tailwindcss_oxide::scanner: Discovering "/Users/zachmcnair/repos/think/think-marketplace/src/app/listing/[slug]"
2026-01-18T02:01:16.182566Z  INFO scan_sources: tailwindcss_oxide::scanner: Discovering "/Users/zachmcnair/repos/think/think-marketplace/src/app/builder"
2026-01-18T02:01:16.182616Z  INFO scan_sources: tailwindcss_oxide::scanner: Discovering "/Users/zachmcnair/repos/think/think-marketplace/src/app/builder/[slug]"
2026-01-18T02:01:16.182687Z  INFO scan_sources: tailwindcss_oxide::scanner: Discovering "/Users/zachmcnair/repos/think/think-marketplace/src/components"
2026-01-18T02:01:16.182743Z  INFO scan_sources: tailwindcss_oxide::scanner: Discovering "/Users/zachmcnair/repos/think/think-marketplace/src/components/ui"
2026-01-18T02:01:16.182874Z  INFO scan_sources: tailwindcss_oxide::scanner: Discovering "/Users/zachmcnair/repos/think/think-marketplace/src/components/layout"
2026-01-18T02:01:16.182926Z  INFO scan_sources: tailwindcss_oxide::scanner: Discovering "/Users/zachmcnair/repos/think/think-marketplace/src/components/featured-carousel.tsx"
2026-01-18T02:01:16.182965Z  INFO scan_sources: tailwindcss_oxide::scanner: Discovering "/Users/zachmcnair/repos/think/think-marketplace/src/lib"
2026-01-18T02:01:16.183017Z  INFO scan_sources: tailwindcss_oxide::scanner: Discovering "/Users/zachmcnair/repos/think/think-marketplace/src/lib/supabase"
2026-01-18T02:01:16.183089Z  INFO scan_sources: tailwindcss_oxide::scanner: Discovering "/Users/zachmcnair/repos/think/think-marketplace/src/lib/data"
2026-01-18T02:01:16.183136Z  INFO scan_sources: tailwindcss_oxide::scanner: exit
2026-01-18T02:01:16.183143Z  INFO extract_candidates: tailwindcss_oxide::scanner: enter
2026-01-18T02:01:16.183147Z  INFO extract_candidates:read_all_files: tailwindcss_oxide::scanner: enter
2026-01-18T02:01:16.183151Z  INFO extract_candidates:read_all_files: tailwindcss_oxide::scanner: Reading 1 file(s)
2026-01-18T02:01:16.183182Z  INFO extract_candidates:read_all_files: tailwindcss_oxide::scanner: Reading "/Users/zachmcnair/repos/think/think-marketplace/src/components/featured-carousel.tsx"
2026-01-18T02:01:16.183192Z  INFO extract_candidates:read_all_files: tailwindcss_oxide::scanner: exit
2026-01-18T02:01:16.183196Z  INFO extract_candidates:parse_all_blobs: tailwindcss_oxide::scanner: enter
2026-01-18T02:01:16.183200Z  INFO extract_candidates:parse_all_blobs:extract: tailwindcss_oxide::scanner: enter
2026-01-18T02:01:16.183547Z  INFO extract_candidates:parse_all_blobs:extract: tailwindcss_oxide::scanner: exit
2026-01-18T02:01:16.183580Z  INFO extract_candidates:parse_all_blobs: tailwindcss_oxide::scanner: exit
2026-01-18T02:01:16.183678Z  INFO extract_candidates: tailwindcss_oxide::scanner: exit
2026-01-18T02:01:16.184248Z  INFO get_files: tailwindcss_oxide::scanner: enter
2026-01-18T02:01:16.184273Z  INFO get_files:scan_sources: tailwindcss_oxide::scanner: enter
2026-01-18T02:01:16.184793Z  INFO get_files:scan_sources: tailwindcss_oxide::scanner: Discovering "/Users/zachmcnair/repos/think/think-marketplace/public"
2026-01-18T02:01:16.184973Z  INFO get_files:scan_sources: tailwindcss_oxide::scanner: Discovering "/Users/zachmcnair/repos/think/think-marketplace/src"
2026-01-18T02:01:16.185015Z  INFO get_files:scan_sources: tailwindcss_oxide::scanner: Discovering "/Users/zachmcnair/repos/think/think-marketplace/src/types"
2026-01-18T02:01:16.185116Z  INFO get_files:scan_sources: tailwindcss_oxide::scanner: Discovering "/Users/zachmcnair/repos/think/think-marketplace/src/app"
2026-01-18T02:01:16.185166Z  INFO get_files:scan_sources: tailwindcss_oxide::scanner: Discovering "/Users/zachmcnair/repos/think/think-marketplace/src/app/submit"
2026-01-18T02:01:16.185217Z  INFO get_files:scan_sources: tailwindcss_oxide::scanner: Discovering "/Users/zachmcnair/repos/think/think-marketplace/src/app/about"
2026-01-18T02:01:16.185265Z  INFO get_files:scan_sources: tailwindcss_oxide::scanner: Discovering "/Users/zachmcnair/repos/think/think-marketplace/src/app/browse"
2026-01-18T02:01:16.185317Z  INFO get_files:scan_sources: tailwindcss_oxide::scanner: Discovering "/Users/zachmcnair/repos/think/think-marketplace/src/app/listing"
2026-01-18T02:01:16.185356Z  INFO get_files:scan_sources: tailwindcss_oxide::scanner: Discovering "/Users/zachmcnair/repos/think/think-marketplace/src/app/listing/[slug]"
2026-01-18T02:01:16.185411Z  INFO get_files:scan_sources: tailwindcss_oxide::scanner: Discovering "/Users/zachmcnair/repos/think/think-marketplace/src/app/builder"
2026-01-18T02:01:16.185452Z  INFO get_files:scan_sources: tailwindcss_oxide::scanner: Discovering "/Users/zachmcnair/repos/think/think-marketplace/src/app/builder/[slug]"
2026-01-18T02:01:16.185509Z  INFO get_files:scan_sources: tailwindcss_oxide::scanner: Discovering "/Users/zachmcnair/repos/think/think-marketplace/src/components"
2026-01-18T02:01:16.185555Z  INFO get_files:scan_sources: tailwindcss_oxide::scanner: Discovering "/Users/zachmcnair/repos/think/think-marketplace/src/components/ui"
2026-01-18T02:01:16.185666Z  INFO get_files:scan_sources: tailwindcss_oxide::scanner: Discovering "/Users/zachmcnair/repos/think/think-marketplace/src/components/layout"
2026-01-18T02:01:16.185732Z  INFO get_files:scan_sources: tailwindcss_oxide::scanner: Discovering "/Users/zachmcnair/repos/think/think-marketplace/src/lib"
2026-01-18T02:01:16.185772Z  INFO get_files:scan_sources: tailwindcss_oxide::scanner: Discovering "/Users/zachmcnair/repos/think/think-marketplace/src/lib/supabase"
2026-01-18T02:01:16.185852Z  INFO get_files:scan_sources: tailwindcss_oxide::scanner: Discovering "/Users/zachmcnair/repos/think/think-marketplace/src/lib/data"
2026-01-18T02:01:16.185901Z  INFO get_files:scan_sources: tailwindcss_oxide::scanner: exit
2026-01-18T02:01:16.186131Z  INFO get_files: tailwindcss_oxide::scanner: exit
2026-01-18T02:01:16.186237Z  INFO get_globs: tailwindcss_oxide::scanner: enter
2026-01-18T02:01:16.186245Z  INFO get_globs: tailwindcss_oxide::scanner: exit
2026-01-18T02:01:50.244082Z  INFO scan_sources: tailwindcss_oxide::scanner: enter
2026-01-18T02:01:50.244641Z  INFO scan_sources: tailwindcss_oxide::scanner: Discovering "/Users/zachmcnair/repos/think/think-marketplace/public"
2026-01-18T02:01:50.244824Z  INFO scan_sources: tailwindcss_oxide::scanner: Discovering "/Users/zachmcnair/repos/think/think-marketplace/src"
2026-01-18T02:01:50.244866Z  INFO scan_sources: tailwindcss_oxide::scanner: Discovering "/Users/zachmcnair/repos/think/think-marketplace/src/types"
2026-01-18T02:01:50.244915Z  INFO scan_sources: tailwindcss_oxide::scanner: Discovering "/Users/zachmcnair/repos/think/think-marketplace/src/app"
2026-01-18T02:01:50.244956Z  INFO scan_sources: tailwindcss_oxide::scanner: Discovering "/Users/zachmcnair/repos/think/think-marketplace/src/app/submit"
2026-01-18T02:01:50.245007Z  INFO scan_sources: tailwindcss_oxide::scanner: Discovering "/Users/zachmcnair/repos/think/think-marketplace/src/app/about"
2026-01-18T02:01:50.245053Z  INFO scan_sources: tailwindcss_oxide::scanner: Discovering "/Users/zachmcnair/repos/think/think-marketplace/src/app/browse"
2026-01-18T02:01:50.245097Z  INFO scan_sources: tailwindcss_oxide::scanner: Discovering "/Users/zachmcnair/repos/think/think-marketplace/src/app/listing"
2026-01-18T02:01:50.245136Z  INFO scan_sources: tailwindcss_oxide::scanner: Discovering "/Users/zachmcnair/repos/think/think-marketplace/src/app/listing/[slug]"
2026-01-18T02:01:50.245180Z  INFO scan_sources: tailwindcss_oxide::scanner: Discovering "/Users/zachmcnair/repos/think/think-marketplace/src/app/builder"
2026-01-18T02:01:50.245214Z  INFO scan_sources: tailwindcss_oxide::scanner: Discovering "/Users/zachmcnair/repos/think/think-marketplace/src/app/builder/[slug]"
2026-01-18T02:01:50.245270Z  INFO scan_sources: tailwindcss_oxide::scanner: Discovering "/Users/zachmcnair/repos/think/think-marketplace/src/components"
2026-01-18T02:01:50.245314Z  INFO scan_sources: tailwindcss_oxide::scanner: Discovering "/Users/zachmcnair/repos/think/think-marketplace/src/components/ui"
2026-01-18T02:01:50.245430Z  INFO scan_sources: tailwindcss_oxide::scanner: Discovering "/Users/zachmcnair/repos/think/think-marketplace/src/components/layout"
2026-01-18T02:01:50.245477Z  INFO scan_sources: tailwindcss_oxide::scanner: Discovering "/Users/zachmcnair/repos/think/think-marketplace/src/components/featured-carousel.tsx"
2026-01-18T02:01:50.245502Z  INFO scan_sources: tailwindcss_oxide::scanner: Discovering "/Users/zachmcnair/repos/think/think-marketplace/src/lib"
2026-01-18T02:01:50.245540Z  INFO scan_sources: tailwindcss_oxide::scanner: Discovering "/Users/zachmcnair/repos/think/think-marketplace/src/lib/supabase"
2026-01-18T02:01:50.245590Z  INFO scan_sources: tailwindcss_oxide::scanner: Discovering "/Users/zachmcnair/repos/think/think-marketplace/src/lib/data"
2026-01-18T02:01:50.245629Z  INFO scan_sources: tailwindcss_oxide::scanner: exit
2026-01-18T02:01:50.245635Z  INFO extract_candidates: tailwindcss_oxide::scanner: enter
2026-01-18T02:01:50.245639Z  INFO extract_candidates:read_all_files: tailwindcss_oxide::scanner: enter
2026-01-18T02:01:50.245642Z  INFO extract_candidates:read_all_files: tailwindcss_oxide::scanner: Reading 1 file(s)
2026-01-18T02:01:50.245666Z  INFO extract_candidates:read_all_files: tailwindcss_oxide::scanner: Reading "/Users/zachmcnair/repos/think/think-marketplace/src/components/featured-carousel.tsx"
2026-01-18T02:01:50.245672Z  INFO extract_candidates:read_all_files: tailwindcss_oxide::scanner: exit
2026-01-18T02:01:50.245676Z  INFO extract_candidates:parse_all_blobs: tailwindcss_oxide::scanner: enter
2026-01-18T02:01:50.245679Z  INFO extract_candidates:parse_all_blobs:extract: tailwindcss_oxide::scanner: enter
2026-01-18T02:01:50.245879Z  INFO extract_candidates:parse_all_blobs:extract: tailwindcss_oxide::scanner: exit
2026-01-18T02:01:50.245921Z  INFO extract_candidates:parse_all_blobs: tailwindcss_oxide::scanner: exit
2026-01-18T02:01:50.246043Z  INFO extract_candidates: tailwindcss_oxide::scanner: exit
2026-01-18T02:01:50.246496Z  INFO get_files: tailwindcss_oxide::scanner: enter
2026-01-18T02:01:50.246505Z  INFO get_files:scan_sources: tailwindcss_oxide::scanner: enter
2026-01-18T02:01:50.247013Z  INFO get_files:scan_sources: tailwindcss_oxide::scanner: Discovering "/Users/zachmcnair/repos/think/think-marketplace/public"
2026-01-18T02:01:50.247191Z  INFO get_files:scan_sources: tailwindcss_oxide::scanner: Discovering "/Users/zachmcnair/repos/think/think-marketplace/src"
2026-01-18T02:01:50.247231Z  INFO get_files:scan_sources: tailwindcss_oxide::scanner: Discovering "/Users/zachmcnair/repos/think/think-marketplace/src/types"
2026-01-18T02:01:50.247279Z  INFO get_files:scan_sources: tailwindcss_oxide::scanner: Discovering "/Users/zachmcnair/repos/think/think-marketplace/src/app"
2026-01-18T02:01:50.247319Z  INFO get_files:scan_sources: tailwindcss_oxide::scanner: Discovering "/Users/zachmcnair/repos/think/think-marketplace/src/app/submit"
2026-01-18T02:01:50.247369Z  INFO get_files:scan_sources: tailwindcss_oxide::scanner: Discovering "/Users/zachmcnair/repos/think/think-marketplace/src/app/about"
2026-01-18T02:01:50.247414Z  INFO get_files:scan_sources: tailwindcss_oxide::scanner: Discovering "/Users/zachmcnair/repos/think/think-marketplace/src/app/browse"
2026-01-18T02:01:50.247456Z  INFO get_files:scan_sources: tailwindcss_oxide::scanner: Discovering "/Users/zachmcnair/repos/think/think-marketplace/src/app/listing"
2026-01-18T02:01:50.247493Z  INFO get_files:scan_sources: tailwindcss_oxide::scanner: Discovering "/Users/zachmcnair/repos/think/think-marketplace/src/app/listing/[slug]"
2026-01-18T02:01:50.247535Z  INFO get_files:scan_sources: tailwindcss_oxide::scanner: Discovering "/Users/zachmcnair/repos/think/think-marketplace/src/app/builder"
2026-01-18T02:01:50.247568Z  INFO get_files:scan_sources: tailwindcss_oxide::scanner: Discovering "/Users/zachmcnair/repos/think/think-marketplace/src/app/builder/[slug]"
2026-01-18T02:01:50.247623Z  INFO get_files:scan_sources: tailwindcss_oxide::scanner: Discovering "/Users/zachmcnair/repos/think/think-marketplace/src/components"
2026-01-18T02:01:50.247710Z  INFO get_files:scan_sources: tailwindcss_oxide::scanner: Discovering "/Users/zachmcnair/repos/think/think-marketplace/src/components/ui"
2026-01-18T02:01:50.247822Z  INFO get_files:scan_sources: tailwindcss_oxide::scanner: Discovering "/Users/zachmcnair/repos/think/think-marketplace/src/components/layout"
2026-01-18T02:01:50.247886Z  INFO get_files:scan_sources: tailwindcss_oxide::scanner: Discovering "/Users/zachmcnair/repos/think/think-marketplace/src/lib"
2026-01-18T02:01:50.247926Z  INFO get_files:scan_sources: tailwindcss_oxide::scanner: Discovering "/Users/zachmcnair/repos/think/think-marketplace/src/lib/supabase"
2026-01-18T02:01:50.247977Z  INFO get_files:scan_sources: tailwindcss_oxide::scanner: Discovering "/Users/zachmcnair/repos/think/think-marketplace/src/lib/data"
2026-01-18T02:01:50.248017Z  INFO get_files:scan_sources: tailwindcss_oxide::scanner: exit
2026-01-18T02:01:50.248092Z  INFO get_files: tailwindcss_oxide::scanner: exit
2026-01-18T02:01:50.248178Z  INFO get_globs: tailwindcss_oxide::scanner: enter
2026-01-18T02:01:50.248186Z  INFO get_globs: tailwindcss_oxide::scanner: exit
